<?xml version="1.0" encoding="UTF-8" ?>
<testsuite tests="3" failures="0" name="auction.service.ItemsFromSellerTest" time="0.044" errors="3" skipped="0">
  <properties>
    <property name="java.runtime.name" value="Java(TM) SE Runtime Environment"/>
    <property name="sun.boot.library.path" value="C:\Program Files\Java\jdk1.8.0_31\jre\bin"/>
    <property name="java.vm.version" value="25.31-b07"/>
    <property name="java.vm.vendor" value="Oracle Corporation"/>
    <property name="java.vendor.url" value="http://java.oracle.com/"/>
    <property name="path.separator" value=";"/>
    <property name="guice.disable.misplaced.annotation.check" value="true"/>
    <property name="java.vm.name" value="Java HotSpot(TM) 64-Bit Server VM"/>
    <property name="file.encoding.pkg" value="sun.io"/>
    <property name="user.script" value=""/>
    <property name="user.country" value="NL"/>
    <property name="sun.java.launcher" value="SUN_STANDARD"/>
    <property name="sun.os.patch.level" value="Service Pack 1"/>
    <property name="java.vm.specification.name" value="Java Virtual Machine Specification"/>
    <property name="user.dir" value="C:\Users\Remi_Arts\Desktop\Maatwerk\SE42\Opdrachten\SE42\SE42-master\Webservice\auction_3"/>
    <property name="java.runtime.version" value="1.8.0_31-b13"/>
    <property name="java.awt.graphicsenv" value="sun.awt.Win32GraphicsEnvironment"/>
    <property name="java.endorsed.dirs" value="C:\Program Files\Java\jdk1.8.0_31\jre\lib\endorsed"/>
    <property name="os.arch" value="amd64"/>
    <property name="java.io.tmpdir" value="C:\Users\REMI_A~1\AppData\Local\Temp\"/>
    <property name="line.separator" value="
"/>
    <property name="java.vm.specification.vendor" value="Oracle Corporation"/>
    <property name="user.variant" value=""/>
    <property name="os.name" value="Windows 7"/>
    <property name="maven.ext.class.path" value="C:\Users\Remi_Arts\AppData\Roaming\NetBeans\8.0.2\maven-nblib\netbeans-eventspy.jar"/>
    <property name="classworlds.conf" value="C:\Program Files (x86)\NetBeans 8.0.2\java\maven\bin\m2.conf"/>
    <property name="sun.jnu.encoding" value="Cp1252"/>
    <property name="java.library.path" value="C:\Program Files\Java\jdk1.8.0_31\bin;C:\Windows\Sun\Java\bin;C:\Windows\system32;C:\Windows;C:\ProgramData\Oracle\Java\javapath;C:\Program Files (x86)\NVIDIA Corporation\PhysX\Common;D:\app\Remi_Arts\product\11.2.0\client_1;D:\app\Remi_Arts\product\11.2.0\client_1\bin;C:\Windows\system32;C:\Windows;C:\Windows\System32\Wbem;C:\Windows\System32\WindowsPowerShell\v1.0\;C:\Program Files (x86)\Microsoft SQL Server\100\Tools\Binn\;C:\Program Files\Microsoft SQL Server\100\Tools\Binn\;C:\Program Files\Microsoft SQL Server\100\DTS\Binn\;C:\Program Files\Microsoft\Web Platform Installer\;C:\Program Files (x86)\Microsoft ASP.NET\ASP.NET Web Pages\v1.0\;C:\Program Files\Microsoft SQL Server\110\Tools\Binn\;C:\Program Files\TortoiseSVN\bin;C:\Program Files\Java\jdk1.7.0_17\bin;C:\Program Files (x86)\Windows Kits\8.1\Windows Performance Toolkit\;C:\Program Files\Java\jdk1.8.0_31/bin;C:\Program Files\Apache Maven\bin;C:\Program Files\NetBeans 7.4\java\maven\bin;C:\Program Files (x86)\GtkSharp\2.12\bin;C:\Program Files (x86)\Skype\Phone\;C:\Program Files (x86)\NVIDIA Corporation\PhysX\Common;D:\app\Remi_Arts\product\11.2.0\client_1;D:\app\Remi_Arts\product\11.2.0\client_1\bin;C:\Windows\system32;C:\Windows;C:\Windows\System32\Wbem;C:\Windows\System32\WindowsPowerShell\v1.0\;C:\Program Files (x86)\Microsoft SQL Server\100\Tools\Binn\;C:\Program Files\Microsoft SQL Server\100\Tools\Binn\;C:\Program Files\Microsoft SQL Server\100\DTS\Binn\;C:\Program Files\Microsoft\Web Platform Installer\;C:\Program Files (x86)\Microsoft ASP.NET\ASP.NET Web Pages\v1.0\;C:\Program Files\Microsoft SQL Server\110\Tools\Binn\;C:\Program Files\TortoiseSVN\bin;C:\Program Files\Java\jdk1.7.0_17\bin;C:\Program Files (x86)\Windows Kits\8.1\Windows Performance Toolkit\;C:\Program Files (x86)\Java\jdk1.7.0_25/bin;C:\Program Files\Apache Maven\bin;C:\Program Files\NetBeans 7.4\java\maven\bin;c:\python27;."/>
    <property name="java.specification.name" value="Java Platform API Specification"/>
    <property name="java.class.version" value="52.0"/>
    <property name="sun.management.compiler" value="HotSpot 64-Bit Tiered Compilers"/>
    <property name="os.version" value="6.1"/>
    <property name="user.home" value="C:\Users\Remi_Arts"/>
    <property name="user.timezone" value="Europe/Berlin"/>
    <property name="java.awt.printerjob" value="sun.awt.windows.WPrinterJob"/>
    <property name="java.specification.version" value="1.8"/>
    <property name="file.encoding" value="UTF-8"/>
    <property name="user.name" value="Remi_Arts"/>
    <property name="java.class.path" value="C:\Program Files (x86)\NetBeans 8.0.2\java\maven\boot\plexus-classworlds-2.4.jar"/>
    <property name="java.vm.specification.version" value="1.8"/>
    <property name="sun.arch.data.model" value="64"/>
    <property name="java.home" value="C:\Program Files\Java\jdk1.8.0_31\jre"/>
    <property name="sun.java.command" value="org.codehaus.plexus.classworlds.launcher.Launcher -Dmaven.ext.class.path=C:\Users\Remi_Arts\AppData\Roaming\NetBeans\8.0.2\maven-nblib\netbeans-eventspy.jar -Dfile.encoding=UTF-8 clean install"/>
    <property name="java.specification.vendor" value="Oracle Corporation"/>
    <property name="user.language" value="nl"/>
    <property name="awt.toolkit" value="sun.awt.windows.WToolkit"/>
    <property name="java.vm.info" value="mixed mode"/>
    <property name="java.version" value="1.8.0_31"/>
    <property name="java.ext.dirs" value="C:\Program Files\Java\jdk1.8.0_31\jre\lib\ext;C:\Windows\Sun\Java\lib\ext"/>
    <property name="sun.boot.class.path" value="C:\Program Files\Java\jdk1.8.0_31\jre\lib\resources.jar;C:\Program Files\Java\jdk1.8.0_31\jre\lib\rt.jar;C:\Program Files\Java\jdk1.8.0_31\jre\lib\sunrsasign.jar;C:\Program Files\Java\jdk1.8.0_31\jre\lib\jsse.jar;C:\Program Files\Java\jdk1.8.0_31\jre\lib\jce.jar;C:\Program Files\Java\jdk1.8.0_31\jre\lib\charsets.jar;C:\Program Files\Java\jdk1.8.0_31\jre\lib\jfr.jar;C:\Program Files\Java\jdk1.8.0_31\jre\classes"/>
    <property name="java.vendor" value="Oracle Corporation"/>
    <property name="maven.home" value="C:\Program Files (x86)\NetBeans 8.0.2\java\maven"/>
    <property name="file.separator" value="\"/>
    <property name="java.vendor.url.bug" value="http://bugreport.sun.com/bugreport/"/>
    <property name="sun.cpu.endian" value="little"/>
    <property name="sun.io.unicode.encoding" value="UnicodeLittle"/>
    <property name="sun.desktop" value="windows"/>
    <property name="sun.cpu.isalist" value="amd64"/>
  </properties>
  <testcase classname="auction.service.ItemsFromSellerTest" name="biDirectionalTest" time="0.001">
    <error type="java.lang.NullPointerException">java.lang.NullPointerException
	at auction.domain.User.addItem(User.java:63)
	at auction.domain.Item.&lt;init&gt;(Item.java:69)
	at auction.service.SellerMgr.offerItem(SellerMgr.java:26)
	at auction.service.ItemsFromSellerTest.biDirectionalTest(ItemsFromSellerTest.java:144)
	at sun.reflect.NativeMethodAccessorImpl.invoke0(Native Method)
	at sun.reflect.NativeMethodAccessorImpl.invoke(NativeMethodAccessorImpl.java:62)
	at sun.reflect.DelegatingMethodAccessorImpl.invoke(DelegatingMethodAccessorImpl.java:43)
	at java.lang.reflect.Method.invoke(Method.java:483)
	at org.junit.runners.model.FrameworkMethod$1.runReflectiveCall(FrameworkMethod.java:47)
	at org.junit.internal.runners.model.ReflectiveCallable.run(ReflectiveCallable.java:12)
	at org.junit.runners.model.FrameworkMethod.invokeExplosively(FrameworkMethod.java:44)
	at org.junit.internal.runners.statements.InvokeMethod.evaluate(InvokeMethod.java:17)
	at org.junit.internal.runners.statements.RunBefores.evaluate(RunBefores.java:26)
	at org.junit.runners.ParentRunner.runLeaf(ParentRunner.java:271)
	at org.junit.runners.BlockJUnit4ClassRunner.runChild(BlockJUnit4ClassRunner.java:70)
	at org.junit.runners.BlockJUnit4ClassRunner.runChild(BlockJUnit4ClassRunner.java:50)
	at org.junit.runners.ParentRunner$3.run(ParentRunner.java:238)
	at org.junit.runners.ParentRunner$1.schedule(ParentRunner.java:63)
	at org.junit.runners.ParentRunner.runChildren(ParentRunner.java:236)
	at org.junit.runners.ParentRunner.access$000(ParentRunner.java:53)
	at org.junit.runners.ParentRunner$2.evaluate(ParentRunner.java:229)
	at org.junit.runners.ParentRunner.run(ParentRunner.java:309)
	at org.apache.maven.surefire.junit4.JUnit4TestSet.execute(JUnit4TestSet.java:53)
	at org.apache.maven.surefire.junit4.JUnit4Provider.executeTestSet(JUnit4Provider.java:123)
	at org.apache.maven.surefire.junit4.JUnit4Provider.invoke(JUnit4Provider.java:104)
	at sun.reflect.NativeMethodAccessorImpl.invoke0(Native Method)
	at sun.reflect.NativeMethodAccessorImpl.invoke(NativeMethodAccessorImpl.java:62)
	at sun.reflect.DelegatingMethodAccessorImpl.invoke(DelegatingMethodAccessorImpl.java:43)
	at java.lang.reflect.Method.invoke(Method.java:483)
	at org.apache.maven.surefire.util.ReflectionUtils.invokeMethodWithArray(ReflectionUtils.java:164)
	at org.apache.maven.surefire.booter.ProviderFactory$ProviderProxy.invoke(ProviderFactory.java:110)
	at org.apache.maven.surefire.booter.SurefireStarter.invokeProvider(SurefireStarter.java:175)
	at org.apache.maven.surefire.booter.SurefireStarter.runSuitesInProcessWhenForked(SurefireStarter.java:107)
	at org.apache.maven.surefire.booter.ForkedBooter.main(ForkedBooter.java:68)
</error>
    <system-out>[EL Fine]: sql: 2015-06-16 09:30:21.076--ClientSession(1403495948)--Connection(1668004795)--Thread(Thread[main,5,main])--SET FOREIGN_KEY_CHECKS=0;
[EL Fine]: sql: 2015-06-16 09:30:21.077--ClientSession(1403495948)--Connection(1668004795)--Thread(Thread[main,5,main])--DELETE FROM USER
[EL Fine]: sql: 2015-06-16 09:30:21.077--ClientSession(1403495948)--Connection(1668004795)--Thread(Thread[main,5,main])--DELETE FROM ITEM
[EL Fine]: sql: 2015-06-16 09:30:21.078--ClientSession(1403495948)--Connection(1668004795)--Thread(Thread[main,5,main])--DELETE FROM CATEGORY
[EL Fine]: sql: 2015-06-16 09:30:21.078--ClientSession(1403495948)--Connection(1668004795)--Thread(Thread[main,5,main])--DELETE FROM BID
[EL Fine]: sql: 2015-06-16 09:30:21.079--ClientSession(1403495948)--Connection(1668004795)--Thread(Thread[main,5,main])--SET FOREIGN_KEY_CHECKS=1;
[EL Fine]: sql: 2015-06-16 09:30:21.081--ServerSession(868737467)--Connection(1668004795)--Thread(Thread[main,5,main])--SELECT EMAIL FROM USER WHERE (EMAIL = ?)
	bind =&gt; [aa@aa.xx]
[EL Fine]: sql: 2015-06-16 09:30:21.082--ServerSession(868737467)--Connection(1668004795)--Thread(Thread[main,5,main])--SELECT EMAIL FROM USER WHERE (EMAIL = ?)
	bind =&gt; [aa@aa.xx]
[EL Fine]: sql: 2015-06-16 09:30:21.083--ServerSession(868737467)--Connection(1668004795)--Thread(Thread[main,5,main])--SELECT EMAIL FROM USER WHERE (EMAIL = ?)
	bind =&gt; [bb@aa.xx]
[EL Fine]: sql: 2015-06-16 09:30:21.084--ServerSession(868737467)--Connection(1668004795)--Thread(Thread[main,5,main])--SELECT EMAIL FROM USER WHERE (EMAIL = ?)
	bind =&gt; [bb@aa.xx]
[EL Fine]: sql: 2015-06-16 09:30:21.092--ClientSession(2041742635)--Connection(1668004795)--Thread(Thread[main,5,main])--INSERT INTO CATEGORY (DESCRIPTION) VALUES (?)
	bind =&gt; [somedesc]
bb@aa.xx
</system-out>
  </testcase>
  <testcase classname="auction.service.ItemsFromSellerTest" name="numberOfOfferdItems" time="0.008">
    <error type="java.lang.NullPointerException">java.lang.NullPointerException
	at auction.domain.User.numberOfOfferdItems(User.java:58)
	at auction.service.ItemsFromSellerTest.numberOfOfferdItems(ItemsFromSellerTest.java:46)
	at sun.reflect.NativeMethodAccessorImpl.invoke0(Native Method)
	at sun.reflect.NativeMethodAccessorImpl.invoke(NativeMethodAccessorImpl.java:62)
	at sun.reflect.DelegatingMethodAccessorImpl.invoke(DelegatingMethodAccessorImpl.java:43)
	at java.lang.reflect.Method.invoke(Method.java:483)
	at org.junit.runners.model.FrameworkMethod$1.runReflectiveCall(FrameworkMethod.java:47)
	at org.junit.internal.runners.model.ReflectiveCallable.run(ReflectiveCallable.java:12)
	at org.junit.runners.model.FrameworkMethod.invokeExplosively(FrameworkMethod.java:44)
	at org.junit.internal.runners.statements.InvokeMethod.evaluate(InvokeMethod.java:17)
	at org.junit.internal.runners.statements.RunBefores.evaluate(RunBefores.java:26)
	at org.junit.runners.ParentRunner.runLeaf(ParentRunner.java:271)
	at org.junit.runners.BlockJUnit4ClassRunner.runChild(BlockJUnit4ClassRunner.java:70)
	at org.junit.runners.BlockJUnit4ClassRunner.runChild(BlockJUnit4ClassRunner.java:50)
	at org.junit.runners.ParentRunner$3.run(ParentRunner.java:238)
	at org.junit.runners.ParentRunner$1.schedule(ParentRunner.java:63)
	at org.junit.runners.ParentRunner.runChildren(ParentRunner.java:236)
	at org.junit.runners.ParentRunner.access$000(ParentRunner.java:53)
	at org.junit.runners.ParentRunner$2.evaluate(ParentRunner.java:229)
	at org.junit.runners.ParentRunner.run(ParentRunner.java:309)
	at org.apache.maven.surefire.junit4.JUnit4TestSet.execute(JUnit4TestSet.java:53)
	at org.apache.maven.surefire.junit4.JUnit4Provider.executeTestSet(JUnit4Provider.java:123)
	at org.apache.maven.surefire.junit4.JUnit4Provider.invoke(JUnit4Provider.java:104)
	at sun.reflect.NativeMethodAccessorImpl.invoke0(Native Method)
	at sun.reflect.NativeMethodAccessorImpl.invoke(NativeMethodAccessorImpl.java:62)
	at sun.reflect.DelegatingMethodAccessorImpl.invoke(DelegatingMethodAccessorImpl.java:43)
	at java.lang.reflect.Method.invoke(Method.java:483)
	at org.apache.maven.surefire.util.ReflectionUtils.invokeMethodWithArray(ReflectionUtils.java:164)
	at org.apache.maven.surefire.booter.ProviderFactory$ProviderProxy.invoke(ProviderFactory.java:110)
	at org.apache.maven.surefire.booter.SurefireStarter.invokeProvider(SurefireStarter.java:175)
	at org.apache.maven.surefire.booter.SurefireStarter.runSuitesInProcessWhenForked(SurefireStarter.java:107)
	at org.apache.maven.surefire.booter.ForkedBooter.main(ForkedBooter.java:68)
</error>
    <system-out>[EL Fine]: sql: 2015-06-16 09:30:21.328--ClientSession(130211746)--Connection(1668004795)--Thread(Thread[main,5,main])--SET FOREIGN_KEY_CHECKS=0;
[EL Fine]: sql: 2015-06-16 09:30:21.329--ClientSession(130211746)--Connection(1668004795)--Thread(Thread[main,5,main])--DELETE FROM USER
[EL Fine]: sql: 2015-06-16 09:30:21.33--ClientSession(130211746)--Connection(1668004795)--Thread(Thread[main,5,main])--DELETE FROM ITEM
[EL Fine]: sql: 2015-06-16 09:30:21.331--ClientSession(130211746)--Connection(1668004795)--Thread(Thread[main,5,main])--DELETE FROM CATEGORY
[EL Fine]: sql: 2015-06-16 09:30:21.332--ClientSession(130211746)--Connection(1668004795)--Thread(Thread[main,5,main])--DELETE FROM BID
[EL Fine]: sql: 2015-06-16 09:30:21.333--ClientSession(130211746)--Connection(1668004795)--Thread(Thread[main,5,main])--SET FOREIGN_KEY_CHECKS=1;
[EL Fine]: sql: 2015-06-16 09:30:21.336--ServerSession(868737467)--Connection(1668004795)--Thread(Thread[main,5,main])--SELECT EMAIL FROM USER WHERE (EMAIL = ?)
	bind =&gt; [ifu1@nl]
[EL Fine]: sql: 2015-06-16 09:30:21.337--ServerSession(868737467)--Connection(1668004795)--Thread(Thread[main,5,main])--SELECT EMAIL FROM USER WHERE (EMAIL = ?)
	bind =&gt; [ifu1@nl]
</system-out>
  </testcase>
  <testcase classname="auction.service.ItemsFromSellerTest" name="getItemsFromSeller" time="0.028">
    <error type="java.lang.NullPointerException">java.lang.NullPointerException
	at auction.domain.User.addItem(User.java:63)
	at auction.domain.Item.&lt;init&gt;(Item.java:69)
	at auction.service.SellerMgr.offerItem(SellerMgr.java:26)
	at auction.service.ItemsFromSellerTest.getItemsFromSeller(ItemsFromSellerTest.java:105)
	at sun.reflect.NativeMethodAccessorImpl.invoke0(Native Method)
	at sun.reflect.NativeMethodAccessorImpl.invoke(NativeMethodAccessorImpl.java:62)
	at sun.reflect.DelegatingMethodAccessorImpl.invoke(DelegatingMethodAccessorImpl.java:43)
	at java.lang.reflect.Method.invoke(Method.java:483)
	at org.junit.runners.model.FrameworkMethod$1.runReflectiveCall(FrameworkMethod.java:47)
	at org.junit.internal.runners.model.ReflectiveCallable.run(ReflectiveCallable.java:12)
	at org.junit.runners.model.FrameworkMethod.invokeExplosively(FrameworkMethod.java:44)
	at org.junit.internal.runners.statements.InvokeMethod.evaluate(InvokeMethod.java:17)
	at org.junit.internal.runners.statements.RunBefores.evaluate(RunBefores.java:26)
	at org.junit.runners.ParentRunner.runLeaf(ParentRunner.java:271)
	at org.junit.runners.BlockJUnit4ClassRunner.runChild(BlockJUnit4ClassRunner.java:70)
	at org.junit.runners.BlockJUnit4ClassRunner.runChild(BlockJUnit4ClassRunner.java:50)
	at org.junit.runners.ParentRunner$3.run(ParentRunner.java:238)
	at org.junit.runners.ParentRunner$1.schedule(ParentRunner.java:63)
	at org.junit.runners.ParentRunner.runChildren(ParentRunner.java:236)
	at org.junit.runners.ParentRunner.access$000(ParentRunner.java:53)
	at org.junit.runners.ParentRunner$2.evaluate(ParentRunner.java:229)
	at org.junit.runners.ParentRunner.run(ParentRunner.java:309)
	at org.apache.maven.surefire.junit4.JUnit4TestSet.execute(JUnit4TestSet.java:53)
	at org.apache.maven.surefire.junit4.JUnit4Provider.executeTestSet(JUnit4Provider.java:123)
	at org.apache.maven.surefire.junit4.JUnit4Provider.invoke(JUnit4Provider.java:104)
	at sun.reflect.NativeMethodAccessorImpl.invoke0(Native Method)
	at sun.reflect.NativeMethodAccessorImpl.invoke(NativeMethodAccessorImpl.java:62)
	at sun.reflect.DelegatingMethodAccessorImpl.invoke(DelegatingMethodAccessorImpl.java:43)
	at java.lang.reflect.Method.invoke(Method.java:483)
	at org.apache.maven.surefire.util.ReflectionUtils.invokeMethodWithArray(ReflectionUtils.java:164)
	at org.apache.maven.surefire.booter.ProviderFactory$ProviderProxy.invoke(ProviderFactory.java:110)
	at org.apache.maven.surefire.booter.SurefireStarter.invokeProvider(SurefireStarter.java:175)
	at org.apache.maven.surefire.booter.SurefireStarter.runSuitesInProcessWhenForked(SurefireStarter.java:107)
	at org.apache.maven.surefire.booter.ForkedBooter.main(ForkedBooter.java:68)
</error>
    <system-out>[EL Fine]: sql: 2015-06-16 09:30:21.352--ClientSession(1802188146)--Connection(1668004795)--Thread(Thread[main,5,main])--SET FOREIGN_KEY_CHECKS=0;
[EL Fine]: sql: 2015-06-16 09:30:21.354--ClientSession(1802188146)--Connection(1668004795)--Thread(Thread[main,5,main])--DELETE FROM USER
[EL Fine]: sql: 2015-06-16 09:30:21.356--ClientSession(1802188146)--Connection(1668004795)--Thread(Thread[main,5,main])--DELETE FROM ITEM
[EL Fine]: sql: 2015-06-16 09:30:21.357--ClientSession(1802188146)--Connection(1668004795)--Thread(Thread[main,5,main])--DELETE FROM CATEGORY
[EL Fine]: sql: 2015-06-16 09:30:21.358--ClientSession(1802188146)--Connection(1668004795)--Thread(Thread[main,5,main])--DELETE FROM BID
[EL Fine]: sql: 2015-06-16 09:30:21.359--ClientSession(1802188146)--Connection(1668004795)--Thread(Thread[main,5,main])--SET FOREIGN_KEY_CHECKS=1;
[EL Fine]: sql: 2015-06-16 09:30:21.367--ClientSession(940448009)--Connection(1668004795)--Thread(Thread[main,5,main])--INSERT INTO CATEGORY (DESCRIPTION) VALUES (?)
	bind =&gt; [cat2]
[EL Fine]: sql: 2015-06-16 09:30:21.37--ServerSession(868737467)--Connection(1668004795)--Thread(Thread[main,5,main])--SELECT EMAIL FROM USER WHERE (EMAIL = ?)
	bind =&gt; [ifu1@nl]
[EL Fine]: sql: 2015-06-16 09:30:21.371--ServerSession(868737467)--Connection(1668004795)--Thread(Thread[main,5,main])--SELECT EMAIL FROM USER WHERE (EMAIL = ?)
	bind =&gt; [ifu1@nl]
ifu1@nl
</system-out>
  </testcase>
</testsuite>