<?xml version="1.0" encoding="UTF-8"?>
<TestRun id="d275654f-e93d-48bb-b63d-ba6118c99b3d" name="Teun@TEUN-LAPTOP 2011-04-03 16:45:40" runUser="teun-laptop\Teun" xmlns="http://microsoft.com/schemas/VisualStudio/TeamTest/2010">
  <TestSettings name="Local" id="2b68a593-5016-4f07-a027-9915f9ae16af">
    <Description>These are default test settings for a local test run.</Description>
    <Deployment userDeploymentRoot="C:\Users\Teun\Desktop\Reserveringssysteem\TestResults" useDefaultDeploymentRoot="false" enabled="false" runDeploymentRoot="Teun_TEUN-LAPTOP 2011-04-03 16_45_40">
      <DeploymentItem filename="C:\Users\Teun\Desktop\Reserveringssysteem\Reserveringssysteem\bin\Debug\Reserveringssysteem.exe" />
    </Deployment>
    <Execution>
      <TestTypeSpecific />
      <AgentRule name="Execution Agents">
      </AgentRule>
    </Execution>
  </TestSettings>
  <Times creation="2011-04-03T16:45:40.9670761+02:00" queuing="2011-04-03T16:45:43.2392060+02:00" start="2011-04-03T16:45:43.4602187+02:00" finish="2011-04-03T16:46:22.5384538+02:00" />
  <ResultSummary outcome="Error">
    <Counters total="1" executed="1" error="0" failed="0" timeout="0" aborted="1" inconclusive="0" passedButRunAborted="0" notRunnable="0" notExecuted="0" disconnected="0" warning="0" passed="0" completed="0" inProgress="0" pending="0" />
    <RunInfos>
      <RunInfo computerName="TEUN-LAPTOP" outcome="Warning" timestamp="2011-04-03T16:45:40.9710763+02:00">
        <Text>Deployment is currently disabled. The deployment item 'Reserveringssysteem.exe' on test 'Reserveringsapplicatie_TestCases.ReserveringFormTest.btnBevestig_ClickTest' was not deployed.</Text>
      </RunInfo>
      <RunInfo computerName="TEUN-LAPTOP" outcome="Error" timestamp="2011-04-03T16:46:22.5064520+02:00">
        <Text>Test host process exited unexpectedly.</Text>
      </RunInfo>
    </RunInfos>
  </ResultSummary>
  <TestDefinitions>
    <UnitTest name="btnBevestig_ClickTest" storage="c:\users\teun\desktop\reserveringssysteem\reserveringsapplicatie_testcases\bin\debug\reserveringsapplicatie_testcases.dll" id="3d76b8bc-2ee4-afed-b218-acf153587cb5">
      <DeploymentItems>
        <DeploymentItem filename="Reserveringssysteem.exe" />
      </DeploymentItems>
      <Execution id="7e22c3b8-a3e7-4f45-ad6e-682dcb68d7fc" />
      <TestMethod codeBase="C:/Users/Teun/Desktop/Reserveringssysteem/Reserveringsapplicatie_TestCases/bin/Debug/Reserveringsapplicatie_TestCases.DLL" adapterTypeName="Microsoft.VisualStudio.TestTools.TestTypes.Unit.UnitTestAdapter, Microsoft.VisualStudio.QualityTools.Tips.UnitTest.Adapter, Version=10.0.0.0, Culture=neutral, PublicKeyToken=b03f5f7f11d50a3a" className="Reserveringsapplicatie_TestCases.ReserveringFormTest, Reserveringsapplicatie_TestCases, Version=1.0.0.0, Culture=neutral, PublicKeyToken=null" name="btnBevestig_ClickTest" />
    </UnitTest>
  </TestDefinitions>
  <TestLists>
    <TestList name="Results Not in a List" id="8c84fa94-04c1-424b-9868-57a2d4851a1d" />
    <TestList name="All Loaded Results" id="19431567-8539-422a-85d7-44ee4e166bda" />
  </TestLists>
  <TestEntries>
    <TestEntry testId="3d76b8bc-2ee4-afed-b218-acf153587cb5" executionId="7e22c3b8-a3e7-4f45-ad6e-682dcb68d7fc" testListId="8c84fa94-04c1-424b-9868-57a2d4851a1d" />
  </TestEntries>
  <Results>
    <UnitTestResult executionId="7e22c3b8-a3e7-4f45-ad6e-682dcb68d7fc" testId="3d76b8bc-2ee4-afed-b218-acf153587cb5" testName="btnBevestig_ClickTest" computerName="TEUN-LAPTOP" duration="00:00:38.9622285" startTime="2011-04-03T16:45:43.5762253+02:00" endTime="2011-04-03T16:46:22.5384538+02:00" testType="13cdc9d9-ddb5-4fa4-a97d-d965ccfc6d4b" outcome="Aborted" testListId="8c84fa94-04c1-424b-9868-57a2d4851a1d" relativeResultsDirectory="7e22c3b8-a3e7-4f45-ad6e-682dcb68d7fc">
    </UnitTestResult>
  </Results>
</TestRun>