<?xml version="1.0" encoding="UTF-8"?>
<TestRun id="be698589-e031-4630-9872-274d027d45c3" name="Willem@WILLEM-LAPTOP 2011-04-04 12:28:15" runUser="Willem-laptop\Willem" xmlns="http://microsoft.com/schemas/VisualStudio/TeamTest/2010">
  <TestSettings name="Local" id="246b12c3-9259-4b94-bc30-027311afd960">
    <Description>These are default test settings for a local test run.</Description>
    <Deployment userDeploymentRoot="C:\Users\Willem\Documents\My Dropbox\S22 Groep C\Software Engineering\Project\MateriaalVerhuurApplicatie\TestResults" useDefaultDeploymentRoot="false" enabled="false" runDeploymentRoot="Willem_WILLEM-LAPTOP 2011-04-04 12_28_15">
      <DeploymentItem filename="C:\Users\Willem\Documents\My Dropbox\S22 Groep C\Software Engineering\Project\MateriaalVerhuurApplicatie\MateriaalVerhuurApplicatie\bin\Debug\MateriaalVerhuurApplicatie.exe" />
    </Deployment>
    <Execution>
      <TestTypeSpecific />
      <AgentRule name="Execution Agents">
      </AgentRule>
    </Execution>
  </TestSettings>
  <Times creation="2011-04-04T12:28:15.8391457+02:00" queuing="2011-04-04T12:28:16.1271622+02:00" start="2011-04-04T12:28:16.1991663+02:00" finish="2011-04-04T12:28:17.2652273+02:00" />
  <ResultSummary outcome="Completed">
    <Counters total="1" executed="1" passed="1" error="0" failed="0" timeout="0" aborted="0" inconclusive="0" passedButRunAborted="0" notRunnable="0" notExecuted="0" disconnected="0" warning="0" completed="0" inProgress="0" pending="0" />
  </ResultSummary>
  <TestDefinitions>
    <UnitTest name="getAantalUitgeleendTest" storage="c:\users\willem\documents\my dropbox\s22 groep c\software engineering\project\materiaalverhuurapplicatie\materiaalverhuurtests\bin\debug\materiaalverhuurtests.dll" id="131234a7-1171-1ceb-6b40-0e1d5ffd8388">
      <Execution id="3893fc0b-42fd-4656-91ed-165345fdac25" />
      <TestMethod codeBase="C:/Users/Willem/Documents/My Dropbox/S22 Groep C/Software Engineering/Project/MateriaalVerhuurApplicatie/MateriaalVerhuurTests/bin/Debug/MateriaalVerhuurTests.DLL" adapterTypeName="Microsoft.VisualStudio.TestTools.TestTypes.Unit.UnitTestAdapter, Microsoft.VisualStudio.QualityTools.Tips.UnitTest.Adapter, Version=10.0.0.0, Culture=neutral, PublicKeyToken=b03f5f7f11d50a3a" className="MateriaalVerhuurTests.DatabaseKoppelingTest, MateriaalVerhuurTests, Version=1.0.0.0, Culture=neutral, PublicKeyToken=null" name="getAantalUitgeleendTest" />
    </UnitTest>
  </TestDefinitions>
  <TestLists>
    <TestList name="Results Not in a List" id="8c84fa94-04c1-424b-9868-57a2d4851a1d" />
    <TestList name="All Loaded Results" id="19431567-8539-422a-85d7-44ee4e166bda" />
  </TestLists>
  <TestEntries>
    <TestEntry testId="131234a7-1171-1ceb-6b40-0e1d5ffd8388" executionId="3893fc0b-42fd-4656-91ed-165345fdac25" testListId="8c84fa94-04c1-424b-9868-57a2d4851a1d" />
  </TestEntries>
  <Results>
    <UnitTestResult executionId="3893fc0b-42fd-4656-91ed-165345fdac25" testId="131234a7-1171-1ceb-6b40-0e1d5ffd8388" testName="getAantalUitgeleendTest" computerName="WILLEM-LAPTOP" duration="00:00:00.4500376" startTime="2011-04-04T12:28:16.2641700+02:00" endTime="2011-04-04T12:28:17.1632215+02:00" testType="13cdc9d9-ddb5-4fa4-a97d-d965ccfc6d4b" outcome="Passed" testListId="8c84fa94-04c1-424b-9868-57a2d4851a1d" relativeResultsDirectory="3893fc0b-42fd-4656-91ed-165345fdac25">
    </UnitTestResult>
  </Results>
</TestRun>