<?xml version="1.0" encoding="UTF-8"?>
<TestRun id="8e86346f-4e6a-4896-bab5-46874b1431ac" name="Willem@WILLEM-LAPTOP 2011-04-04 12:34:23" runUser="Willem-laptop\Willem" xmlns="http://microsoft.com/schemas/VisualStudio/TeamTest/2010">
  <TestSettings name="Local" id="246b12c3-9259-4b94-bc30-027311afd960">
    <Description>These are default test settings for a local test run.</Description>
    <Deployment enabled="false" runDeploymentRoot="Willem_WILLEM-LAPTOP 2011-04-04 12_34_23">
      <DeploymentItem filename="C:\Users\Willem\Documents\My Dropbox\S22 Groep C\Software Engineering\Project\MateriaalVerhuurApplicatie\MateriaalVerhuurApplicatie\bin\Debug\MateriaalVerhuurApplicatie.exe" />
    </Deployment>
    <Execution>
      <TestTypeSpecific />
      <AgentRule name="Execution Agents">
      </AgentRule>
    </Execution>
  </TestSettings>
  <Times creation="2011-04-04T12:34:23.9742019+02:00" queuing="2011-04-04T12:34:24.3652242+02:00" start="2011-04-04T12:34:24.4632298+02:00" finish="2011-04-04T12:34:25.9593154+02:00" />
  <ResultSummary outcome="Completed">
    <Counters total="1" executed="1" passed="1" error="0" failed="0" timeout="0" aborted="0" inconclusive="0" passedButRunAborted="0" notRunnable="0" notExecuted="0" disconnected="0" warning="0" completed="0" inProgress="0" pending="0" />
  </ResultSummary>
  <TestDefinitions>
    <UnitTest name="getPersonenBijUitleningTest" storage="c:\users\willem\documents\my dropbox\s22 groep c\software engineering\project\materiaalverhuurapplicatie\materiaalverhuurtests\bin\debug\materiaalverhuurtests.dll" id="1a2829b3-2878-37d8-31e0-4511c24c1e2f">
      <Execution id="6af40e82-53dc-4689-a7b0-849f50e7fe21" />
      <TestMethod codeBase="C:/Users/Willem/Documents/My Dropbox/S22 Groep C/Software Engineering/Project/MateriaalVerhuurApplicatie/MateriaalVerhuurTests/bin/Debug/MateriaalVerhuurTests.DLL" adapterTypeName="Microsoft.VisualStudio.TestTools.TestTypes.Unit.UnitTestAdapter, Microsoft.VisualStudio.QualityTools.Tips.UnitTest.Adapter, Version=10.0.0.0, Culture=neutral, PublicKeyToken=b03f5f7f11d50a3a" className="MateriaalVerhuurTests.DatabaseKoppelingTest, MateriaalVerhuurTests, Version=1.0.0.0, Culture=neutral, PublicKeyToken=null" name="getPersonenBijUitleningTest" />
    </UnitTest>
  </TestDefinitions>
  <TestLists>
    <TestList name="Results Not in a List" id="8c84fa94-04c1-424b-9868-57a2d4851a1d" />
    <TestList name="All Loaded Results" id="19431567-8539-422a-85d7-44ee4e166bda" />
  </TestLists>
  <TestEntries>
    <TestEntry testId="1a2829b3-2878-37d8-31e0-4511c24c1e2f" executionId="6af40e82-53dc-4689-a7b0-849f50e7fe21" testListId="8c84fa94-04c1-424b-9868-57a2d4851a1d" />
  </TestEntries>
  <Results>
    <UnitTestResult executionId="6af40e82-53dc-4689-a7b0-849f50e7fe21" testId="1a2829b3-2878-37d8-31e0-4511c24c1e2f" testName="getPersonenBijUitleningTest" computerName="WILLEM-LAPTOP" duration="00:00:00.5694214" startTime="2011-04-04T12:34:24.4862311+02:00" endTime="2011-04-04T12:34:25.5202903+02:00" testType="13cdc9d9-ddb5-4fa4-a97d-d965ccfc6d4b" outcome="Passed" testListId="8c84fa94-04c1-424b-9868-57a2d4851a1d" relativeResultsDirectory="6af40e82-53dc-4689-a7b0-849f50e7fe21">
    </UnitTestResult>
  </Results>
</TestRun>