<?xml version="1.0" encoding="UTF-8"?>
<TestRun id="eafa0fd5-8400-463a-b4bd-e1b9cf87ea34" name="Remi@NOTEREMI-PC 2011-10-20 09:38:59" runUser="NOTEREMI-PC\Remi" xmlns="http://microsoft.com/schemas/VisualStudio/TeamTest/2010">
  <TestSettings name="Local" id="065d3d36-ed0b-4d5f-9c9a-7aa1c329c84d">
    <Description>These are default test settings for a local test run.</Description>
    <Deployment enabled="false" runDeploymentRoot="Remi_NOTEREMI-PC 2011-10-20 09_38_59" />
    <Execution>
      <TestTypeSpecific />
      <AgentRule name="Execution Agents">
      </AgentRule>
    </Execution>
  </TestSettings>
  <Times creation="2011-10-20T09:38:59.7840000+02:00" queuing="2011-10-20T09:39:01.3950000+02:00" start="2011-10-20T09:39:01.6030000+02:00" finish="2011-10-20T09:39:03.5120000+02:00" />
  <ResultSummary outcome="Failed">
    <Counters total="13" executed="13" passed="6" error="0" failed="7" timeout="0" aborted="0" inconclusive="0" passedButRunAborted="0" notRunnable="0" notExecuted="0" disconnected="0" warning="0" completed="0" inProgress="0" pending="0" />
  </ResultSummary>
  <TestDefinitions>
    <UnitTest name="StringVraag1" storage="c:\users\remi\downloads\ois_kennis_project\ois_kennis_project\ois_kennis_tester\bin\debug\ois_kennis_tester.dll" id="0eefd169-c4cf-cd1c-3a32-c70ef49c2c3d">
      <Execution id="d70e537b-8a92-41d3-a9e7-64835abde52b" />
      <TestMethod codeBase="C:/Users/Remi/Downloads/OIS_kennis_project/OIS_kennis_project/OIS_kennis_tester/bin/Debug/OIS_kennis_tester.DLL" adapterTypeName="Microsoft.VisualStudio.TestTools.TestTypes.Unit.UnitTestAdapter, Microsoft.VisualStudio.QualityTools.Tips.UnitTest.Adapter, Version=10.0.0.0, Culture=neutral, PublicKeyToken=b03f5f7f11d50a3a" className="OIS_kennis_tester.StringTest, OIS_kennis_tester, Version=1.0.0.0, Culture=neutral, PublicKeyToken=null" name="StringVraag1" />
    </UnitTest>
    <UnitTest name="StringVraag3" storage="c:\users\remi\downloads\ois_kennis_project\ois_kennis_project\ois_kennis_tester\bin\debug\ois_kennis_tester.dll" id="eb2a9e2e-bfd7-2e77-2437-fc15a00b9cd6">
      <Execution id="6d031806-a798-4a26-995c-cf63d5fc9ed3" />
      <TestMethod codeBase="C:/Users/Remi/Downloads/OIS_kennis_project/OIS_kennis_project/OIS_kennis_tester/bin/Debug/OIS_kennis_tester.DLL" adapterTypeName="Microsoft.VisualStudio.TestTools.TestTypes.Unit.UnitTestAdapter, Microsoft.VisualStudio.QualityTools.Tips.UnitTest.Adapter, Version=10.0.0.0, Culture=neutral, PublicKeyToken=b03f5f7f11d50a3a" className="OIS_kennis_tester.StringTest, OIS_kennis_tester, Version=1.0.0.0, Culture=neutral, PublicKeyToken=null" name="StringVraag3" />
    </UnitTest>
    <UnitTest name="MethodVraag2" storage="c:\users\remi\downloads\ois_kennis_project\ois_kennis_project\ois_kennis_tester\bin\debug\ois_kennis_tester.dll" id="f8f85eca-38fd-7e03-3810-571d9eba9870">
      <Execution id="ccff4185-8ce3-4261-9967-19c71dc96746" />
      <TestMethod codeBase="C:/Users/Remi/Downloads/OIS_kennis_project/OIS_kennis_project/OIS_kennis_tester/bin/Debug/OIS_kennis_tester.DLL" adapterTypeName="Microsoft.VisualStudio.TestTools.TestTypes.Unit.UnitTestAdapter, Microsoft.VisualStudio.QualityTools.Tips.UnitTest.Adapter, Version=10.0.0.0, Culture=neutral, PublicKeyToken=b03f5f7f11d50a3a" className="OIS_kennis_tester.MethodTest, OIS_kennis_tester, Version=1.0.0.0, Culture=neutral, PublicKeyToken=null" name="MethodVraag2" />
    </UnitTest>
    <UnitTest name="HerhalingsVraag2" storage="c:\users\remi\downloads\ois_kennis_project\ois_kennis_project\ois_kennis_tester\bin\debug\ois_kennis_tester.dll" id="a98e4af6-7192-a122-ca5a-5272c84bb94a">
      <Execution id="13ad1473-f937-4353-8b64-936353b93e08" />
      <TestMethod codeBase="C:/Users/Remi/Downloads/OIS_kennis_project/OIS_kennis_project/OIS_kennis_tester/bin/Debug/OIS_kennis_tester.DLL" adapterTypeName="Microsoft.VisualStudio.TestTools.TestTypes.Unit.UnitTestAdapter, Microsoft.VisualStudio.QualityTools.Tips.UnitTest.Adapter, Version=10.0.0.0, Culture=neutral, PublicKeyToken=b03f5f7f11d50a3a" className="OIS_kennis_tester.HerhalingsTest, OIS_kennis_tester, Version=1.0.0.0, Culture=neutral, PublicKeyToken=null" name="HerhalingsVraag2" />
    </UnitTest>
    <UnitTest name="StringVraag4" storage="c:\users\remi\downloads\ois_kennis_project\ois_kennis_project\ois_kennis_tester\bin\debug\ois_kennis_tester.dll" id="9830e2e3-d62a-f245-92fb-83745bfcecce">
      <Execution id="951a6d0f-2eb6-4639-8319-de5a4e6360b8" />
      <TestMethod codeBase="C:/Users/Remi/Downloads/OIS_kennis_project/OIS_kennis_project/OIS_kennis_tester/bin/Debug/OIS_kennis_tester.DLL" adapterTypeName="Microsoft.VisualStudio.TestTools.TestTypes.Unit.UnitTestAdapter, Microsoft.VisualStudio.QualityTools.Tips.UnitTest.Adapter, Version=10.0.0.0, Culture=neutral, PublicKeyToken=b03f5f7f11d50a3a" className="OIS_kennis_tester.StringTest, OIS_kennis_tester, Version=1.0.0.0, Culture=neutral, PublicKeyToken=null" name="StringVraag4" />
    </UnitTest>
    <UnitTest name="HerhalingsVraag4" storage="c:\users\remi\downloads\ois_kennis_project\ois_kennis_project\ois_kennis_tester\bin\debug\ois_kennis_tester.dll" id="a86c259f-2896-8160-b9a7-ca1ee96d5e91">
      <Execution id="6a180be6-7052-4014-bba7-1a3ad9f35ad7" />
      <TestMethod codeBase="C:/Users/Remi/Downloads/OIS_kennis_project/OIS_kennis_project/OIS_kennis_tester/bin/Debug/OIS_kennis_tester.DLL" adapterTypeName="Microsoft.VisualStudio.TestTools.TestTypes.Unit.UnitTestAdapter, Microsoft.VisualStudio.QualityTools.Tips.UnitTest.Adapter, Version=10.0.0.0, Culture=neutral, PublicKeyToken=b03f5f7f11d50a3a" className="OIS_kennis_tester.HerhalingsTest, OIS_kennis_tester, Version=1.0.0.0, Culture=neutral, PublicKeyToken=null" name="HerhalingsVraag4" />
    </UnitTest>
    <UnitTest name="StringVraag5" storage="c:\users\remi\downloads\ois_kennis_project\ois_kennis_project\ois_kennis_tester\bin\debug\ois_kennis_tester.dll" id="3b73c140-a992-8705-7d15-4036d93971bb">
      <Execution id="d53d5e87-2641-4de8-b2ef-026c603f96c6" />
      <TestMethod codeBase="C:/Users/Remi/Downloads/OIS_kennis_project/OIS_kennis_project/OIS_kennis_tester/bin/Debug/OIS_kennis_tester.DLL" adapterTypeName="Microsoft.VisualStudio.TestTools.TestTypes.Unit.UnitTestAdapter, Microsoft.VisualStudio.QualityTools.Tips.UnitTest.Adapter, Version=10.0.0.0, Culture=neutral, PublicKeyToken=b03f5f7f11d50a3a" className="OIS_kennis_tester.StringTest, OIS_kennis_tester, Version=1.0.0.0, Culture=neutral, PublicKeyToken=null" name="StringVraag5" />
    </UnitTest>
    <UnitTest name="HerhalingsVraag5" storage="c:\users\remi\downloads\ois_kennis_project\ois_kennis_project\ois_kennis_tester\bin\debug\ois_kennis_tester.dll" id="a0adf1b9-2744-e62e-91f6-0fe701bca533">
      <Execution id="92bb0966-e309-4599-80cc-2656582269e2" />
      <TestMethod codeBase="C:/Users/Remi/Downloads/OIS_kennis_project/OIS_kennis_project/OIS_kennis_tester/bin/Debug/OIS_kennis_tester.DLL" adapterTypeName="Microsoft.VisualStudio.TestTools.TestTypes.Unit.UnitTestAdapter, Microsoft.VisualStudio.QualityTools.Tips.UnitTest.Adapter, Version=10.0.0.0, Culture=neutral, PublicKeyToken=b03f5f7f11d50a3a" className="OIS_kennis_tester.HerhalingsTest, OIS_kennis_tester, Version=1.0.0.0, Culture=neutral, PublicKeyToken=null" name="HerhalingsVraag5" />
    </UnitTest>
    <UnitTest name="MethodVraag1" storage="c:\users\remi\downloads\ois_kennis_project\ois_kennis_project\ois_kennis_tester\bin\debug\ois_kennis_tester.dll" id="9f0b0bc8-da60-e093-86e5-1fe86b64724f">
      <Execution id="c4c384fa-5749-44d3-b5b6-1a9af34dd4a3" />
      <TestMethod codeBase="C:/Users/Remi/Downloads/OIS_kennis_project/OIS_kennis_project/OIS_kennis_tester/bin/Debug/OIS_kennis_tester.DLL" adapterTypeName="Microsoft.VisualStudio.TestTools.TestTypes.Unit.UnitTestAdapter, Microsoft.VisualStudio.QualityTools.Tips.UnitTest.Adapter, Version=10.0.0.0, Culture=neutral, PublicKeyToken=b03f5f7f11d50a3a" className="OIS_kennis_tester.MethodTest, OIS_kennis_tester, Version=1.0.0.0, Culture=neutral, PublicKeyToken=null" name="MethodVraag1" />
    </UnitTest>
    <UnitTest name="HerhalingsVraag1" storage="c:\users\remi\downloads\ois_kennis_project\ois_kennis_project\ois_kennis_tester\bin\debug\ois_kennis_tester.dll" id="22742481-8c34-2006-d74b-021bccf8bae3">
      <Execution id="d9bdb1c3-6757-48e3-a303-83f8f7916394" />
      <TestMethod codeBase="C:/Users/Remi/Downloads/OIS_kennis_project/OIS_kennis_project/OIS_kennis_tester/bin/Debug/OIS_kennis_tester.DLL" adapterTypeName="Microsoft.VisualStudio.TestTools.TestTypes.Unit.UnitTestAdapter, Microsoft.VisualStudio.QualityTools.Tips.UnitTest.Adapter, Version=10.0.0.0, Culture=neutral, PublicKeyToken=b03f5f7f11d50a3a" className="OIS_kennis_tester.HerhalingsTest, OIS_kennis_tester, Version=1.0.0.0, Culture=neutral, PublicKeyToken=null" name="HerhalingsVraag1" />
    </UnitTest>
    <UnitTest name="HerhalingsVraag3" storage="c:\users\remi\downloads\ois_kennis_project\ois_kennis_project\ois_kennis_tester\bin\debug\ois_kennis_tester.dll" id="fcdd1a83-8464-4441-b0ee-02d11a239914">
      <Execution id="51b2141d-aaa1-4bd1-bfa9-39705582670b" />
      <TestMethod codeBase="C:/Users/Remi/Downloads/OIS_kennis_project/OIS_kennis_project/OIS_kennis_tester/bin/Debug/OIS_kennis_tester.DLL" adapterTypeName="Microsoft.VisualStudio.TestTools.TestTypes.Unit.UnitTestAdapter, Microsoft.VisualStudio.QualityTools.Tips.UnitTest.Adapter, Version=10.0.0.0, Culture=neutral, PublicKeyToken=b03f5f7f11d50a3a" className="OIS_kennis_tester.HerhalingsTest, OIS_kennis_tester, Version=1.0.0.0, Culture=neutral, PublicKeyToken=null" name="HerhalingsVraag3" />
    </UnitTest>
    <UnitTest name="MethodVraag3" storage="c:\users\remi\downloads\ois_kennis_project\ois_kennis_project\ois_kennis_tester\bin\debug\ois_kennis_tester.dll" id="2cd0477a-6b94-360e-b0d3-9655079b7a7c">
      <Execution id="c206911d-a3c1-471c-8fbd-2ebd20450647" />
      <TestMethod codeBase="C:/Users/Remi/Downloads/OIS_kennis_project/OIS_kennis_project/OIS_kennis_tester/bin/Debug/OIS_kennis_tester.DLL" adapterTypeName="Microsoft.VisualStudio.TestTools.TestTypes.Unit.UnitTestAdapter, Microsoft.VisualStudio.QualityTools.Tips.UnitTest.Adapter, Version=10.0.0.0, Culture=neutral, PublicKeyToken=b03f5f7f11d50a3a" className="OIS_kennis_tester.MethodTest, OIS_kennis_tester, Version=1.0.0.0, Culture=neutral, PublicKeyToken=null" name="MethodVraag3" />
    </UnitTest>
    <UnitTest name="StringVraag2" storage="c:\users\remi\downloads\ois_kennis_project\ois_kennis_project\ois_kennis_tester\bin\debug\ois_kennis_tester.dll" id="e0b6ef78-e700-565b-cbd6-e740f0cfbef4">
      <Execution id="726b5bc0-e142-4a85-badb-0b97aa027a50" />
      <TestMethod codeBase="C:/Users/Remi/Downloads/OIS_kennis_project/OIS_kennis_project/OIS_kennis_tester/bin/Debug/OIS_kennis_tester.DLL" adapterTypeName="Microsoft.VisualStudio.TestTools.TestTypes.Unit.UnitTestAdapter, Microsoft.VisualStudio.QualityTools.Tips.UnitTest.Adapter, Version=10.0.0.0, Culture=neutral, PublicKeyToken=b03f5f7f11d50a3a" className="OIS_kennis_tester.StringTest, OIS_kennis_tester, Version=1.0.0.0, Culture=neutral, PublicKeyToken=null" name="StringVraag2" />
    </UnitTest>
  </TestDefinitions>
  <TestLists>
    <TestList name="Results Not in a List" id="8c84fa94-04c1-424b-9868-57a2d4851a1d" />
    <TestList name="All Loaded Results" id="19431567-8539-422a-85d7-44ee4e166bda" />
  </TestLists>
  <TestEntries>
    <TestEntry testId="0eefd169-c4cf-cd1c-3a32-c70ef49c2c3d" executionId="d70e537b-8a92-41d3-a9e7-64835abde52b" testListId="8c84fa94-04c1-424b-9868-57a2d4851a1d" />
    <TestEntry testId="e0b6ef78-e700-565b-cbd6-e740f0cfbef4" executionId="726b5bc0-e142-4a85-badb-0b97aa027a50" testListId="8c84fa94-04c1-424b-9868-57a2d4851a1d" />
    <TestEntry testId="eb2a9e2e-bfd7-2e77-2437-fc15a00b9cd6" executionId="6d031806-a798-4a26-995c-cf63d5fc9ed3" testListId="8c84fa94-04c1-424b-9868-57a2d4851a1d" />
    <TestEntry testId="9830e2e3-d62a-f245-92fb-83745bfcecce" executionId="951a6d0f-2eb6-4639-8319-de5a4e6360b8" testListId="8c84fa94-04c1-424b-9868-57a2d4851a1d" />
    <TestEntry testId="3b73c140-a992-8705-7d15-4036d93971bb" executionId="d53d5e87-2641-4de8-b2ef-026c603f96c6" testListId="8c84fa94-04c1-424b-9868-57a2d4851a1d" />
    <TestEntry testId="9f0b0bc8-da60-e093-86e5-1fe86b64724f" executionId="c4c384fa-5749-44d3-b5b6-1a9af34dd4a3" testListId="8c84fa94-04c1-424b-9868-57a2d4851a1d" />
    <TestEntry testId="f8f85eca-38fd-7e03-3810-571d9eba9870" executionId="ccff4185-8ce3-4261-9967-19c71dc96746" testListId="8c84fa94-04c1-424b-9868-57a2d4851a1d" />
    <TestEntry testId="2cd0477a-6b94-360e-b0d3-9655079b7a7c" executionId="c206911d-a3c1-471c-8fbd-2ebd20450647" testListId="8c84fa94-04c1-424b-9868-57a2d4851a1d" />
    <TestEntry testId="22742481-8c34-2006-d74b-021bccf8bae3" executionId="d9bdb1c3-6757-48e3-a303-83f8f7916394" testListId="8c84fa94-04c1-424b-9868-57a2d4851a1d" />
    <TestEntry testId="a98e4af6-7192-a122-ca5a-5272c84bb94a" executionId="13ad1473-f937-4353-8b64-936353b93e08" testListId="8c84fa94-04c1-424b-9868-57a2d4851a1d" />
    <TestEntry testId="fcdd1a83-8464-4441-b0ee-02d11a239914" executionId="51b2141d-aaa1-4bd1-bfa9-39705582670b" testListId="8c84fa94-04c1-424b-9868-57a2d4851a1d" />
    <TestEntry testId="a86c259f-2896-8160-b9a7-ca1ee96d5e91" executionId="6a180be6-7052-4014-bba7-1a3ad9f35ad7" testListId="8c84fa94-04c1-424b-9868-57a2d4851a1d" />
    <TestEntry testId="a0adf1b9-2744-e62e-91f6-0fe701bca533" executionId="92bb0966-e309-4599-80cc-2656582269e2" testListId="8c84fa94-04c1-424b-9868-57a2d4851a1d" />
  </TestEntries>
  <Results>
    <UnitTestResult executionId="d70e537b-8a92-41d3-a9e7-64835abde52b" testId="0eefd169-c4cf-cd1c-3a32-c70ef49c2c3d" testName="StringVraag1" computerName="NOTEREMI-PC" duration="00:00:00.0180475" startTime="2011-10-20T09:39:01.7170000+02:00" endTime="2011-10-20T09:39:02.6620000+02:00" testType="13cdc9d9-ddb5-4fa4-a97d-d965ccfc6d4b" outcome="Passed" testListId="8c84fa94-04c1-424b-9868-57a2d4851a1d" relativeResultsDirectory="d70e537b-8a92-41d3-a9e7-64835abde52b">
    </UnitTestResult>
    <UnitTestResult executionId="726b5bc0-e142-4a85-badb-0b97aa027a50" testId="e0b6ef78-e700-565b-cbd6-e740f0cfbef4" testName="StringVraag2" computerName="NOTEREMI-PC" duration="00:00:00.0005953" startTime="2011-10-20T09:39:02.6790000+02:00" endTime="2011-10-20T09:39:02.6960000+02:00" testType="13cdc9d9-ddb5-4fa4-a97d-d965ccfc6d4b" outcome="Passed" testListId="8c84fa94-04c1-424b-9868-57a2d4851a1d" relativeResultsDirectory="726b5bc0-e142-4a85-badb-0b97aa027a50">
    </UnitTestResult>
    <UnitTestResult executionId="6d031806-a798-4a26-995c-cf63d5fc9ed3" testId="eb2a9e2e-bfd7-2e77-2437-fc15a00b9cd6" testName="StringVraag3" computerName="NOTEREMI-PC" duration="00:00:00.1290147" startTime="2011-10-20T09:39:02.7110000+02:00" endTime="2011-10-20T09:39:02.8610000+02:00" testType="13cdc9d9-ddb5-4fa4-a97d-d965ccfc6d4b" outcome="Failed" testListId="8c84fa94-04c1-424b-9868-57a2d4851a1d" relativeResultsDirectory="6d031806-a798-4a26-995c-cf63d5fc9ed3">
      <Output>
        <ErrorInfo>
          <Message>Assert.IsTrue failed. </Message>
          <StackTrace>   bij OIS_kennis_tester.StringTest.DeWaardeVanResultaatIs(String getal) in C:\Users\Remi\Downloads\OIS_kennis_project\OIS_kennis_project\OIS_kennis_tester\StringTest.cs:regel 20
   bij OIS_kennis_tester.StringTest.StringVraag3() in C:\Users\Remi\Downloads\OIS_kennis_project\OIS_kennis_project\OIS_kennis_tester\StringTest.cs:regel 60
</StackTrace>
        </ErrorInfo>
      </Output>
    </UnitTestResult>
    <UnitTestResult executionId="951a6d0f-2eb6-4639-8319-de5a4e6360b8" testId="9830e2e3-d62a-f245-92fb-83745bfcecce" testName="StringVraag4" computerName="NOTEREMI-PC" duration="00:00:00.0003994" startTime="2011-10-20T09:39:02.8820000+02:00" endTime="2011-10-20T09:39:02.9080000+02:00" testType="13cdc9d9-ddb5-4fa4-a97d-d965ccfc6d4b" outcome="Passed" testListId="8c84fa94-04c1-424b-9868-57a2d4851a1d" relativeResultsDirectory="951a6d0f-2eb6-4639-8319-de5a4e6360b8">
    </UnitTestResult>
    <UnitTestResult executionId="d53d5e87-2641-4de8-b2ef-026c603f96c6" testId="3b73c140-a992-8705-7d15-4036d93971bb" testName="StringVraag5" computerName="NOTEREMI-PC" duration="00:00:00.0005203" startTime="2011-10-20T09:39:02.9230000+02:00" endTime="2011-10-20T09:39:02.9490000+02:00" testType="13cdc9d9-ddb5-4fa4-a97d-d965ccfc6d4b" outcome="Passed" testListId="8c84fa94-04c1-424b-9868-57a2d4851a1d" relativeResultsDirectory="d53d5e87-2641-4de8-b2ef-026c603f96c6">
    </UnitTestResult>
    <UnitTestResult executionId="c4c384fa-5749-44d3-b5b6-1a9af34dd4a3" testId="9f0b0bc8-da60-e093-86e5-1fe86b64724f" testName="MethodVraag1" computerName="NOTEREMI-PC" duration="00:00:00.0360000" startTime="2011-10-20T09:39:02.9680000+02:00" endTime="2011-10-20T09:39:03.0200000+02:00" testType="13cdc9d9-ddb5-4fa4-a97d-d965ccfc6d4b" outcome="Failed" testListId="8c84fa94-04c1-424b-9868-57a2d4851a1d" relativeResultsDirectory="c4c384fa-5749-44d3-b5b6-1a9af34dd4a3">
      <Output>
        <ErrorInfo>
          <Message>Assert.IsTrue failed. </Message>
          <StackTrace>   bij OIS_kennis_tester.MethodTest.DeWaardeVanResultaatIs(Int32 getal) in C:\Users\Remi\Downloads\OIS_kennis_project\OIS_kennis_project\OIS_kennis_tester\MethodTest.cs:regel 18
   bij OIS_kennis_tester.MethodTest.MethodVraag1() in C:\Users\Remi\Downloads\OIS_kennis_project\OIS_kennis_project\OIS_kennis_tester\MethodTest.cs:regel 46
</StackTrace>
        </ErrorInfo>
      </Output>
    </UnitTestResult>
    <UnitTestResult executionId="ccff4185-8ce3-4261-9967-19c71dc96746" testId="f8f85eca-38fd-7e03-3810-571d9eba9870" testName="MethodVraag2" computerName="NOTEREMI-PC" duration="00:00:00.0005205" startTime="2011-10-20T09:39:03.0330000+02:00" endTime="2011-10-20T09:39:03.0550000+02:00" testType="13cdc9d9-ddb5-4fa4-a97d-d965ccfc6d4b" outcome="Passed" testListId="8c84fa94-04c1-424b-9868-57a2d4851a1d" relativeResultsDirectory="ccff4185-8ce3-4261-9967-19c71dc96746">
    </UnitTestResult>
    <UnitTestResult executionId="c206911d-a3c1-471c-8fbd-2ebd20450647" testId="2cd0477a-6b94-360e-b0d3-9655079b7a7c" testName="MethodVraag3" computerName="NOTEREMI-PC" duration="00:00:00.0005872" startTime="2011-10-20T09:39:03.0680000+02:00" endTime="2011-10-20T09:39:03.0920000+02:00" testType="13cdc9d9-ddb5-4fa4-a97d-d965ccfc6d4b" outcome="Passed" testListId="8c84fa94-04c1-424b-9868-57a2d4851a1d" relativeResultsDirectory="c206911d-a3c1-471c-8fbd-2ebd20450647">
    </UnitTestResult>
    <UnitTestResult executionId="d9bdb1c3-6757-48e3-a303-83f8f7916394" testId="22742481-8c34-2006-d74b-021bccf8bae3" testName="HerhalingsVraag1" computerName="NOTEREMI-PC" duration="00:00:00.0373750" startTime="2011-10-20T09:39:03.1040000+02:00" endTime="2011-10-20T09:39:03.1580000+02:00" testType="13cdc9d9-ddb5-4fa4-a97d-d965ccfc6d4b" outcome="Failed" testListId="8c84fa94-04c1-424b-9868-57a2d4851a1d" relativeResultsDirectory="d9bdb1c3-6757-48e3-a303-83f8f7916394">
      <Output>
        <ErrorInfo>
          <Message>Assert.IsTrue failed. </Message>
          <StackTrace>   bij OIS_kennis_tester.HerhalingsTest.DeWaardeVanResultaatIs(Int32 getal) in C:\Users\Remi\Downloads\OIS_kennis_project\OIS_kennis_project\OIS_kennis_tester\HerhalingsTest.cs:regel 18
   bij OIS_kennis_tester.HerhalingsTest.HerhalingsVraag1() in C:\Users\Remi\Downloads\OIS_kennis_project\OIS_kennis_project\OIS_kennis_tester\HerhalingsTest.cs:regel 42
</StackTrace>
        </ErrorInfo>
      </Output>
    </UnitTestResult>
    <UnitTestResult executionId="13ad1473-f937-4353-8b64-936353b93e08" testId="a98e4af6-7192-a122-ca5a-5272c84bb94a" testName="HerhalingsVraag2" computerName="NOTEREMI-PC" duration="00:00:00.0361054" startTime="2011-10-20T09:39:03.1730000+02:00" endTime="2011-10-20T09:39:03.2250000+02:00" testType="13cdc9d9-ddb5-4fa4-a97d-d965ccfc6d4b" outcome="Failed" testListId="8c84fa94-04c1-424b-9868-57a2d4851a1d" relativeResultsDirectory="13ad1473-f937-4353-8b64-936353b93e08">
      <Output>
        <ErrorInfo>
          <Message>Assert.IsTrue failed. </Message>
          <StackTrace>   bij OIS_kennis_tester.HerhalingsTest.DeWaardeVanResultaatIs(Int32 getal) in C:\Users\Remi\Downloads\OIS_kennis_project\OIS_kennis_project\OIS_kennis_tester\HerhalingsTest.cs:regel 18
   bij OIS_kennis_tester.HerhalingsTest.HerhalingsVraag2() in C:\Users\Remi\Downloads\OIS_kennis_project\OIS_kennis_project\OIS_kennis_tester\HerhalingsTest.cs:regel 67
</StackTrace>
        </ErrorInfo>
      </Output>
    </UnitTestResult>
    <UnitTestResult executionId="51b2141d-aaa1-4bd1-bfa9-39705582670b" testId="fcdd1a83-8464-4441-b0ee-02d11a239914" testName="HerhalingsVraag3" computerName="NOTEREMI-PC" duration="00:00:00.0348404" startTime="2011-10-20T09:39:03.2400000+02:00" endTime="2011-10-20T09:39:03.2920000+02:00" testType="13cdc9d9-ddb5-4fa4-a97d-d965ccfc6d4b" outcome="Failed" testListId="8c84fa94-04c1-424b-9868-57a2d4851a1d" relativeResultsDirectory="51b2141d-aaa1-4bd1-bfa9-39705582670b">
      <Output>
        <ErrorInfo>
          <Message>Assert.IsTrue failed. </Message>
          <StackTrace>   bij OIS_kennis_tester.HerhalingsTest.DeWaardeVanResultaatIs(Int32 getal) in C:\Users\Remi\Downloads\OIS_kennis_project\OIS_kennis_project\OIS_kennis_tester\HerhalingsTest.cs:regel 18
   bij OIS_kennis_tester.HerhalingsTest.HerhalingsVraag3() in C:\Users\Remi\Downloads\OIS_kennis_project\OIS_kennis_project\OIS_kennis_tester\HerhalingsTest.cs:regel 84
</StackTrace>
        </ErrorInfo>
      </Output>
    </UnitTestResult>
    <UnitTestResult executionId="6a180be6-7052-4014-bba7-1a3ad9f35ad7" testId="a86c259f-2896-8160-b9a7-ca1ee96d5e91" testName="HerhalingsVraag4" computerName="NOTEREMI-PC" duration="00:00:00.0354732" startTime="2011-10-20T09:39:03.3070000+02:00" endTime="2011-10-20T09:39:03.3600000+02:00" testType="13cdc9d9-ddb5-4fa4-a97d-d965ccfc6d4b" outcome="Failed" testListId="8c84fa94-04c1-424b-9868-57a2d4851a1d" relativeResultsDirectory="6a180be6-7052-4014-bba7-1a3ad9f35ad7">
      <Output>
        <ErrorInfo>
          <Message>Assert.IsTrue failed. </Message>
          <StackTrace>   bij OIS_kennis_tester.HerhalingsTest.DeWaardeVanResultaatIs(Int32 getal) in C:\Users\Remi\Downloads\OIS_kennis_project\OIS_kennis_project\OIS_kennis_tester\HerhalingsTest.cs:regel 18
   bij OIS_kennis_tester.HerhalingsTest.HerhalingsVraag4() in C:\Users\Remi\Downloads\OIS_kennis_project\OIS_kennis_project\OIS_kennis_tester\HerhalingsTest.cs:regel 101
</StackTrace>
        </ErrorInfo>
      </Output>
    </UnitTestResult>
    <UnitTestResult executionId="92bb0966-e309-4599-80cc-2656582269e2" testId="a0adf1b9-2744-e62e-91f6-0fe701bca533" testName="HerhalingsVraag5" computerName="NOTEREMI-PC" duration="00:00:00.0355481" startTime="2011-10-20T09:39:03.3750000+02:00" endTime="2011-10-20T09:39:03.4290000+02:00" testType="13cdc9d9-ddb5-4fa4-a97d-d965ccfc6d4b" outcome="Failed" testListId="8c84fa94-04c1-424b-9868-57a2d4851a1d" relativeResultsDirectory="92bb0966-e309-4599-80cc-2656582269e2">
      <Output>
        <ErrorInfo>
          <Message>Assert.IsTrue failed. </Message>
          <StackTrace>   bij OIS_kennis_tester.HerhalingsTest.DeWaardeVanResultaatIs(Int32 getal) in C:\Users\Remi\Downloads\OIS_kennis_project\OIS_kennis_project\OIS_kennis_tester\HerhalingsTest.cs:regel 18
   bij OIS_kennis_tester.HerhalingsTest.HerhalingsVraag5() in C:\Users\Remi\Downloads\OIS_kennis_project\OIS_kennis_project\OIS_kennis_tester\HerhalingsTest.cs:regel 116
</StackTrace>
        </ErrorInfo>
      </Output>
    </UnitTestResult>
  </Results>
</TestRun>