<?xml version="1.0" encoding="UTF-8"?>
<TestRun id="86c52ca4-a600-4bf6-b661-ee6364481365" name="Remi@NOTEREMI-PC 2011-10-20 09:24:37" runUser="NOTEREMI-PC\Remi" xmlns="http://microsoft.com/schemas/VisualStudio/TeamTest/2010">
  <TestSettings name="Local" id="065d3d36-ed0b-4d5f-9c9a-7aa1c329c84d">
    <Description>These are default test settings for a local test run.</Description>
    <Deployment enabled="false" runDeploymentRoot="Remi_NOTEREMI-PC 2011-10-20 09_24_37" />
    <Execution>
      <TestTypeSpecific />
      <AgentRule name="Execution Agents">
      </AgentRule>
    </Execution>
  </TestSettings>
  <Times creation="2011-10-20T09:24:37.9690000+02:00" queuing="2011-10-20T09:24:39.4860000+02:00" start="2011-10-20T09:24:39.6160000+02:00" finish="2011-10-20T09:24:41.7180000+02:00" />
  <ResultSummary outcome="Failed">
    <Counters total="13" executed="13" passed="3" error="0" failed="10" timeout="0" aborted="0" inconclusive="0" passedButRunAborted="0" notRunnable="0" notExecuted="0" disconnected="0" warning="0" completed="0" inProgress="0" pending="0" />
  </ResultSummary>
  <TestDefinitions>
    <UnitTest name="StringVraag1" storage="c:\users\remi\downloads\ois_kennis_project\ois_kennis_project\ois_kennis_tester\bin\debug\ois_kennis_tester.dll" id="0eefd169-c4cf-cd1c-3a32-c70ef49c2c3d">
      <Execution id="13b42730-1622-4a18-bafb-1025d02edbd6" />
      <TestMethod codeBase="C:/Users/Remi/Downloads/OIS_kennis_project/OIS_kennis_project/OIS_kennis_tester/bin/Debug/OIS_kennis_tester.DLL" adapterTypeName="Microsoft.VisualStudio.TestTools.TestTypes.Unit.UnitTestAdapter, Microsoft.VisualStudio.QualityTools.Tips.UnitTest.Adapter, Version=10.0.0.0, Culture=neutral, PublicKeyToken=b03f5f7f11d50a3a" className="OIS_kennis_tester.StringTest, OIS_kennis_tester, Version=1.0.0.0, Culture=neutral, PublicKeyToken=null" name="StringVraag1" />
    </UnitTest>
    <UnitTest name="StringVraag3" storage="c:\users\remi\downloads\ois_kennis_project\ois_kennis_project\ois_kennis_tester\bin\debug\ois_kennis_tester.dll" id="eb2a9e2e-bfd7-2e77-2437-fc15a00b9cd6">
      <Execution id="7b0527e5-4120-47ce-a061-6442b667d371" />
      <TestMethod codeBase="C:/Users/Remi/Downloads/OIS_kennis_project/OIS_kennis_project/OIS_kennis_tester/bin/Debug/OIS_kennis_tester.DLL" adapterTypeName="Microsoft.VisualStudio.TestTools.TestTypes.Unit.UnitTestAdapter, Microsoft.VisualStudio.QualityTools.Tips.UnitTest.Adapter, Version=10.0.0.0, Culture=neutral, PublicKeyToken=b03f5f7f11d50a3a" className="OIS_kennis_tester.StringTest, OIS_kennis_tester, Version=1.0.0.0, Culture=neutral, PublicKeyToken=null" name="StringVraag3" />
    </UnitTest>
    <UnitTest name="MethodVraag2" storage="c:\users\remi\downloads\ois_kennis_project\ois_kennis_project\ois_kennis_tester\bin\debug\ois_kennis_tester.dll" id="f8f85eca-38fd-7e03-3810-571d9eba9870">
      <Execution id="38ea5b10-a988-4d23-b2a7-506b8d97841f" />
      <TestMethod codeBase="C:/Users/Remi/Downloads/OIS_kennis_project/OIS_kennis_project/OIS_kennis_tester/bin/Debug/OIS_kennis_tester.DLL" adapterTypeName="Microsoft.VisualStudio.TestTools.TestTypes.Unit.UnitTestAdapter, Microsoft.VisualStudio.QualityTools.Tips.UnitTest.Adapter, Version=10.0.0.0, Culture=neutral, PublicKeyToken=b03f5f7f11d50a3a" className="OIS_kennis_tester.MethodTest, OIS_kennis_tester, Version=1.0.0.0, Culture=neutral, PublicKeyToken=null" name="MethodVraag2" />
    </UnitTest>
    <UnitTest name="HerhalingsVraag2" storage="c:\users\remi\downloads\ois_kennis_project\ois_kennis_project\ois_kennis_tester\bin\debug\ois_kennis_tester.dll" id="a98e4af6-7192-a122-ca5a-5272c84bb94a">
      <Execution id="36f47c4d-9bbb-4ea7-bfae-6373664e2312" />
      <TestMethod codeBase="C:/Users/Remi/Downloads/OIS_kennis_project/OIS_kennis_project/OIS_kennis_tester/bin/Debug/OIS_kennis_tester.DLL" adapterTypeName="Microsoft.VisualStudio.TestTools.TestTypes.Unit.UnitTestAdapter, Microsoft.VisualStudio.QualityTools.Tips.UnitTest.Adapter, Version=10.0.0.0, Culture=neutral, PublicKeyToken=b03f5f7f11d50a3a" className="OIS_kennis_tester.HerhalingsTest, OIS_kennis_tester, Version=1.0.0.0, Culture=neutral, PublicKeyToken=null" name="HerhalingsVraag2" />
    </UnitTest>
    <UnitTest name="StringVraag4" storage="c:\users\remi\downloads\ois_kennis_project\ois_kennis_project\ois_kennis_tester\bin\debug\ois_kennis_tester.dll" id="9830e2e3-d62a-f245-92fb-83745bfcecce">
      <Execution id="367a3a9f-f686-4cb1-8131-9a849f5a4ee3" />
      <TestMethod codeBase="C:/Users/Remi/Downloads/OIS_kennis_project/OIS_kennis_project/OIS_kennis_tester/bin/Debug/OIS_kennis_tester.DLL" adapterTypeName="Microsoft.VisualStudio.TestTools.TestTypes.Unit.UnitTestAdapter, Microsoft.VisualStudio.QualityTools.Tips.UnitTest.Adapter, Version=10.0.0.0, Culture=neutral, PublicKeyToken=b03f5f7f11d50a3a" className="OIS_kennis_tester.StringTest, OIS_kennis_tester, Version=1.0.0.0, Culture=neutral, PublicKeyToken=null" name="StringVraag4" />
    </UnitTest>
    <UnitTest name="HerhalingsVraag4" storage="c:\users\remi\downloads\ois_kennis_project\ois_kennis_project\ois_kennis_tester\bin\debug\ois_kennis_tester.dll" id="a86c259f-2896-8160-b9a7-ca1ee96d5e91">
      <Execution id="bf0dc13e-41e7-4604-a893-427918e897b1" />
      <TestMethod codeBase="C:/Users/Remi/Downloads/OIS_kennis_project/OIS_kennis_project/OIS_kennis_tester/bin/Debug/OIS_kennis_tester.DLL" adapterTypeName="Microsoft.VisualStudio.TestTools.TestTypes.Unit.UnitTestAdapter, Microsoft.VisualStudio.QualityTools.Tips.UnitTest.Adapter, Version=10.0.0.0, Culture=neutral, PublicKeyToken=b03f5f7f11d50a3a" className="OIS_kennis_tester.HerhalingsTest, OIS_kennis_tester, Version=1.0.0.0, Culture=neutral, PublicKeyToken=null" name="HerhalingsVraag4" />
    </UnitTest>
    <UnitTest name="StringVraag5" storage="c:\users\remi\downloads\ois_kennis_project\ois_kennis_project\ois_kennis_tester\bin\debug\ois_kennis_tester.dll" id="3b73c140-a992-8705-7d15-4036d93971bb">
      <Execution id="611fafd5-89b1-441e-9da2-c7e33fd09866" />
      <TestMethod codeBase="C:/Users/Remi/Downloads/OIS_kennis_project/OIS_kennis_project/OIS_kennis_tester/bin/Debug/OIS_kennis_tester.DLL" adapterTypeName="Microsoft.VisualStudio.TestTools.TestTypes.Unit.UnitTestAdapter, Microsoft.VisualStudio.QualityTools.Tips.UnitTest.Adapter, Version=10.0.0.0, Culture=neutral, PublicKeyToken=b03f5f7f11d50a3a" className="OIS_kennis_tester.StringTest, OIS_kennis_tester, Version=1.0.0.0, Culture=neutral, PublicKeyToken=null" name="StringVraag5" />
    </UnitTest>
    <UnitTest name="HerhalingsVraag5" storage="c:\users\remi\downloads\ois_kennis_project\ois_kennis_project\ois_kennis_tester\bin\debug\ois_kennis_tester.dll" id="a0adf1b9-2744-e62e-91f6-0fe701bca533">
      <Execution id="f248eb01-0a77-4163-b0c7-914d6996de5e" />
      <TestMethod codeBase="C:/Users/Remi/Downloads/OIS_kennis_project/OIS_kennis_project/OIS_kennis_tester/bin/Debug/OIS_kennis_tester.DLL" adapterTypeName="Microsoft.VisualStudio.TestTools.TestTypes.Unit.UnitTestAdapter, Microsoft.VisualStudio.QualityTools.Tips.UnitTest.Adapter, Version=10.0.0.0, Culture=neutral, PublicKeyToken=b03f5f7f11d50a3a" className="OIS_kennis_tester.HerhalingsTest, OIS_kennis_tester, Version=1.0.0.0, Culture=neutral, PublicKeyToken=null" name="HerhalingsVraag5" />
    </UnitTest>
    <UnitTest name="MethodVraag1" storage="c:\users\remi\downloads\ois_kennis_project\ois_kennis_project\ois_kennis_tester\bin\debug\ois_kennis_tester.dll" id="9f0b0bc8-da60-e093-86e5-1fe86b64724f">
      <Execution id="792ab5df-348e-4311-8104-89cbeca405f0" />
      <TestMethod codeBase="C:/Users/Remi/Downloads/OIS_kennis_project/OIS_kennis_project/OIS_kennis_tester/bin/Debug/OIS_kennis_tester.DLL" adapterTypeName="Microsoft.VisualStudio.TestTools.TestTypes.Unit.UnitTestAdapter, Microsoft.VisualStudio.QualityTools.Tips.UnitTest.Adapter, Version=10.0.0.0, Culture=neutral, PublicKeyToken=b03f5f7f11d50a3a" className="OIS_kennis_tester.MethodTest, OIS_kennis_tester, Version=1.0.0.0, Culture=neutral, PublicKeyToken=null" name="MethodVraag1" />
    </UnitTest>
    <UnitTest name="HerhalingsVraag1" storage="c:\users\remi\downloads\ois_kennis_project\ois_kennis_project\ois_kennis_tester\bin\debug\ois_kennis_tester.dll" id="22742481-8c34-2006-d74b-021bccf8bae3">
      <Execution id="23b79530-349f-4e08-ab30-d84bff24501b" />
      <TestMethod codeBase="C:/Users/Remi/Downloads/OIS_kennis_project/OIS_kennis_project/OIS_kennis_tester/bin/Debug/OIS_kennis_tester.DLL" adapterTypeName="Microsoft.VisualStudio.TestTools.TestTypes.Unit.UnitTestAdapter, Microsoft.VisualStudio.QualityTools.Tips.UnitTest.Adapter, Version=10.0.0.0, Culture=neutral, PublicKeyToken=b03f5f7f11d50a3a" className="OIS_kennis_tester.HerhalingsTest, OIS_kennis_tester, Version=1.0.0.0, Culture=neutral, PublicKeyToken=null" name="HerhalingsVraag1" />
    </UnitTest>
    <UnitTest name="HerhalingsVraag3" storage="c:\users\remi\downloads\ois_kennis_project\ois_kennis_project\ois_kennis_tester\bin\debug\ois_kennis_tester.dll" id="fcdd1a83-8464-4441-b0ee-02d11a239914">
      <Execution id="b73e3bd5-1033-4d91-9a33-1c2d5de93230" />
      <TestMethod codeBase="C:/Users/Remi/Downloads/OIS_kennis_project/OIS_kennis_project/OIS_kennis_tester/bin/Debug/OIS_kennis_tester.DLL" adapterTypeName="Microsoft.VisualStudio.TestTools.TestTypes.Unit.UnitTestAdapter, Microsoft.VisualStudio.QualityTools.Tips.UnitTest.Adapter, Version=10.0.0.0, Culture=neutral, PublicKeyToken=b03f5f7f11d50a3a" className="OIS_kennis_tester.HerhalingsTest, OIS_kennis_tester, Version=1.0.0.0, Culture=neutral, PublicKeyToken=null" name="HerhalingsVraag3" />
    </UnitTest>
    <UnitTest name="MethodVraag3" storage="c:\users\remi\downloads\ois_kennis_project\ois_kennis_project\ois_kennis_tester\bin\debug\ois_kennis_tester.dll" id="2cd0477a-6b94-360e-b0d3-9655079b7a7c">
      <Execution id="22a74535-5826-4160-a2c3-c8557e5a0b4e" />
      <TestMethod codeBase="C:/Users/Remi/Downloads/OIS_kennis_project/OIS_kennis_project/OIS_kennis_tester/bin/Debug/OIS_kennis_tester.DLL" adapterTypeName="Microsoft.VisualStudio.TestTools.TestTypes.Unit.UnitTestAdapter, Microsoft.VisualStudio.QualityTools.Tips.UnitTest.Adapter, Version=10.0.0.0, Culture=neutral, PublicKeyToken=b03f5f7f11d50a3a" className="OIS_kennis_tester.MethodTest, OIS_kennis_tester, Version=1.0.0.0, Culture=neutral, PublicKeyToken=null" name="MethodVraag3" />
    </UnitTest>
    <UnitTest name="StringVraag2" storage="c:\users\remi\downloads\ois_kennis_project\ois_kennis_project\ois_kennis_tester\bin\debug\ois_kennis_tester.dll" id="e0b6ef78-e700-565b-cbd6-e740f0cfbef4">
      <Execution id="1d1967c1-83e3-4ec8-a8c7-9a06bc5074b4" />
      <TestMethod codeBase="C:/Users/Remi/Downloads/OIS_kennis_project/OIS_kennis_project/OIS_kennis_tester/bin/Debug/OIS_kennis_tester.DLL" adapterTypeName="Microsoft.VisualStudio.TestTools.TestTypes.Unit.UnitTestAdapter, Microsoft.VisualStudio.QualityTools.Tips.UnitTest.Adapter, Version=10.0.0.0, Culture=neutral, PublicKeyToken=b03f5f7f11d50a3a" className="OIS_kennis_tester.StringTest, OIS_kennis_tester, Version=1.0.0.0, Culture=neutral, PublicKeyToken=null" name="StringVraag2" />
    </UnitTest>
  </TestDefinitions>
  <TestLists>
    <TestList name="Results Not in a List" id="8c84fa94-04c1-424b-9868-57a2d4851a1d" />
    <TestList name="All Loaded Results" id="19431567-8539-422a-85d7-44ee4e166bda" />
  </TestLists>
  <TestEntries>
    <TestEntry testId="0eefd169-c4cf-cd1c-3a32-c70ef49c2c3d" executionId="13b42730-1622-4a18-bafb-1025d02edbd6" testListId="8c84fa94-04c1-424b-9868-57a2d4851a1d" />
    <TestEntry testId="e0b6ef78-e700-565b-cbd6-e740f0cfbef4" executionId="1d1967c1-83e3-4ec8-a8c7-9a06bc5074b4" testListId="8c84fa94-04c1-424b-9868-57a2d4851a1d" />
    <TestEntry testId="eb2a9e2e-bfd7-2e77-2437-fc15a00b9cd6" executionId="7b0527e5-4120-47ce-a061-6442b667d371" testListId="8c84fa94-04c1-424b-9868-57a2d4851a1d" />
    <TestEntry testId="9830e2e3-d62a-f245-92fb-83745bfcecce" executionId="367a3a9f-f686-4cb1-8131-9a849f5a4ee3" testListId="8c84fa94-04c1-424b-9868-57a2d4851a1d" />
    <TestEntry testId="3b73c140-a992-8705-7d15-4036d93971bb" executionId="611fafd5-89b1-441e-9da2-c7e33fd09866" testListId="8c84fa94-04c1-424b-9868-57a2d4851a1d" />
    <TestEntry testId="9f0b0bc8-da60-e093-86e5-1fe86b64724f" executionId="792ab5df-348e-4311-8104-89cbeca405f0" testListId="8c84fa94-04c1-424b-9868-57a2d4851a1d" />
    <TestEntry testId="f8f85eca-38fd-7e03-3810-571d9eba9870" executionId="38ea5b10-a988-4d23-b2a7-506b8d97841f" testListId="8c84fa94-04c1-424b-9868-57a2d4851a1d" />
    <TestEntry testId="2cd0477a-6b94-360e-b0d3-9655079b7a7c" executionId="22a74535-5826-4160-a2c3-c8557e5a0b4e" testListId="8c84fa94-04c1-424b-9868-57a2d4851a1d" />
    <TestEntry testId="22742481-8c34-2006-d74b-021bccf8bae3" executionId="23b79530-349f-4e08-ab30-d84bff24501b" testListId="8c84fa94-04c1-424b-9868-57a2d4851a1d" />
    <TestEntry testId="a98e4af6-7192-a122-ca5a-5272c84bb94a" executionId="36f47c4d-9bbb-4ea7-bfae-6373664e2312" testListId="8c84fa94-04c1-424b-9868-57a2d4851a1d" />
    <TestEntry testId="fcdd1a83-8464-4441-b0ee-02d11a239914" executionId="b73e3bd5-1033-4d91-9a33-1c2d5de93230" testListId="8c84fa94-04c1-424b-9868-57a2d4851a1d" />
    <TestEntry testId="a86c259f-2896-8160-b9a7-ca1ee96d5e91" executionId="bf0dc13e-41e7-4604-a893-427918e897b1" testListId="8c84fa94-04c1-424b-9868-57a2d4851a1d" />
    <TestEntry testId="a0adf1b9-2744-e62e-91f6-0fe701bca533" executionId="f248eb01-0a77-4163-b0c7-914d6996de5e" testListId="8c84fa94-04c1-424b-9868-57a2d4851a1d" />
  </TestEntries>
  <Results>
    <UnitTestResult executionId="13b42730-1622-4a18-bafb-1025d02edbd6" testId="0eefd169-c4cf-cd1c-3a32-c70ef49c2c3d" testName="StringVraag1" computerName="NOTEREMI-PC" duration="00:00:00.0178562" startTime="2011-10-20T09:24:39.7590000+02:00" endTime="2011-10-20T09:24:40.7160000+02:00" testType="13cdc9d9-ddb5-4fa4-a97d-d965ccfc6d4b" outcome="Passed" testListId="8c84fa94-04c1-424b-9868-57a2d4851a1d" relativeResultsDirectory="13b42730-1622-4a18-bafb-1025d02edbd6">
    </UnitTestResult>
    <UnitTestResult executionId="1d1967c1-83e3-4ec8-a8c7-9a06bc5074b4" testId="e0b6ef78-e700-565b-cbd6-e740f0cfbef4" testName="StringVraag2" computerName="NOTEREMI-PC" duration="00:00:00.0006042" startTime="2011-10-20T09:24:40.7320000+02:00" endTime="2011-10-20T09:24:40.7680000+02:00" testType="13cdc9d9-ddb5-4fa4-a97d-d965ccfc6d4b" outcome="Passed" testListId="8c84fa94-04c1-424b-9868-57a2d4851a1d" relativeResultsDirectory="1d1967c1-83e3-4ec8-a8c7-9a06bc5074b4">
    </UnitTestResult>
    <UnitTestResult executionId="7b0527e5-4120-47ce-a061-6442b667d371" testId="eb2a9e2e-bfd7-2e77-2437-fc15a00b9cd6" testName="StringVraag3" computerName="NOTEREMI-PC" duration="00:00:00.1330932" startTime="2011-10-20T09:24:40.8040000+02:00" endTime="2011-10-20T09:24:40.9540000+02:00" testType="13cdc9d9-ddb5-4fa4-a97d-d965ccfc6d4b" outcome="Failed" testListId="8c84fa94-04c1-424b-9868-57a2d4851a1d" relativeResultsDirectory="7b0527e5-4120-47ce-a061-6442b667d371">
      <Output>
        <ErrorInfo>
          <Message>Assert.IsTrue failed. </Message>
          <StackTrace>   bij OIS_kennis_tester.StringTest.DeWaardeVanResultaatIs(String getal) in C:\Users\Remi\Downloads\OIS_kennis_project\OIS_kennis_project\OIS_kennis_tester\StringTest.cs:regel 20
   bij OIS_kennis_tester.StringTest.StringVraag3() in C:\Users\Remi\Downloads\OIS_kennis_project\OIS_kennis_project\OIS_kennis_tester\StringTest.cs:regel 60
</StackTrace>
        </ErrorInfo>
      </Output>
    </UnitTestResult>
    <UnitTestResult executionId="367a3a9f-f686-4cb1-8131-9a849f5a4ee3" testId="9830e2e3-d62a-f245-92fb-83745bfcecce" testName="StringVraag4" computerName="NOTEREMI-PC" duration="00:00:00.0003961" startTime="2011-10-20T09:24:40.9710000+02:00" endTime="2011-10-20T09:24:40.9880000+02:00" testType="13cdc9d9-ddb5-4fa4-a97d-d965ccfc6d4b" outcome="Passed" testListId="8c84fa94-04c1-424b-9868-57a2d4851a1d" relativeResultsDirectory="367a3a9f-f686-4cb1-8131-9a849f5a4ee3">
    </UnitTestResult>
    <UnitTestResult executionId="611fafd5-89b1-441e-9da2-c7e33fd09866" testId="3b73c140-a992-8705-7d15-4036d93971bb" testName="StringVraag5" computerName="NOTEREMI-PC" duration="00:00:00.0348111" startTime="2011-10-20T09:24:41.0000000+02:00" endTime="2011-10-20T09:24:41.0510000+02:00" testType="13cdc9d9-ddb5-4fa4-a97d-d965ccfc6d4b" outcome="Failed" testListId="8c84fa94-04c1-424b-9868-57a2d4851a1d" relativeResultsDirectory="611fafd5-89b1-441e-9da2-c7e33fd09866">
      <Output>
        <ErrorInfo>
          <Message>Assert.IsTrue failed. </Message>
          <StackTrace>   bij OIS_kennis_tester.StringTest.DeWaardeVanResultaatIs(String getal) in C:\Users\Remi\Downloads\OIS_kennis_project\OIS_kennis_project\OIS_kennis_tester\StringTest.cs:regel 20
   bij OIS_kennis_tester.StringTest.StringVraag5() in C:\Users\Remi\Downloads\OIS_kennis_project\OIS_kennis_project\OIS_kennis_tester\StringTest.cs:regel 82
</StackTrace>
        </ErrorInfo>
      </Output>
    </UnitTestResult>
    <UnitTestResult executionId="792ab5df-348e-4311-8104-89cbeca405f0" testId="9f0b0bc8-da60-e093-86e5-1fe86b64724f" testName="MethodVraag1" computerName="NOTEREMI-PC" duration="00:00:00.0372700" startTime="2011-10-20T09:24:41.0630000+02:00" endTime="2011-10-20T09:24:41.1180000+02:00" testType="13cdc9d9-ddb5-4fa4-a97d-d965ccfc6d4b" outcome="Failed" testListId="8c84fa94-04c1-424b-9868-57a2d4851a1d" relativeResultsDirectory="792ab5df-348e-4311-8104-89cbeca405f0">
      <Output>
        <ErrorInfo>
          <Message>Assert.IsTrue failed. </Message>
          <StackTrace>   bij OIS_kennis_tester.MethodTest.DeWaardeVanResultaatIs(Int32 getal) in C:\Users\Remi\Downloads\OIS_kennis_project\OIS_kennis_project\OIS_kennis_tester\MethodTest.cs:regel 18
   bij OIS_kennis_tester.MethodTest.MethodVraag1() in C:\Users\Remi\Downloads\OIS_kennis_project\OIS_kennis_project\OIS_kennis_tester\MethodTest.cs:regel 46
</StackTrace>
        </ErrorInfo>
      </Output>
    </UnitTestResult>
    <UnitTestResult executionId="38ea5b10-a988-4d23-b2a7-506b8d97841f" testId="f8f85eca-38fd-7e03-3810-571d9eba9870" testName="MethodVraag2" computerName="NOTEREMI-PC" duration="00:00:00.0348324" startTime="2011-10-20T09:24:41.1330000+02:00" endTime="2011-10-20T09:24:41.1850000+02:00" testType="13cdc9d9-ddb5-4fa4-a97d-d965ccfc6d4b" outcome="Failed" testListId="8c84fa94-04c1-424b-9868-57a2d4851a1d" relativeResultsDirectory="38ea5b10-a988-4d23-b2a7-506b8d97841f">
      <Output>
        <ErrorInfo>
          <Message>Assert.IsTrue failed. </Message>
          <StackTrace>   bij OIS_kennis_tester.MethodTest.DeWaardeVanResultaatIs(Int32 getal) in C:\Users\Remi\Downloads\OIS_kennis_project\OIS_kennis_project\OIS_kennis_tester\MethodTest.cs:regel 18
   bij OIS_kennis_tester.MethodTest.MethodVraag2() in C:\Users\Remi\Downloads\OIS_kennis_project\OIS_kennis_project\OIS_kennis_tester\MethodTest.cs:regel 69
</StackTrace>
        </ErrorInfo>
      </Output>
    </UnitTestResult>
    <UnitTestResult executionId="22a74535-5826-4160-a2c3-c8557e5a0b4e" testId="2cd0477a-6b94-360e-b0d3-9655079b7a7c" testName="MethodVraag3" computerName="NOTEREMI-PC" duration="00:00:00.0351872" startTime="2011-10-20T09:24:41.2010000+02:00" endTime="2011-10-20T09:24:41.2520000+02:00" testType="13cdc9d9-ddb5-4fa4-a97d-d965ccfc6d4b" outcome="Failed" testListId="8c84fa94-04c1-424b-9868-57a2d4851a1d" relativeResultsDirectory="22a74535-5826-4160-a2c3-c8557e5a0b4e">
      <Output>
        <ErrorInfo>
          <Message>Assert.IsTrue failed. </Message>
          <StackTrace>   bij OIS_kennis_tester.MethodTest.DeWaardeVanResultaatIs(Int32 getal) in C:\Users\Remi\Downloads\OIS_kennis_project\OIS_kennis_project\OIS_kennis_tester\MethodTest.cs:regel 18
   bij OIS_kennis_tester.MethodTest.MethodVraag3() in C:\Users\Remi\Downloads\OIS_kennis_project\OIS_kennis_project\OIS_kennis_tester\MethodTest.cs:regel 98
</StackTrace>
        </ErrorInfo>
      </Output>
    </UnitTestResult>
    <UnitTestResult executionId="23b79530-349f-4e08-ab30-d84bff24501b" testId="22742481-8c34-2006-d74b-021bccf8bae3" testName="HerhalingsVraag1" computerName="NOTEREMI-PC" duration="00:00:00.0362832" startTime="2011-10-20T09:24:41.2630000+02:00" endTime="2011-10-20T09:24:41.3160000+02:00" testType="13cdc9d9-ddb5-4fa4-a97d-d965ccfc6d4b" outcome="Failed" testListId="8c84fa94-04c1-424b-9868-57a2d4851a1d" relativeResultsDirectory="23b79530-349f-4e08-ab30-d84bff24501b">
      <Output>
        <ErrorInfo>
          <Message>Assert.IsTrue failed. </Message>
          <StackTrace>   bij OIS_kennis_tester.HerhalingsTest.DeWaardeVanResultaatIs(Int32 getal) in C:\Users\Remi\Downloads\OIS_kennis_project\OIS_kennis_project\OIS_kennis_tester\HerhalingsTest.cs:regel 18
   bij OIS_kennis_tester.HerhalingsTest.HerhalingsVraag1() in C:\Users\Remi\Downloads\OIS_kennis_project\OIS_kennis_project\OIS_kennis_tester\HerhalingsTest.cs:regel 42
</StackTrace>
        </ErrorInfo>
      </Output>
    </UnitTestResult>
    <UnitTestResult executionId="36f47c4d-9bbb-4ea7-bfae-6373664e2312" testId="a98e4af6-7192-a122-ca5a-5272c84bb94a" testName="HerhalingsVraag2" computerName="NOTEREMI-PC" duration="00:00:00.0357624" startTime="2011-10-20T09:24:41.3310000+02:00" endTime="2011-10-20T09:24:41.3830000+02:00" testType="13cdc9d9-ddb5-4fa4-a97d-d965ccfc6d4b" outcome="Failed" testListId="8c84fa94-04c1-424b-9868-57a2d4851a1d" relativeResultsDirectory="36f47c4d-9bbb-4ea7-bfae-6373664e2312">
      <Output>
        <ErrorInfo>
          <Message>Assert.IsTrue failed. </Message>
          <StackTrace>   bij OIS_kennis_tester.HerhalingsTest.DeWaardeVanResultaatIs(Int32 getal) in C:\Users\Remi\Downloads\OIS_kennis_project\OIS_kennis_project\OIS_kennis_tester\HerhalingsTest.cs:regel 18
   bij OIS_kennis_tester.HerhalingsTest.HerhalingsVraag2() in C:\Users\Remi\Downloads\OIS_kennis_project\OIS_kennis_project\OIS_kennis_tester\HerhalingsTest.cs:regel 67
</StackTrace>
        </ErrorInfo>
      </Output>
    </UnitTestResult>
    <UnitTestResult executionId="b73e3bd5-1033-4d91-9a33-1c2d5de93230" testId="fcdd1a83-8464-4441-b0ee-02d11a239914" testName="HerhalingsVraag3" computerName="NOTEREMI-PC" duration="00:00:00.0364486" startTime="2011-10-20T09:24:41.3940000+02:00" endTime="2011-10-20T09:24:41.4620000+02:00" testType="13cdc9d9-ddb5-4fa4-a97d-d965ccfc6d4b" outcome="Failed" testListId="8c84fa94-04c1-424b-9868-57a2d4851a1d" relativeResultsDirectory="b73e3bd5-1033-4d91-9a33-1c2d5de93230">
      <Output>
        <ErrorInfo>
          <Message>Assert.IsTrue failed. </Message>
          <StackTrace>   bij OIS_kennis_tester.HerhalingsTest.DeWaardeVanResultaatIs(Int32 getal) in C:\Users\Remi\Downloads\OIS_kennis_project\OIS_kennis_project\OIS_kennis_tester\HerhalingsTest.cs:regel 18
   bij OIS_kennis_tester.HerhalingsTest.HerhalingsVraag3() in C:\Users\Remi\Downloads\OIS_kennis_project\OIS_kennis_project\OIS_kennis_tester\HerhalingsTest.cs:regel 84
</StackTrace>
        </ErrorInfo>
      </Output>
    </UnitTestResult>
    <UnitTestResult executionId="bf0dc13e-41e7-4604-a893-427918e897b1" testId="a86c259f-2896-8160-b9a7-ca1ee96d5e91" testName="HerhalingsVraag4" computerName="NOTEREMI-PC" duration="00:00:00.0369266" startTime="2011-10-20T09:24:41.4770000+02:00" endTime="2011-10-20T09:24:41.5410000+02:00" testType="13cdc9d9-ddb5-4fa4-a97d-d965ccfc6d4b" outcome="Failed" testListId="8c84fa94-04c1-424b-9868-57a2d4851a1d" relativeResultsDirectory="bf0dc13e-41e7-4604-a893-427918e897b1">
      <Output>
        <ErrorInfo>
          <Message>Assert.IsTrue failed. </Message>
          <StackTrace>   bij OIS_kennis_tester.HerhalingsTest.DeWaardeVanResultaatIs(Int32 getal) in C:\Users\Remi\Downloads\OIS_kennis_project\OIS_kennis_project\OIS_kennis_tester\HerhalingsTest.cs:regel 18
   bij OIS_kennis_tester.HerhalingsTest.HerhalingsVraag4() in C:\Users\Remi\Downloads\OIS_kennis_project\OIS_kennis_project\OIS_kennis_tester\HerhalingsTest.cs:regel 101
</StackTrace>
        </ErrorInfo>
      </Output>
    </UnitTestResult>
    <UnitTestResult executionId="f248eb01-0a77-4163-b0c7-914d6996de5e" testId="a0adf1b9-2744-e62e-91f6-0fe701bca533" testName="HerhalingsVraag5" computerName="NOTEREMI-PC" duration="00:00:00.0346606" startTime="2011-10-20T09:24:41.5510000+02:00" endTime="2011-10-20T09:24:41.6020000+02:00" testType="13cdc9d9-ddb5-4fa4-a97d-d965ccfc6d4b" outcome="Failed" testListId="8c84fa94-04c1-424b-9868-57a2d4851a1d" relativeResultsDirectory="f248eb01-0a77-4163-b0c7-914d6996de5e">
      <Output>
        <ErrorInfo>
          <Message>Assert.IsTrue failed. </Message>
          <StackTrace>   bij OIS_kennis_tester.HerhalingsTest.DeWaardeVanResultaatIs(Int32 getal) in C:\Users\Remi\Downloads\OIS_kennis_project\OIS_kennis_project\OIS_kennis_tester\HerhalingsTest.cs:regel 18
   bij OIS_kennis_tester.HerhalingsTest.HerhalingsVraag5() in C:\Users\Remi\Downloads\OIS_kennis_project\OIS_kennis_project\OIS_kennis_tester\HerhalingsTest.cs:regel 116
</StackTrace>
        </ErrorInfo>
      </Output>
    </UnitTestResult>
  </Results>
</TestRun>