<?xml version="1.0" encoding="UTF-8"?>
<TestRun id="74abebf9-7a96-42c5-93c7-0e2ab26c0ddf" name="Remi@NOTEREMI-PC 2011-10-20 09:44:42" runUser="NOTEREMI-PC\Remi" xmlns="http://microsoft.com/schemas/VisualStudio/TeamTest/2010">
  <TestSettings name="Local" id="065d3d36-ed0b-4d5f-9c9a-7aa1c329c84d">
    <Description>These are default test settings for a local test run.</Description>
    <Deployment enabled="false" runDeploymentRoot="Remi_NOTEREMI-PC 2011-10-20 09_44_42" />
    <Execution>
      <TestTypeSpecific />
      <AgentRule name="Execution Agents">
      </AgentRule>
    </Execution>
  </TestSettings>
  <Times creation="2011-10-20T09:44:42.8270000+02:00" queuing="2011-10-20T09:44:44.3910000+02:00" start="2011-10-20T09:44:44.5240000+02:00" finish="2011-10-20T09:44:46.4250000+02:00" />
  <ResultSummary outcome="Failed">
    <Counters total="13" executed="13" passed="9" error="0" failed="4" timeout="0" aborted="0" inconclusive="0" passedButRunAborted="0" notRunnable="0" notExecuted="0" disconnected="0" warning="0" completed="0" inProgress="0" pending="0" />
  </ResultSummary>
  <TestDefinitions>
    <UnitTest name="StringVraag1" storage="c:\users\remi\downloads\ois_kennis_project\ois_kennis_project\ois_kennis_tester\bin\debug\ois_kennis_tester.dll" id="0eefd169-c4cf-cd1c-3a32-c70ef49c2c3d">
      <Execution id="575e0928-1f14-4cb0-83f2-a4d92ed53a7d" />
      <TestMethod codeBase="C:/Users/Remi/Downloads/OIS_kennis_project/OIS_kennis_project/OIS_kennis_tester/bin/Debug/OIS_kennis_tester.DLL" adapterTypeName="Microsoft.VisualStudio.TestTools.TestTypes.Unit.UnitTestAdapter, Microsoft.VisualStudio.QualityTools.Tips.UnitTest.Adapter, Version=10.0.0.0, Culture=neutral, PublicKeyToken=b03f5f7f11d50a3a" className="OIS_kennis_tester.StringTest, OIS_kennis_tester, Version=1.0.0.0, Culture=neutral, PublicKeyToken=null" name="StringVraag1" />
    </UnitTest>
    <UnitTest name="StringVraag3" storage="c:\users\remi\downloads\ois_kennis_project\ois_kennis_project\ois_kennis_tester\bin\debug\ois_kennis_tester.dll" id="eb2a9e2e-bfd7-2e77-2437-fc15a00b9cd6">
      <Execution id="d128befb-6aa1-4329-959f-014edbd1ebd9" />
      <TestMethod codeBase="C:/Users/Remi/Downloads/OIS_kennis_project/OIS_kennis_project/OIS_kennis_tester/bin/Debug/OIS_kennis_tester.DLL" adapterTypeName="Microsoft.VisualStudio.TestTools.TestTypes.Unit.UnitTestAdapter, Microsoft.VisualStudio.QualityTools.Tips.UnitTest.Adapter, Version=10.0.0.0, Culture=neutral, PublicKeyToken=b03f5f7f11d50a3a" className="OIS_kennis_tester.StringTest, OIS_kennis_tester, Version=1.0.0.0, Culture=neutral, PublicKeyToken=null" name="StringVraag3" />
    </UnitTest>
    <UnitTest name="MethodVraag2" storage="c:\users\remi\downloads\ois_kennis_project\ois_kennis_project\ois_kennis_tester\bin\debug\ois_kennis_tester.dll" id="f8f85eca-38fd-7e03-3810-571d9eba9870">
      <Execution id="5c97c913-5e73-44e1-9157-b201f98affb9" />
      <TestMethod codeBase="C:/Users/Remi/Downloads/OIS_kennis_project/OIS_kennis_project/OIS_kennis_tester/bin/Debug/OIS_kennis_tester.DLL" adapterTypeName="Microsoft.VisualStudio.TestTools.TestTypes.Unit.UnitTestAdapter, Microsoft.VisualStudio.QualityTools.Tips.UnitTest.Adapter, Version=10.0.0.0, Culture=neutral, PublicKeyToken=b03f5f7f11d50a3a" className="OIS_kennis_tester.MethodTest, OIS_kennis_tester, Version=1.0.0.0, Culture=neutral, PublicKeyToken=null" name="MethodVraag2" />
    </UnitTest>
    <UnitTest name="HerhalingsVraag2" storage="c:\users\remi\downloads\ois_kennis_project\ois_kennis_project\ois_kennis_tester\bin\debug\ois_kennis_tester.dll" id="a98e4af6-7192-a122-ca5a-5272c84bb94a">
      <Execution id="9aa881c9-e734-4ded-b77e-50465477bd86" />
      <TestMethod codeBase="C:/Users/Remi/Downloads/OIS_kennis_project/OIS_kennis_project/OIS_kennis_tester/bin/Debug/OIS_kennis_tester.DLL" adapterTypeName="Microsoft.VisualStudio.TestTools.TestTypes.Unit.UnitTestAdapter, Microsoft.VisualStudio.QualityTools.Tips.UnitTest.Adapter, Version=10.0.0.0, Culture=neutral, PublicKeyToken=b03f5f7f11d50a3a" className="OIS_kennis_tester.HerhalingsTest, OIS_kennis_tester, Version=1.0.0.0, Culture=neutral, PublicKeyToken=null" name="HerhalingsVraag2" />
    </UnitTest>
    <UnitTest name="StringVraag4" storage="c:\users\remi\downloads\ois_kennis_project\ois_kennis_project\ois_kennis_tester\bin\debug\ois_kennis_tester.dll" id="9830e2e3-d62a-f245-92fb-83745bfcecce">
      <Execution id="344c822f-d992-49df-b9ee-9db2d7354b22" />
      <TestMethod codeBase="C:/Users/Remi/Downloads/OIS_kennis_project/OIS_kennis_project/OIS_kennis_tester/bin/Debug/OIS_kennis_tester.DLL" adapterTypeName="Microsoft.VisualStudio.TestTools.TestTypes.Unit.UnitTestAdapter, Microsoft.VisualStudio.QualityTools.Tips.UnitTest.Adapter, Version=10.0.0.0, Culture=neutral, PublicKeyToken=b03f5f7f11d50a3a" className="OIS_kennis_tester.StringTest, OIS_kennis_tester, Version=1.0.0.0, Culture=neutral, PublicKeyToken=null" name="StringVraag4" />
    </UnitTest>
    <UnitTest name="HerhalingsVraag4" storage="c:\users\remi\downloads\ois_kennis_project\ois_kennis_project\ois_kennis_tester\bin\debug\ois_kennis_tester.dll" id="a86c259f-2896-8160-b9a7-ca1ee96d5e91">
      <Execution id="4473ce04-2bc1-4bd2-b472-554d8e93b546" />
      <TestMethod codeBase="C:/Users/Remi/Downloads/OIS_kennis_project/OIS_kennis_project/OIS_kennis_tester/bin/Debug/OIS_kennis_tester.DLL" adapterTypeName="Microsoft.VisualStudio.TestTools.TestTypes.Unit.UnitTestAdapter, Microsoft.VisualStudio.QualityTools.Tips.UnitTest.Adapter, Version=10.0.0.0, Culture=neutral, PublicKeyToken=b03f5f7f11d50a3a" className="OIS_kennis_tester.HerhalingsTest, OIS_kennis_tester, Version=1.0.0.0, Culture=neutral, PublicKeyToken=null" name="HerhalingsVraag4" />
    </UnitTest>
    <UnitTest name="StringVraag5" storage="c:\users\remi\downloads\ois_kennis_project\ois_kennis_project\ois_kennis_tester\bin\debug\ois_kennis_tester.dll" id="3b73c140-a992-8705-7d15-4036d93971bb">
      <Execution id="5b4c184a-a4da-4f6e-9314-586f6ad16330" />
      <TestMethod codeBase="C:/Users/Remi/Downloads/OIS_kennis_project/OIS_kennis_project/OIS_kennis_tester/bin/Debug/OIS_kennis_tester.DLL" adapterTypeName="Microsoft.VisualStudio.TestTools.TestTypes.Unit.UnitTestAdapter, Microsoft.VisualStudio.QualityTools.Tips.UnitTest.Adapter, Version=10.0.0.0, Culture=neutral, PublicKeyToken=b03f5f7f11d50a3a" className="OIS_kennis_tester.StringTest, OIS_kennis_tester, Version=1.0.0.0, Culture=neutral, PublicKeyToken=null" name="StringVraag5" />
    </UnitTest>
    <UnitTest name="HerhalingsVraag5" storage="c:\users\remi\downloads\ois_kennis_project\ois_kennis_project\ois_kennis_tester\bin\debug\ois_kennis_tester.dll" id="a0adf1b9-2744-e62e-91f6-0fe701bca533">
      <Execution id="3fcbcd26-c3fe-41d9-b4ac-e153b29b988b" />
      <TestMethod codeBase="C:/Users/Remi/Downloads/OIS_kennis_project/OIS_kennis_project/OIS_kennis_tester/bin/Debug/OIS_kennis_tester.DLL" adapterTypeName="Microsoft.VisualStudio.TestTools.TestTypes.Unit.UnitTestAdapter, Microsoft.VisualStudio.QualityTools.Tips.UnitTest.Adapter, Version=10.0.0.0, Culture=neutral, PublicKeyToken=b03f5f7f11d50a3a" className="OIS_kennis_tester.HerhalingsTest, OIS_kennis_tester, Version=1.0.0.0, Culture=neutral, PublicKeyToken=null" name="HerhalingsVraag5" />
    </UnitTest>
    <UnitTest name="MethodVraag1" storage="c:\users\remi\downloads\ois_kennis_project\ois_kennis_project\ois_kennis_tester\bin\debug\ois_kennis_tester.dll" id="9f0b0bc8-da60-e093-86e5-1fe86b64724f">
      <Execution id="8242a5db-e44f-4dae-be8d-1542a0c9286e" />
      <TestMethod codeBase="C:/Users/Remi/Downloads/OIS_kennis_project/OIS_kennis_project/OIS_kennis_tester/bin/Debug/OIS_kennis_tester.DLL" adapterTypeName="Microsoft.VisualStudio.TestTools.TestTypes.Unit.UnitTestAdapter, Microsoft.VisualStudio.QualityTools.Tips.UnitTest.Adapter, Version=10.0.0.0, Culture=neutral, PublicKeyToken=b03f5f7f11d50a3a" className="OIS_kennis_tester.MethodTest, OIS_kennis_tester, Version=1.0.0.0, Culture=neutral, PublicKeyToken=null" name="MethodVraag1" />
    </UnitTest>
    <UnitTest name="HerhalingsVraag1" storage="c:\users\remi\downloads\ois_kennis_project\ois_kennis_project\ois_kennis_tester\bin\debug\ois_kennis_tester.dll" id="22742481-8c34-2006-d74b-021bccf8bae3">
      <Execution id="0e524baf-356f-4b99-98ff-d6e0146fe42a" />
      <TestMethod codeBase="C:/Users/Remi/Downloads/OIS_kennis_project/OIS_kennis_project/OIS_kennis_tester/bin/Debug/OIS_kennis_tester.DLL" adapterTypeName="Microsoft.VisualStudio.TestTools.TestTypes.Unit.UnitTestAdapter, Microsoft.VisualStudio.QualityTools.Tips.UnitTest.Adapter, Version=10.0.0.0, Culture=neutral, PublicKeyToken=b03f5f7f11d50a3a" className="OIS_kennis_tester.HerhalingsTest, OIS_kennis_tester, Version=1.0.0.0, Culture=neutral, PublicKeyToken=null" name="HerhalingsVraag1" />
    </UnitTest>
    <UnitTest name="HerhalingsVraag3" storage="c:\users\remi\downloads\ois_kennis_project\ois_kennis_project\ois_kennis_tester\bin\debug\ois_kennis_tester.dll" id="fcdd1a83-8464-4441-b0ee-02d11a239914">
      <Execution id="d0644bba-2226-4c5b-a27a-b693e08a49c0" />
      <TestMethod codeBase="C:/Users/Remi/Downloads/OIS_kennis_project/OIS_kennis_project/OIS_kennis_tester/bin/Debug/OIS_kennis_tester.DLL" adapterTypeName="Microsoft.VisualStudio.TestTools.TestTypes.Unit.UnitTestAdapter, Microsoft.VisualStudio.QualityTools.Tips.UnitTest.Adapter, Version=10.0.0.0, Culture=neutral, PublicKeyToken=b03f5f7f11d50a3a" className="OIS_kennis_tester.HerhalingsTest, OIS_kennis_tester, Version=1.0.0.0, Culture=neutral, PublicKeyToken=null" name="HerhalingsVraag3" />
    </UnitTest>
    <UnitTest name="MethodVraag3" storage="c:\users\remi\downloads\ois_kennis_project\ois_kennis_project\ois_kennis_tester\bin\debug\ois_kennis_tester.dll" id="2cd0477a-6b94-360e-b0d3-9655079b7a7c">
      <Execution id="a26a690a-5e91-464e-ba03-cc5e29bd4e8a" />
      <TestMethod codeBase="C:/Users/Remi/Downloads/OIS_kennis_project/OIS_kennis_project/OIS_kennis_tester/bin/Debug/OIS_kennis_tester.DLL" adapterTypeName="Microsoft.VisualStudio.TestTools.TestTypes.Unit.UnitTestAdapter, Microsoft.VisualStudio.QualityTools.Tips.UnitTest.Adapter, Version=10.0.0.0, Culture=neutral, PublicKeyToken=b03f5f7f11d50a3a" className="OIS_kennis_tester.MethodTest, OIS_kennis_tester, Version=1.0.0.0, Culture=neutral, PublicKeyToken=null" name="MethodVraag3" />
    </UnitTest>
    <UnitTest name="StringVraag2" storage="c:\users\remi\downloads\ois_kennis_project\ois_kennis_project\ois_kennis_tester\bin\debug\ois_kennis_tester.dll" id="e0b6ef78-e700-565b-cbd6-e740f0cfbef4">
      <Execution id="f7860dd0-6b78-4067-929e-9a8740172fd1" />
      <TestMethod codeBase="C:/Users/Remi/Downloads/OIS_kennis_project/OIS_kennis_project/OIS_kennis_tester/bin/Debug/OIS_kennis_tester.DLL" adapterTypeName="Microsoft.VisualStudio.TestTools.TestTypes.Unit.UnitTestAdapter, Microsoft.VisualStudio.QualityTools.Tips.UnitTest.Adapter, Version=10.0.0.0, Culture=neutral, PublicKeyToken=b03f5f7f11d50a3a" className="OIS_kennis_tester.StringTest, OIS_kennis_tester, Version=1.0.0.0, Culture=neutral, PublicKeyToken=null" name="StringVraag2" />
    </UnitTest>
  </TestDefinitions>
  <TestLists>
    <TestList name="Results Not in a List" id="8c84fa94-04c1-424b-9868-57a2d4851a1d" />
    <TestList name="All Loaded Results" id="19431567-8539-422a-85d7-44ee4e166bda" />
  </TestLists>
  <TestEntries>
    <TestEntry testId="0eefd169-c4cf-cd1c-3a32-c70ef49c2c3d" executionId="575e0928-1f14-4cb0-83f2-a4d92ed53a7d" testListId="8c84fa94-04c1-424b-9868-57a2d4851a1d" />
    <TestEntry testId="e0b6ef78-e700-565b-cbd6-e740f0cfbef4" executionId="f7860dd0-6b78-4067-929e-9a8740172fd1" testListId="8c84fa94-04c1-424b-9868-57a2d4851a1d" />
    <TestEntry testId="eb2a9e2e-bfd7-2e77-2437-fc15a00b9cd6" executionId="d128befb-6aa1-4329-959f-014edbd1ebd9" testListId="8c84fa94-04c1-424b-9868-57a2d4851a1d" />
    <TestEntry testId="9830e2e3-d62a-f245-92fb-83745bfcecce" executionId="344c822f-d992-49df-b9ee-9db2d7354b22" testListId="8c84fa94-04c1-424b-9868-57a2d4851a1d" />
    <TestEntry testId="3b73c140-a992-8705-7d15-4036d93971bb" executionId="5b4c184a-a4da-4f6e-9314-586f6ad16330" testListId="8c84fa94-04c1-424b-9868-57a2d4851a1d" />
    <TestEntry testId="9f0b0bc8-da60-e093-86e5-1fe86b64724f" executionId="8242a5db-e44f-4dae-be8d-1542a0c9286e" testListId="8c84fa94-04c1-424b-9868-57a2d4851a1d" />
    <TestEntry testId="f8f85eca-38fd-7e03-3810-571d9eba9870" executionId="5c97c913-5e73-44e1-9157-b201f98affb9" testListId="8c84fa94-04c1-424b-9868-57a2d4851a1d" />
    <TestEntry testId="2cd0477a-6b94-360e-b0d3-9655079b7a7c" executionId="a26a690a-5e91-464e-ba03-cc5e29bd4e8a" testListId="8c84fa94-04c1-424b-9868-57a2d4851a1d" />
    <TestEntry testId="22742481-8c34-2006-d74b-021bccf8bae3" executionId="0e524baf-356f-4b99-98ff-d6e0146fe42a" testListId="8c84fa94-04c1-424b-9868-57a2d4851a1d" />
    <TestEntry testId="a98e4af6-7192-a122-ca5a-5272c84bb94a" executionId="9aa881c9-e734-4ded-b77e-50465477bd86" testListId="8c84fa94-04c1-424b-9868-57a2d4851a1d" />
    <TestEntry testId="fcdd1a83-8464-4441-b0ee-02d11a239914" executionId="d0644bba-2226-4c5b-a27a-b693e08a49c0" testListId="8c84fa94-04c1-424b-9868-57a2d4851a1d" />
    <TestEntry testId="a86c259f-2896-8160-b9a7-ca1ee96d5e91" executionId="4473ce04-2bc1-4bd2-b472-554d8e93b546" testListId="8c84fa94-04c1-424b-9868-57a2d4851a1d" />
    <TestEntry testId="a0adf1b9-2744-e62e-91f6-0fe701bca533" executionId="3fcbcd26-c3fe-41d9-b4ac-e153b29b988b" testListId="8c84fa94-04c1-424b-9868-57a2d4851a1d" />
  </TestEntries>
  <Results>
    <UnitTestResult executionId="575e0928-1f14-4cb0-83f2-a4d92ed53a7d" testId="0eefd169-c4cf-cd1c-3a32-c70ef49c2c3d" testName="StringVraag1" computerName="NOTEREMI-PC" duration="00:00:00.0185867" startTime="2011-10-20T09:44:44.6570000+02:00" endTime="2011-10-20T09:44:45.5960000+02:00" testType="13cdc9d9-ddb5-4fa4-a97d-d965ccfc6d4b" outcome="Passed" testListId="8c84fa94-04c1-424b-9868-57a2d4851a1d" relativeResultsDirectory="575e0928-1f14-4cb0-83f2-a4d92ed53a7d">
    </UnitTestResult>
    <UnitTestResult executionId="f7860dd0-6b78-4067-929e-9a8740172fd1" testId="e0b6ef78-e700-565b-cbd6-e740f0cfbef4" testName="StringVraag2" computerName="NOTEREMI-PC" duration="00:00:00.0005669" startTime="2011-10-20T09:44:45.6090000+02:00" endTime="2011-10-20T09:44:45.6410000+02:00" testType="13cdc9d9-ddb5-4fa4-a97d-d965ccfc6d4b" outcome="Passed" testListId="8c84fa94-04c1-424b-9868-57a2d4851a1d" relativeResultsDirectory="f7860dd0-6b78-4067-929e-9a8740172fd1">
    </UnitTestResult>
    <UnitTestResult executionId="d128befb-6aa1-4329-959f-014edbd1ebd9" testId="eb2a9e2e-bfd7-2e77-2437-fc15a00b9cd6" testName="StringVraag3" computerName="NOTEREMI-PC" duration="00:00:00.1282216" startTime="2011-10-20T09:44:45.6500000+02:00" endTime="2011-10-20T09:44:45.7970000+02:00" testType="13cdc9d9-ddb5-4fa4-a97d-d965ccfc6d4b" outcome="Failed" testListId="8c84fa94-04c1-424b-9868-57a2d4851a1d" relativeResultsDirectory="d128befb-6aa1-4329-959f-014edbd1ebd9">
      <Output>
        <ErrorInfo>
          <Message>Assert.IsTrue failed. </Message>
          <StackTrace>   bij OIS_kennis_tester.StringTest.DeWaardeVanResultaatIs(String getal) in C:\Users\Remi\Downloads\OIS_kennis_project\OIS_kennis_project\OIS_kennis_tester\StringTest.cs:regel 20
   bij OIS_kennis_tester.StringTest.StringVraag3() in C:\Users\Remi\Downloads\OIS_kennis_project\OIS_kennis_project\OIS_kennis_tester\StringTest.cs:regel 60
</StackTrace>
        </ErrorInfo>
      </Output>
    </UnitTestResult>
    <UnitTestResult executionId="344c822f-d992-49df-b9ee-9db2d7354b22" testId="9830e2e3-d62a-f245-92fb-83745bfcecce" testName="StringVraag4" computerName="NOTEREMI-PC" duration="00:00:00.0003892" startTime="2011-10-20T09:44:45.8160000+02:00" endTime="2011-10-20T09:44:45.8320000+02:00" testType="13cdc9d9-ddb5-4fa4-a97d-d965ccfc6d4b" outcome="Passed" testListId="8c84fa94-04c1-424b-9868-57a2d4851a1d" relativeResultsDirectory="344c822f-d992-49df-b9ee-9db2d7354b22">
    </UnitTestResult>
    <UnitTestResult executionId="5b4c184a-a4da-4f6e-9314-586f6ad16330" testId="3b73c140-a992-8705-7d15-4036d93971bb" testName="StringVraag5" computerName="NOTEREMI-PC" duration="00:00:00.0005221" startTime="2011-10-20T09:44:45.8520000+02:00" endTime="2011-10-20T09:44:45.8680000+02:00" testType="13cdc9d9-ddb5-4fa4-a97d-d965ccfc6d4b" outcome="Passed" testListId="8c84fa94-04c1-424b-9868-57a2d4851a1d" relativeResultsDirectory="5b4c184a-a4da-4f6e-9314-586f6ad16330">
    </UnitTestResult>
    <UnitTestResult executionId="8242a5db-e44f-4dae-be8d-1542a0c9286e" testId="9f0b0bc8-da60-e093-86e5-1fe86b64724f" testName="MethodVraag1" computerName="NOTEREMI-PC" duration="00:00:00.0010110" startTime="2011-10-20T09:44:45.8800000+02:00" endTime="2011-10-20T09:44:45.9020000+02:00" testType="13cdc9d9-ddb5-4fa4-a97d-d965ccfc6d4b" outcome="Passed" testListId="8c84fa94-04c1-424b-9868-57a2d4851a1d" relativeResultsDirectory="8242a5db-e44f-4dae-be8d-1542a0c9286e">
    </UnitTestResult>
    <UnitTestResult executionId="5c97c913-5e73-44e1-9157-b201f98affb9" testId="f8f85eca-38fd-7e03-3810-571d9eba9870" testName="MethodVraag2" computerName="NOTEREMI-PC" duration="00:00:00.0005184" startTime="2011-10-20T09:44:45.9230000+02:00" endTime="2011-10-20T09:44:45.9580000+02:00" testType="13cdc9d9-ddb5-4fa4-a97d-d965ccfc6d4b" outcome="Passed" testListId="8c84fa94-04c1-424b-9868-57a2d4851a1d" relativeResultsDirectory="5c97c913-5e73-44e1-9157-b201f98affb9">
    </UnitTestResult>
    <UnitTestResult executionId="a26a690a-5e91-464e-ba03-cc5e29bd4e8a" testId="2cd0477a-6b94-360e-b0d3-9655079b7a7c" testName="MethodVraag3" computerName="NOTEREMI-PC" duration="00:00:00.0005789" startTime="2011-10-20T09:44:45.9830000+02:00" endTime="2011-10-20T09:44:46.0080000+02:00" testType="13cdc9d9-ddb5-4fa4-a97d-d965ccfc6d4b" outcome="Passed" testListId="8c84fa94-04c1-424b-9868-57a2d4851a1d" relativeResultsDirectory="a26a690a-5e91-464e-ba03-cc5e29bd4e8a">
    </UnitTestResult>
    <UnitTestResult executionId="0e524baf-356f-4b99-98ff-d6e0146fe42a" testId="22742481-8c34-2006-d74b-021bccf8bae3" testName="HerhalingsVraag1" computerName="NOTEREMI-PC" duration="00:00:00.0008266" startTime="2011-10-20T09:44:46.0240000+02:00" endTime="2011-10-20T09:44:46.0460000+02:00" testType="13cdc9d9-ddb5-4fa4-a97d-d965ccfc6d4b" outcome="Passed" testListId="8c84fa94-04c1-424b-9868-57a2d4851a1d" relativeResultsDirectory="0e524baf-356f-4b99-98ff-d6e0146fe42a">
    </UnitTestResult>
    <UnitTestResult executionId="9aa881c9-e734-4ded-b77e-50465477bd86" testId="a98e4af6-7192-a122-ca5a-5272c84bb94a" testName="HerhalingsVraag2" computerName="NOTEREMI-PC" duration="00:00:00.0004195" startTime="2011-10-20T09:44:46.0730000+02:00" endTime="2011-10-20T09:44:46.0980000+02:00" testType="13cdc9d9-ddb5-4fa4-a97d-d965ccfc6d4b" outcome="Passed" testListId="8c84fa94-04c1-424b-9868-57a2d4851a1d" relativeResultsDirectory="9aa881c9-e734-4ded-b77e-50465477bd86">
    </UnitTestResult>
    <UnitTestResult executionId="d0644bba-2226-4c5b-a27a-b693e08a49c0" testId="fcdd1a83-8464-4441-b0ee-02d11a239914" testName="HerhalingsVraag3" computerName="NOTEREMI-PC" duration="00:00:00.0358225" startTime="2011-10-20T09:44:46.1140000+02:00" endTime="2011-10-20T09:44:46.1670000+02:00" testType="13cdc9d9-ddb5-4fa4-a97d-d965ccfc6d4b" outcome="Failed" testListId="8c84fa94-04c1-424b-9868-57a2d4851a1d" relativeResultsDirectory="d0644bba-2226-4c5b-a27a-b693e08a49c0">
      <Output>
        <ErrorInfo>
          <Message>Assert.IsTrue failed. </Message>
          <StackTrace>   bij OIS_kennis_tester.HerhalingsTest.DeWaardeVanResultaatIs(Int32 getal) in C:\Users\Remi\Downloads\OIS_kennis_project\OIS_kennis_project\OIS_kennis_tester\HerhalingsTest.cs:regel 18
   bij OIS_kennis_tester.HerhalingsTest.HerhalingsVraag3() in C:\Users\Remi\Downloads\OIS_kennis_project\OIS_kennis_project\OIS_kennis_tester\HerhalingsTest.cs:regel 84
</StackTrace>
        </ErrorInfo>
      </Output>
    </UnitTestResult>
    <UnitTestResult executionId="4473ce04-2bc1-4bd2-b472-554d8e93b546" testId="a86c259f-2896-8160-b9a7-ca1ee96d5e91" testName="HerhalingsVraag4" computerName="NOTEREMI-PC" duration="00:00:00.0350148" startTime="2011-10-20T09:44:46.1790000+02:00" endTime="2011-10-20T09:44:46.2350000+02:00" testType="13cdc9d9-ddb5-4fa4-a97d-d965ccfc6d4b" outcome="Failed" testListId="8c84fa94-04c1-424b-9868-57a2d4851a1d" relativeResultsDirectory="4473ce04-2bc1-4bd2-b472-554d8e93b546">
      <Output>
        <ErrorInfo>
          <Message>Assert.IsTrue failed. </Message>
          <StackTrace>   bij OIS_kennis_tester.HerhalingsTest.DeWaardeVanResultaatIs(Int32 getal) in C:\Users\Remi\Downloads\OIS_kennis_project\OIS_kennis_project\OIS_kennis_tester\HerhalingsTest.cs:regel 18
   bij OIS_kennis_tester.HerhalingsTest.HerhalingsVraag4() in C:\Users\Remi\Downloads\OIS_kennis_project\OIS_kennis_project\OIS_kennis_tester\HerhalingsTest.cs:regel 101
</StackTrace>
        </ErrorInfo>
      </Output>
    </UnitTestResult>
    <UnitTestResult executionId="3fcbcd26-c3fe-41d9-b4ac-e153b29b988b" testId="a0adf1b9-2744-e62e-91f6-0fe701bca533" testName="HerhalingsVraag5" computerName="NOTEREMI-PC" duration="00:00:00.0348760" startTime="2011-10-20T09:44:46.2480000+02:00" endTime="2011-10-20T09:44:46.2990000+02:00" testType="13cdc9d9-ddb5-4fa4-a97d-d965ccfc6d4b" outcome="Failed" testListId="8c84fa94-04c1-424b-9868-57a2d4851a1d" relativeResultsDirectory="3fcbcd26-c3fe-41d9-b4ac-e153b29b988b">
      <Output>
        <ErrorInfo>
          <Message>Assert.IsTrue failed. </Message>
          <StackTrace>   bij OIS_kennis_tester.HerhalingsTest.DeWaardeVanResultaatIs(Int32 getal) in C:\Users\Remi\Downloads\OIS_kennis_project\OIS_kennis_project\OIS_kennis_tester\HerhalingsTest.cs:regel 18
   bij OIS_kennis_tester.HerhalingsTest.HerhalingsVraag5() in C:\Users\Remi\Downloads\OIS_kennis_project\OIS_kennis_project\OIS_kennis_tester\HerhalingsTest.cs:regel 116
</StackTrace>
        </ErrorInfo>
      </Output>
    </UnitTestResult>
  </Results>
</TestRun>