<?xml version="1.0" encoding="UTF-8"?>
<TestRun id="17706dfd-5b34-4f01-9ab5-e04e3c7f9f43" name="Remi@NOTEREMI-PC 2011-10-20 09:43:38" runUser="NOTEREMI-PC\Remi" xmlns="http://microsoft.com/schemas/VisualStudio/TeamTest/2010">
  <TestSettings name="Local" id="065d3d36-ed0b-4d5f-9c9a-7aa1c329c84d">
    <Description>These are default test settings for a local test run.</Description>
    <Deployment enabled="false" runDeploymentRoot="Remi_NOTEREMI-PC 2011-10-20 09_43_38" />
    <Execution>
      <TestTypeSpecific />
      <AgentRule name="Execution Agents">
      </AgentRule>
    </Execution>
  </TestSettings>
  <Times creation="2011-10-20T09:43:38.9020000+02:00" queuing="2011-10-20T09:43:40.4620000+02:00" start="2011-10-20T09:43:40.5940000+02:00" finish="2011-10-20T09:43:42.4520000+02:00" />
  <ResultSummary outcome="Failed">
    <Counters total="13" executed="13" passed="7" error="0" failed="6" timeout="0" aborted="0" inconclusive="0" passedButRunAborted="0" notRunnable="0" notExecuted="0" disconnected="0" warning="0" completed="0" inProgress="0" pending="0" />
  </ResultSummary>
  <TestDefinitions>
    <UnitTest name="StringVraag1" storage="c:\users\remi\downloads\ois_kennis_project\ois_kennis_project\ois_kennis_tester\bin\debug\ois_kennis_tester.dll" id="0eefd169-c4cf-cd1c-3a32-c70ef49c2c3d">
      <Execution id="d7509ab7-db41-4650-90b9-b65f95980495" />
      <TestMethod codeBase="C:/Users/Remi/Downloads/OIS_kennis_project/OIS_kennis_project/OIS_kennis_tester/bin/Debug/OIS_kennis_tester.DLL" adapterTypeName="Microsoft.VisualStudio.TestTools.TestTypes.Unit.UnitTestAdapter, Microsoft.VisualStudio.QualityTools.Tips.UnitTest.Adapter, Version=10.0.0.0, Culture=neutral, PublicKeyToken=b03f5f7f11d50a3a" className="OIS_kennis_tester.StringTest, OIS_kennis_tester, Version=1.0.0.0, Culture=neutral, PublicKeyToken=null" name="StringVraag1" />
    </UnitTest>
    <UnitTest name="StringVraag3" storage="c:\users\remi\downloads\ois_kennis_project\ois_kennis_project\ois_kennis_tester\bin\debug\ois_kennis_tester.dll" id="eb2a9e2e-bfd7-2e77-2437-fc15a00b9cd6">
      <Execution id="e7552183-2fe1-423a-b077-f3ba9ec64b32" />
      <TestMethod codeBase="C:/Users/Remi/Downloads/OIS_kennis_project/OIS_kennis_project/OIS_kennis_tester/bin/Debug/OIS_kennis_tester.DLL" adapterTypeName="Microsoft.VisualStudio.TestTools.TestTypes.Unit.UnitTestAdapter, Microsoft.VisualStudio.QualityTools.Tips.UnitTest.Adapter, Version=10.0.0.0, Culture=neutral, PublicKeyToken=b03f5f7f11d50a3a" className="OIS_kennis_tester.StringTest, OIS_kennis_tester, Version=1.0.0.0, Culture=neutral, PublicKeyToken=null" name="StringVraag3" />
    </UnitTest>
    <UnitTest name="MethodVraag2" storage="c:\users\remi\downloads\ois_kennis_project\ois_kennis_project\ois_kennis_tester\bin\debug\ois_kennis_tester.dll" id="f8f85eca-38fd-7e03-3810-571d9eba9870">
      <Execution id="d86431ad-fe53-4f21-9329-65949517a90f" />
      <TestMethod codeBase="C:/Users/Remi/Downloads/OIS_kennis_project/OIS_kennis_project/OIS_kennis_tester/bin/Debug/OIS_kennis_tester.DLL" adapterTypeName="Microsoft.VisualStudio.TestTools.TestTypes.Unit.UnitTestAdapter, Microsoft.VisualStudio.QualityTools.Tips.UnitTest.Adapter, Version=10.0.0.0, Culture=neutral, PublicKeyToken=b03f5f7f11d50a3a" className="OIS_kennis_tester.MethodTest, OIS_kennis_tester, Version=1.0.0.0, Culture=neutral, PublicKeyToken=null" name="MethodVraag2" />
    </UnitTest>
    <UnitTest name="HerhalingsVraag2" storage="c:\users\remi\downloads\ois_kennis_project\ois_kennis_project\ois_kennis_tester\bin\debug\ois_kennis_tester.dll" id="a98e4af6-7192-a122-ca5a-5272c84bb94a">
      <Execution id="2169442c-d285-4194-a9c9-81c4569a08c6" />
      <TestMethod codeBase="C:/Users/Remi/Downloads/OIS_kennis_project/OIS_kennis_project/OIS_kennis_tester/bin/Debug/OIS_kennis_tester.DLL" adapterTypeName="Microsoft.VisualStudio.TestTools.TestTypes.Unit.UnitTestAdapter, Microsoft.VisualStudio.QualityTools.Tips.UnitTest.Adapter, Version=10.0.0.0, Culture=neutral, PublicKeyToken=b03f5f7f11d50a3a" className="OIS_kennis_tester.HerhalingsTest, OIS_kennis_tester, Version=1.0.0.0, Culture=neutral, PublicKeyToken=null" name="HerhalingsVraag2" />
    </UnitTest>
    <UnitTest name="StringVraag4" storage="c:\users\remi\downloads\ois_kennis_project\ois_kennis_project\ois_kennis_tester\bin\debug\ois_kennis_tester.dll" id="9830e2e3-d62a-f245-92fb-83745bfcecce">
      <Execution id="b431e64b-cd90-4a37-8f53-f11f57cd4bc5" />
      <TestMethod codeBase="C:/Users/Remi/Downloads/OIS_kennis_project/OIS_kennis_project/OIS_kennis_tester/bin/Debug/OIS_kennis_tester.DLL" adapterTypeName="Microsoft.VisualStudio.TestTools.TestTypes.Unit.UnitTestAdapter, Microsoft.VisualStudio.QualityTools.Tips.UnitTest.Adapter, Version=10.0.0.0, Culture=neutral, PublicKeyToken=b03f5f7f11d50a3a" className="OIS_kennis_tester.StringTest, OIS_kennis_tester, Version=1.0.0.0, Culture=neutral, PublicKeyToken=null" name="StringVraag4" />
    </UnitTest>
    <UnitTest name="HerhalingsVraag4" storage="c:\users\remi\downloads\ois_kennis_project\ois_kennis_project\ois_kennis_tester\bin\debug\ois_kennis_tester.dll" id="a86c259f-2896-8160-b9a7-ca1ee96d5e91">
      <Execution id="f0651318-8dee-4157-83e8-ccfbb7077656" />
      <TestMethod codeBase="C:/Users/Remi/Downloads/OIS_kennis_project/OIS_kennis_project/OIS_kennis_tester/bin/Debug/OIS_kennis_tester.DLL" adapterTypeName="Microsoft.VisualStudio.TestTools.TestTypes.Unit.UnitTestAdapter, Microsoft.VisualStudio.QualityTools.Tips.UnitTest.Adapter, Version=10.0.0.0, Culture=neutral, PublicKeyToken=b03f5f7f11d50a3a" className="OIS_kennis_tester.HerhalingsTest, OIS_kennis_tester, Version=1.0.0.0, Culture=neutral, PublicKeyToken=null" name="HerhalingsVraag4" />
    </UnitTest>
    <UnitTest name="StringVraag5" storage="c:\users\remi\downloads\ois_kennis_project\ois_kennis_project\ois_kennis_tester\bin\debug\ois_kennis_tester.dll" id="3b73c140-a992-8705-7d15-4036d93971bb">
      <Execution id="0cc22b7c-28a8-47cd-a94c-f1bbe1fd4d3e" />
      <TestMethod codeBase="C:/Users/Remi/Downloads/OIS_kennis_project/OIS_kennis_project/OIS_kennis_tester/bin/Debug/OIS_kennis_tester.DLL" adapterTypeName="Microsoft.VisualStudio.TestTools.TestTypes.Unit.UnitTestAdapter, Microsoft.VisualStudio.QualityTools.Tips.UnitTest.Adapter, Version=10.0.0.0, Culture=neutral, PublicKeyToken=b03f5f7f11d50a3a" className="OIS_kennis_tester.StringTest, OIS_kennis_tester, Version=1.0.0.0, Culture=neutral, PublicKeyToken=null" name="StringVraag5" />
    </UnitTest>
    <UnitTest name="HerhalingsVraag5" storage="c:\users\remi\downloads\ois_kennis_project\ois_kennis_project\ois_kennis_tester\bin\debug\ois_kennis_tester.dll" id="a0adf1b9-2744-e62e-91f6-0fe701bca533">
      <Execution id="8ad95fad-22ca-48d0-b5d8-67bae7c87d6d" />
      <TestMethod codeBase="C:/Users/Remi/Downloads/OIS_kennis_project/OIS_kennis_project/OIS_kennis_tester/bin/Debug/OIS_kennis_tester.DLL" adapterTypeName="Microsoft.VisualStudio.TestTools.TestTypes.Unit.UnitTestAdapter, Microsoft.VisualStudio.QualityTools.Tips.UnitTest.Adapter, Version=10.0.0.0, Culture=neutral, PublicKeyToken=b03f5f7f11d50a3a" className="OIS_kennis_tester.HerhalingsTest, OIS_kennis_tester, Version=1.0.0.0, Culture=neutral, PublicKeyToken=null" name="HerhalingsVraag5" />
    </UnitTest>
    <UnitTest name="MethodVraag1" storage="c:\users\remi\downloads\ois_kennis_project\ois_kennis_project\ois_kennis_tester\bin\debug\ois_kennis_tester.dll" id="9f0b0bc8-da60-e093-86e5-1fe86b64724f">
      <Execution id="0f33e353-3d06-4c99-a34f-40157f4deb2a" />
      <TestMethod codeBase="C:/Users/Remi/Downloads/OIS_kennis_project/OIS_kennis_project/OIS_kennis_tester/bin/Debug/OIS_kennis_tester.DLL" adapterTypeName="Microsoft.VisualStudio.TestTools.TestTypes.Unit.UnitTestAdapter, Microsoft.VisualStudio.QualityTools.Tips.UnitTest.Adapter, Version=10.0.0.0, Culture=neutral, PublicKeyToken=b03f5f7f11d50a3a" className="OIS_kennis_tester.MethodTest, OIS_kennis_tester, Version=1.0.0.0, Culture=neutral, PublicKeyToken=null" name="MethodVraag1" />
    </UnitTest>
    <UnitTest name="HerhalingsVraag1" storage="c:\users\remi\downloads\ois_kennis_project\ois_kennis_project\ois_kennis_tester\bin\debug\ois_kennis_tester.dll" id="22742481-8c34-2006-d74b-021bccf8bae3">
      <Execution id="7a37a96a-d60b-4402-b4ee-1c0e430092c2" />
      <TestMethod codeBase="C:/Users/Remi/Downloads/OIS_kennis_project/OIS_kennis_project/OIS_kennis_tester/bin/Debug/OIS_kennis_tester.DLL" adapterTypeName="Microsoft.VisualStudio.TestTools.TestTypes.Unit.UnitTestAdapter, Microsoft.VisualStudio.QualityTools.Tips.UnitTest.Adapter, Version=10.0.0.0, Culture=neutral, PublicKeyToken=b03f5f7f11d50a3a" className="OIS_kennis_tester.HerhalingsTest, OIS_kennis_tester, Version=1.0.0.0, Culture=neutral, PublicKeyToken=null" name="HerhalingsVraag1" />
    </UnitTest>
    <UnitTest name="HerhalingsVraag3" storage="c:\users\remi\downloads\ois_kennis_project\ois_kennis_project\ois_kennis_tester\bin\debug\ois_kennis_tester.dll" id="fcdd1a83-8464-4441-b0ee-02d11a239914">
      <Execution id="e2d7ccb5-b575-45d7-96d0-fafe016647de" />
      <TestMethod codeBase="C:/Users/Remi/Downloads/OIS_kennis_project/OIS_kennis_project/OIS_kennis_tester/bin/Debug/OIS_kennis_tester.DLL" adapterTypeName="Microsoft.VisualStudio.TestTools.TestTypes.Unit.UnitTestAdapter, Microsoft.VisualStudio.QualityTools.Tips.UnitTest.Adapter, Version=10.0.0.0, Culture=neutral, PublicKeyToken=b03f5f7f11d50a3a" className="OIS_kennis_tester.HerhalingsTest, OIS_kennis_tester, Version=1.0.0.0, Culture=neutral, PublicKeyToken=null" name="HerhalingsVraag3" />
    </UnitTest>
    <UnitTest name="MethodVraag3" storage="c:\users\remi\downloads\ois_kennis_project\ois_kennis_project\ois_kennis_tester\bin\debug\ois_kennis_tester.dll" id="2cd0477a-6b94-360e-b0d3-9655079b7a7c">
      <Execution id="6f882382-cbf7-41b9-afa5-e71f0ef71369" />
      <TestMethod codeBase="C:/Users/Remi/Downloads/OIS_kennis_project/OIS_kennis_project/OIS_kennis_tester/bin/Debug/OIS_kennis_tester.DLL" adapterTypeName="Microsoft.VisualStudio.TestTools.TestTypes.Unit.UnitTestAdapter, Microsoft.VisualStudio.QualityTools.Tips.UnitTest.Adapter, Version=10.0.0.0, Culture=neutral, PublicKeyToken=b03f5f7f11d50a3a" className="OIS_kennis_tester.MethodTest, OIS_kennis_tester, Version=1.0.0.0, Culture=neutral, PublicKeyToken=null" name="MethodVraag3" />
    </UnitTest>
    <UnitTest name="StringVraag2" storage="c:\users\remi\downloads\ois_kennis_project\ois_kennis_project\ois_kennis_tester\bin\debug\ois_kennis_tester.dll" id="e0b6ef78-e700-565b-cbd6-e740f0cfbef4">
      <Execution id="8acd7e77-54d2-40c9-bc3b-fbf4d10194ff" />
      <TestMethod codeBase="C:/Users/Remi/Downloads/OIS_kennis_project/OIS_kennis_project/OIS_kennis_tester/bin/Debug/OIS_kennis_tester.DLL" adapterTypeName="Microsoft.VisualStudio.TestTools.TestTypes.Unit.UnitTestAdapter, Microsoft.VisualStudio.QualityTools.Tips.UnitTest.Adapter, Version=10.0.0.0, Culture=neutral, PublicKeyToken=b03f5f7f11d50a3a" className="OIS_kennis_tester.StringTest, OIS_kennis_tester, Version=1.0.0.0, Culture=neutral, PublicKeyToken=null" name="StringVraag2" />
    </UnitTest>
  </TestDefinitions>
  <TestLists>
    <TestList name="Results Not in a List" id="8c84fa94-04c1-424b-9868-57a2d4851a1d" />
    <TestList name="All Loaded Results" id="19431567-8539-422a-85d7-44ee4e166bda" />
  </TestLists>
  <TestEntries>
    <TestEntry testId="0eefd169-c4cf-cd1c-3a32-c70ef49c2c3d" executionId="d7509ab7-db41-4650-90b9-b65f95980495" testListId="8c84fa94-04c1-424b-9868-57a2d4851a1d" />
    <TestEntry testId="e0b6ef78-e700-565b-cbd6-e740f0cfbef4" executionId="8acd7e77-54d2-40c9-bc3b-fbf4d10194ff" testListId="8c84fa94-04c1-424b-9868-57a2d4851a1d" />
    <TestEntry testId="eb2a9e2e-bfd7-2e77-2437-fc15a00b9cd6" executionId="e7552183-2fe1-423a-b077-f3ba9ec64b32" testListId="8c84fa94-04c1-424b-9868-57a2d4851a1d" />
    <TestEntry testId="9830e2e3-d62a-f245-92fb-83745bfcecce" executionId="b431e64b-cd90-4a37-8f53-f11f57cd4bc5" testListId="8c84fa94-04c1-424b-9868-57a2d4851a1d" />
    <TestEntry testId="3b73c140-a992-8705-7d15-4036d93971bb" executionId="0cc22b7c-28a8-47cd-a94c-f1bbe1fd4d3e" testListId="8c84fa94-04c1-424b-9868-57a2d4851a1d" />
    <TestEntry testId="9f0b0bc8-da60-e093-86e5-1fe86b64724f" executionId="0f33e353-3d06-4c99-a34f-40157f4deb2a" testListId="8c84fa94-04c1-424b-9868-57a2d4851a1d" />
    <TestEntry testId="f8f85eca-38fd-7e03-3810-571d9eba9870" executionId="d86431ad-fe53-4f21-9329-65949517a90f" testListId="8c84fa94-04c1-424b-9868-57a2d4851a1d" />
    <TestEntry testId="2cd0477a-6b94-360e-b0d3-9655079b7a7c" executionId="6f882382-cbf7-41b9-afa5-e71f0ef71369" testListId="8c84fa94-04c1-424b-9868-57a2d4851a1d" />
    <TestEntry testId="22742481-8c34-2006-d74b-021bccf8bae3" executionId="7a37a96a-d60b-4402-b4ee-1c0e430092c2" testListId="8c84fa94-04c1-424b-9868-57a2d4851a1d" />
    <TestEntry testId="a98e4af6-7192-a122-ca5a-5272c84bb94a" executionId="2169442c-d285-4194-a9c9-81c4569a08c6" testListId="8c84fa94-04c1-424b-9868-57a2d4851a1d" />
    <TestEntry testId="fcdd1a83-8464-4441-b0ee-02d11a239914" executionId="e2d7ccb5-b575-45d7-96d0-fafe016647de" testListId="8c84fa94-04c1-424b-9868-57a2d4851a1d" />
    <TestEntry testId="a86c259f-2896-8160-b9a7-ca1ee96d5e91" executionId="f0651318-8dee-4157-83e8-ccfbb7077656" testListId="8c84fa94-04c1-424b-9868-57a2d4851a1d" />
    <TestEntry testId="a0adf1b9-2744-e62e-91f6-0fe701bca533" executionId="8ad95fad-22ca-48d0-b5d8-67bae7c87d6d" testListId="8c84fa94-04c1-424b-9868-57a2d4851a1d" />
  </TestEntries>
  <Results>
    <UnitTestResult executionId="d7509ab7-db41-4650-90b9-b65f95980495" testId="0eefd169-c4cf-cd1c-3a32-c70ef49c2c3d" testName="StringVraag1" computerName="NOTEREMI-PC" duration="00:00:00.0186785" startTime="2011-10-20T09:43:40.6850000+02:00" endTime="2011-10-20T09:43:41.6640000+02:00" testType="13cdc9d9-ddb5-4fa4-a97d-d965ccfc6d4b" outcome="Passed" testListId="8c84fa94-04c1-424b-9868-57a2d4851a1d" relativeResultsDirectory="d7509ab7-db41-4650-90b9-b65f95980495">
    </UnitTestResult>
    <UnitTestResult executionId="8acd7e77-54d2-40c9-bc3b-fbf4d10194ff" testId="e0b6ef78-e700-565b-cbd6-e740f0cfbef4" testName="StringVraag2" computerName="NOTEREMI-PC" duration="00:00:00.0005669" startTime="2011-10-20T09:43:41.6790000+02:00" endTime="2011-10-20T09:43:41.7120000+02:00" testType="13cdc9d9-ddb5-4fa4-a97d-d965ccfc6d4b" outcome="Passed" testListId="8c84fa94-04c1-424b-9868-57a2d4851a1d" relativeResultsDirectory="8acd7e77-54d2-40c9-bc3b-fbf4d10194ff">
    </UnitTestResult>
    <UnitTestResult executionId="e7552183-2fe1-423a-b077-f3ba9ec64b32" testId="eb2a9e2e-bfd7-2e77-2437-fc15a00b9cd6" testName="StringVraag3" computerName="NOTEREMI-PC" duration="00:00:00.1297084" startTime="2011-10-20T09:43:41.7250000+02:00" endTime="2011-10-20T09:43:41.8710000+02:00" testType="13cdc9d9-ddb5-4fa4-a97d-d965ccfc6d4b" outcome="Failed" testListId="8c84fa94-04c1-424b-9868-57a2d4851a1d" relativeResultsDirectory="e7552183-2fe1-423a-b077-f3ba9ec64b32">
      <Output>
        <ErrorInfo>
          <Message>Assert.IsTrue failed. </Message>
          <StackTrace>   bij OIS_kennis_tester.StringTest.DeWaardeVanResultaatIs(String getal) in C:\Users\Remi\Downloads\OIS_kennis_project\OIS_kennis_project\OIS_kennis_tester\StringTest.cs:regel 20
   bij OIS_kennis_tester.StringTest.StringVraag3() in C:\Users\Remi\Downloads\OIS_kennis_project\OIS_kennis_project\OIS_kennis_tester\StringTest.cs:regel 60
</StackTrace>
        </ErrorInfo>
      </Output>
    </UnitTestResult>
    <UnitTestResult executionId="b431e64b-cd90-4a37-8f53-f11f57cd4bc5" testId="9830e2e3-d62a-f245-92fb-83745bfcecce" testName="StringVraag4" computerName="NOTEREMI-PC" duration="00:00:00.0004008" startTime="2011-10-20T09:43:41.8820000+02:00" endTime="2011-10-20T09:43:41.9060000+02:00" testType="13cdc9d9-ddb5-4fa4-a97d-d965ccfc6d4b" outcome="Passed" testListId="8c84fa94-04c1-424b-9868-57a2d4851a1d" relativeResultsDirectory="b431e64b-cd90-4a37-8f53-f11f57cd4bc5">
    </UnitTestResult>
    <UnitTestResult executionId="0cc22b7c-28a8-47cd-a94c-f1bbe1fd4d3e" testId="3b73c140-a992-8705-7d15-4036d93971bb" testName="StringVraag5" computerName="NOTEREMI-PC" duration="00:00:00.0005016" startTime="2011-10-20T09:43:41.9170000+02:00" endTime="2011-10-20T09:43:41.9350000+02:00" testType="13cdc9d9-ddb5-4fa4-a97d-d965ccfc6d4b" outcome="Passed" testListId="8c84fa94-04c1-424b-9868-57a2d4851a1d" relativeResultsDirectory="0cc22b7c-28a8-47cd-a94c-f1bbe1fd4d3e">
    </UnitTestResult>
    <UnitTestResult executionId="0f33e353-3d06-4c99-a34f-40157f4deb2a" testId="9f0b0bc8-da60-e093-86e5-1fe86b64724f" testName="MethodVraag1" computerName="NOTEREMI-PC" duration="00:00:00.0010276" startTime="2011-10-20T09:43:41.9490000+02:00" endTime="2011-10-20T09:43:41.9680000+02:00" testType="13cdc9d9-ddb5-4fa4-a97d-d965ccfc6d4b" outcome="Passed" testListId="8c84fa94-04c1-424b-9868-57a2d4851a1d" relativeResultsDirectory="0f33e353-3d06-4c99-a34f-40157f4deb2a">
    </UnitTestResult>
    <UnitTestResult executionId="d86431ad-fe53-4f21-9329-65949517a90f" testId="f8f85eca-38fd-7e03-3810-571d9eba9870" testName="MethodVraag2" computerName="NOTEREMI-PC" duration="00:00:00.0005216" startTime="2011-10-20T09:43:41.9780000+02:00" endTime="2011-10-20T09:43:42.0000000+02:00" testType="13cdc9d9-ddb5-4fa4-a97d-d965ccfc6d4b" outcome="Passed" testListId="8c84fa94-04c1-424b-9868-57a2d4851a1d" relativeResultsDirectory="d86431ad-fe53-4f21-9329-65949517a90f">
    </UnitTestResult>
    <UnitTestResult executionId="6f882382-cbf7-41b9-afa5-e71f0ef71369" testId="2cd0477a-6b94-360e-b0d3-9655079b7a7c" testName="MethodVraag3" computerName="NOTEREMI-PC" duration="00:00:00.0005782" startTime="2011-10-20T09:43:42.0130000+02:00" endTime="2011-10-20T09:43:42.0300000+02:00" testType="13cdc9d9-ddb5-4fa4-a97d-d965ccfc6d4b" outcome="Passed" testListId="8c84fa94-04c1-424b-9868-57a2d4851a1d" relativeResultsDirectory="6f882382-cbf7-41b9-afa5-e71f0ef71369">
    </UnitTestResult>
    <UnitTestResult executionId="7a37a96a-d60b-4402-b4ee-1c0e430092c2" testId="22742481-8c34-2006-d74b-021bccf8bae3" testName="HerhalingsVraag1" computerName="NOTEREMI-PC" duration="00:00:00.0368837" startTime="2011-10-20T09:43:42.0400000+02:00" endTime="2011-10-20T09:43:42.0950000+02:00" testType="13cdc9d9-ddb5-4fa4-a97d-d965ccfc6d4b" outcome="Failed" testListId="8c84fa94-04c1-424b-9868-57a2d4851a1d" relativeResultsDirectory="7a37a96a-d60b-4402-b4ee-1c0e430092c2">
      <Output>
        <ErrorInfo>
          <Message>Assert.IsTrue failed. </Message>
          <StackTrace>   bij OIS_kennis_tester.HerhalingsTest.DeWaardeVanResultaatIs(Int32 getal) in C:\Users\Remi\Downloads\OIS_kennis_project\OIS_kennis_project\OIS_kennis_tester\HerhalingsTest.cs:regel 18
   bij OIS_kennis_tester.HerhalingsTest.HerhalingsVraag1() in C:\Users\Remi\Downloads\OIS_kennis_project\OIS_kennis_project\OIS_kennis_tester\HerhalingsTest.cs:regel 42
</StackTrace>
        </ErrorInfo>
      </Output>
    </UnitTestResult>
    <UnitTestResult executionId="2169442c-d285-4194-a9c9-81c4569a08c6" testId="a98e4af6-7192-a122-ca5a-5272c84bb94a" testName="HerhalingsVraag2" computerName="NOTEREMI-PC" duration="00:00:00.0357166" startTime="2011-10-20T09:43:42.1050000+02:00" endTime="2011-10-20T09:43:42.1590000+02:00" testType="13cdc9d9-ddb5-4fa4-a97d-d965ccfc6d4b" outcome="Failed" testListId="8c84fa94-04c1-424b-9868-57a2d4851a1d" relativeResultsDirectory="2169442c-d285-4194-a9c9-81c4569a08c6">
      <Output>
        <ErrorInfo>
          <Message>Assert.IsTrue failed. </Message>
          <StackTrace>   bij OIS_kennis_tester.HerhalingsTest.DeWaardeVanResultaatIs(Int32 getal) in C:\Users\Remi\Downloads\OIS_kennis_project\OIS_kennis_project\OIS_kennis_tester\HerhalingsTest.cs:regel 18
   bij OIS_kennis_tester.HerhalingsTest.HerhalingsVraag2() in C:\Users\Remi\Downloads\OIS_kennis_project\OIS_kennis_project\OIS_kennis_tester\HerhalingsTest.cs:regel 67
</StackTrace>
        </ErrorInfo>
      </Output>
    </UnitTestResult>
    <UnitTestResult executionId="e2d7ccb5-b575-45d7-96d0-fafe016647de" testId="fcdd1a83-8464-4441-b0ee-02d11a239914" testName="HerhalingsVraag3" computerName="NOTEREMI-PC" duration="00:00:00.0357814" startTime="2011-10-20T09:43:42.1770000+02:00" endTime="2011-10-20T09:43:42.2310000+02:00" testType="13cdc9d9-ddb5-4fa4-a97d-d965ccfc6d4b" outcome="Failed" testListId="8c84fa94-04c1-424b-9868-57a2d4851a1d" relativeResultsDirectory="e2d7ccb5-b575-45d7-96d0-fafe016647de">
      <Output>
        <ErrorInfo>
          <Message>Assert.IsTrue failed. </Message>
          <StackTrace>   bij OIS_kennis_tester.HerhalingsTest.DeWaardeVanResultaatIs(Int32 getal) in C:\Users\Remi\Downloads\OIS_kennis_project\OIS_kennis_project\OIS_kennis_tester\HerhalingsTest.cs:regel 18
   bij OIS_kennis_tester.HerhalingsTest.HerhalingsVraag3() in C:\Users\Remi\Downloads\OIS_kennis_project\OIS_kennis_project\OIS_kennis_tester\HerhalingsTest.cs:regel 84
</StackTrace>
        </ErrorInfo>
      </Output>
    </UnitTestResult>
    <UnitTestResult executionId="f0651318-8dee-4157-83e8-ccfbb7077656" testId="a86c259f-2896-8160-b9a7-ca1ee96d5e91" testName="HerhalingsVraag4" computerName="NOTEREMI-PC" duration="00:00:00.0359628" startTime="2011-10-20T09:43:42.2420000+02:00" endTime="2011-10-20T09:43:42.2970000+02:00" testType="13cdc9d9-ddb5-4fa4-a97d-d965ccfc6d4b" outcome="Failed" testListId="8c84fa94-04c1-424b-9868-57a2d4851a1d" relativeResultsDirectory="f0651318-8dee-4157-83e8-ccfbb7077656">
      <Output>
        <ErrorInfo>
          <Message>Assert.IsTrue failed. </Message>
          <StackTrace>   bij OIS_kennis_tester.HerhalingsTest.DeWaardeVanResultaatIs(Int32 getal) in C:\Users\Remi\Downloads\OIS_kennis_project\OIS_kennis_project\OIS_kennis_tester\HerhalingsTest.cs:regel 18
   bij OIS_kennis_tester.HerhalingsTest.HerhalingsVraag4() in C:\Users\Remi\Downloads\OIS_kennis_project\OIS_kennis_project\OIS_kennis_tester\HerhalingsTest.cs:regel 101
</StackTrace>
        </ErrorInfo>
      </Output>
    </UnitTestResult>
    <UnitTestResult executionId="8ad95fad-22ca-48d0-b5d8-67bae7c87d6d" testId="a0adf1b9-2744-e62e-91f6-0fe701bca533" testName="HerhalingsVraag5" computerName="NOTEREMI-PC" duration="00:00:00.0350189" startTime="2011-10-20T09:43:42.3070000+02:00" endTime="2011-10-20T09:43:42.3620000+02:00" testType="13cdc9d9-ddb5-4fa4-a97d-d965ccfc6d4b" outcome="Failed" testListId="8c84fa94-04c1-424b-9868-57a2d4851a1d" relativeResultsDirectory="8ad95fad-22ca-48d0-b5d8-67bae7c87d6d">
      <Output>
        <ErrorInfo>
          <Message>Assert.IsTrue failed. </Message>
          <StackTrace>   bij OIS_kennis_tester.HerhalingsTest.DeWaardeVanResultaatIs(Int32 getal) in C:\Users\Remi\Downloads\OIS_kennis_project\OIS_kennis_project\OIS_kennis_tester\HerhalingsTest.cs:regel 18
   bij OIS_kennis_tester.HerhalingsTest.HerhalingsVraag5() in C:\Users\Remi\Downloads\OIS_kennis_project\OIS_kennis_project\OIS_kennis_tester\HerhalingsTest.cs:regel 116
</StackTrace>
        </ErrorInfo>
      </Output>
    </UnitTestResult>
  </Results>
</TestRun>