<?xml version="1.0" encoding="UTF-8"?>
<TestRun id="ea6f9a07-bdca-4b30-b758-08a5e55ab27c" name="Willem@WILLEM-LAPTOP 2011-04-04 12:32:40" runUser="Willem-laptop\Willem" xmlns="http://microsoft.com/schemas/VisualStudio/TeamTest/2010">
  <TestSettings name="Local" id="246b12c3-9259-4b94-bc30-027311afd960">
    <Description>These are default test settings for a local test run.</Description>
    <Deployment enabled="false" runDeploymentRoot="Willem_WILLEM-LAPTOP 2011-04-04 12_32_40">
      <DeploymentItem filename="C:\Users\Willem\Documents\My Dropbox\S22 Groep C\Software Engineering\Project\MateriaalVerhuurApplicatie\MateriaalVerhuurApplicatie\bin\Debug\MateriaalVerhuurApplicatie.exe" />
    </Deployment>
    <Execution>
      <TestTypeSpecific />
      <AgentRule name="Execution Agents">
      </AgentRule>
    </Execution>
  </TestSettings>
  <Times creation="2011-04-04T12:32:40.5692874+02:00" queuing="2011-04-04T12:32:40.6142900+02:00" start="2011-04-04T12:32:40.6572925+02:00" finish="2011-04-04T12:32:41.6943518+02:00" />
  <ResultSummary outcome="Failed">
    <Counters total="8" executed="8" passed="4" error="0" failed="3" timeout="0" aborted="0" inconclusive="1" passedButRunAborted="0" notRunnable="0" notExecuted="0" disconnected="0" warning="0" completed="0" inProgress="0" pending="0" />
  </ResultSummary>
  <TestDefinitions>
    <UnitTest name="getAantalUitgeleendTest" storage="c:\users\willem\documents\my dropbox\s22 groep c\software engineering\project\materiaalverhuurapplicatie\materiaalverhuurtests\bin\debug\materiaalverhuurtests.dll" id="131234a7-1171-1ceb-6b40-0e1d5ffd8388">
      <Execution id="bb64ed60-bc78-4dea-916e-b6aa7344519b" />
      <TestMethod codeBase="C:/Users/Willem/Documents/My Dropbox/S22 Groep C/Software Engineering/Project/MateriaalVerhuurApplicatie/MateriaalVerhuurTests/bin/Debug/MateriaalVerhuurTests.DLL" adapterTypeName="Microsoft.VisualStudio.TestTools.TestTypes.Unit.UnitTestAdapter, Microsoft.VisualStudio.QualityTools.Tips.UnitTest.Adapter, Version=10.0.0.0, Culture=neutral, PublicKeyToken=b03f5f7f11d50a3a" className="MateriaalVerhuurTests.DatabaseKoppelingTest, MateriaalVerhuurTests, Version=1.0.0.0, Culture=neutral, PublicKeyToken=null" name="getAantalUitgeleendTest" />
    </UnitTest>
    <UnitTest name="GetHoeveelheidMateriaalTest" storage="c:\users\willem\documents\my dropbox\s22 groep c\software engineering\project\materiaalverhuurapplicatie\materiaalverhuurtests\bin\debug\materiaalverhuurtests.dll" id="a9d3c588-422d-0927-a5a3-0da0b0796ea3">
      <Execution id="7d225b7f-5275-4f11-ad5d-e507323a0206" />
      <TestMethod codeBase="C:/Users/Willem/Documents/My Dropbox/S22 Groep C/Software Engineering/Project/MateriaalVerhuurApplicatie/MateriaalVerhuurTests/bin/Debug/MateriaalVerhuurTests.DLL" adapterTypeName="Microsoft.VisualStudio.TestTools.TestTypes.Unit.UnitTestAdapter, Microsoft.VisualStudio.QualityTools.Tips.UnitTest.Adapter, Version=10.0.0.0, Culture=neutral, PublicKeyToken=b03f5f7f11d50a3a" className="MateriaalVerhuurTests.DatabaseKoppelingTest, MateriaalVerhuurTests, Version=1.0.0.0, Culture=neutral, PublicKeyToken=null" name="GetHoeveelheidMateriaalTest" />
    </UnitTest>
    <UnitTest name="RemoveGeheleUitleningTest" storage="c:\users\willem\documents\my dropbox\s22 groep c\software engineering\project\materiaalverhuurapplicatie\materiaalverhuurtests\bin\debug\materiaalverhuurtests.dll" id="b1080f66-cc04-aa27-7aa3-4cb9ac1c3dee">
      <Execution id="f6d93b8a-7b03-4530-8948-59d8afffcbb8" />
      <TestMethod codeBase="C:/Users/Willem/Documents/My Dropbox/S22 Groep C/Software Engineering/Project/MateriaalVerhuurApplicatie/MateriaalVerhuurTests/bin/Debug/MateriaalVerhuurTests.DLL" adapterTypeName="Microsoft.VisualStudio.TestTools.TestTypes.Unit.UnitTestAdapter, Microsoft.VisualStudio.QualityTools.Tips.UnitTest.Adapter, Version=10.0.0.0, Culture=neutral, PublicKeyToken=b03f5f7f11d50a3a" className="MateriaalVerhuurTests.DatabaseKoppelingTest, MateriaalVerhuurTests, Version=1.0.0.0, Culture=neutral, PublicKeyToken=null" name="RemoveGeheleUitleningTest" />
    </UnitTest>
    <UnitTest name="getUitleningTest" storage="c:\users\willem\documents\my dropbox\s22 groep c\software engineering\project\materiaalverhuurapplicatie\materiaalverhuurtests\bin\debug\materiaalverhuurtests.dll" id="c92a630c-5d45-cd0b-10c4-7cce8ac42e67">
      <Execution id="c3dad788-c43e-4ebf-a88f-38bab4472d36" />
      <TestMethod codeBase="C:/Users/Willem/Documents/My Dropbox/S22 Groep C/Software Engineering/Project/MateriaalVerhuurApplicatie/MateriaalVerhuurTests/bin/Debug/MateriaalVerhuurTests.DLL" adapterTypeName="Microsoft.VisualStudio.TestTools.TestTypes.Unit.UnitTestAdapter, Microsoft.VisualStudio.QualityTools.Tips.UnitTest.Adapter, Version=10.0.0.0, Culture=neutral, PublicKeyToken=b03f5f7f11d50a3a" className="MateriaalVerhuurTests.DatabaseKoppelingTest, MateriaalVerhuurTests, Version=1.0.0.0, Culture=neutral, PublicKeyToken=null" name="getUitleningTest" />
    </UnitTest>
    <UnitTest name="getPersonenBijUitleningTest" storage="c:\users\willem\documents\my dropbox\s22 groep c\software engineering\project\materiaalverhuurapplicatie\materiaalverhuurtests\bin\debug\materiaalverhuurtests.dll" id="1a2829b3-2878-37d8-31e0-4511c24c1e2f">
      <Execution id="7469e2d6-60ac-490d-88de-5c0d7ab3eb62" />
      <TestMethod codeBase="C:/Users/Willem/Documents/My Dropbox/S22 Groep C/Software Engineering/Project/MateriaalVerhuurApplicatie/MateriaalVerhuurTests/bin/Debug/MateriaalVerhuurTests.DLL" adapterTypeName="Microsoft.VisualStudio.TestTools.TestTypes.Unit.UnitTestAdapter, Microsoft.VisualStudio.QualityTools.Tips.UnitTest.Adapter, Version=10.0.0.0, Culture=neutral, PublicKeyToken=b03f5f7f11d50a3a" className="MateriaalVerhuurTests.DatabaseKoppelingTest, MateriaalVerhuurTests, Version=1.0.0.0, Culture=neutral, PublicKeyToken=null" name="getPersonenBijUitleningTest" />
    </UnitTest>
    <UnitTest name="getMateriaalTest" storage="c:\users\willem\documents\my dropbox\s22 groep c\software engineering\project\materiaalverhuurapplicatie\materiaalverhuurtests\bin\debug\materiaalverhuurtests.dll" id="096730a9-c92e-56b7-9c9a-03edfe8fcdb3">
      <Execution id="7c3d49f0-5101-4fd5-b827-f2e77024b9dd" />
      <TestMethod codeBase="C:/Users/Willem/Documents/My Dropbox/S22 Groep C/Software Engineering/Project/MateriaalVerhuurApplicatie/MateriaalVerhuurTests/bin/Debug/MateriaalVerhuurTests.DLL" adapterTypeName="Microsoft.VisualStudio.TestTools.TestTypes.Unit.UnitTestAdapter, Microsoft.VisualStudio.QualityTools.Tips.UnitTest.Adapter, Version=10.0.0.0, Culture=neutral, PublicKeyToken=b03f5f7f11d50a3a" className="MateriaalVerhuurTests.DatabaseKoppelingTest, MateriaalVerhuurTests, Version=1.0.0.0, Culture=neutral, PublicKeyToken=null" name="getMateriaalTest" />
    </UnitTest>
    <UnitTest name="removeUitleningTest" storage="c:\users\willem\documents\my dropbox\s22 groep c\software engineering\project\materiaalverhuurapplicatie\materiaalverhuurtests\bin\debug\materiaalverhuurtests.dll" id="e8d4f1ac-c46d-0cb2-2da0-c794c4367a8c">
      <Execution id="bd6654a4-c303-4a08-ba57-8f27fbe5c459" />
      <TestMethod codeBase="C:/Users/Willem/Documents/My Dropbox/S22 Groep C/Software Engineering/Project/MateriaalVerhuurApplicatie/MateriaalVerhuurTests/bin/Debug/MateriaalVerhuurTests.DLL" adapterTypeName="Microsoft.VisualStudio.TestTools.TestTypes.Unit.UnitTestAdapter, Microsoft.VisualStudio.QualityTools.Tips.UnitTest.Adapter, Version=10.0.0.0, Culture=neutral, PublicKeyToken=b03f5f7f11d50a3a" className="MateriaalVerhuurTests.DatabaseKoppelingTest, MateriaalVerhuurTests, Version=1.0.0.0, Culture=neutral, PublicKeyToken=null" name="removeUitleningTest" />
    </UnitTest>
    <UnitTest name="GetPersoonByReserveringsnrTest" storage="c:\users\willem\documents\my dropbox\s22 groep c\software engineering\project\materiaalverhuurapplicatie\materiaalverhuurtests\bin\debug\materiaalverhuurtests.dll" id="7da62ddc-38aa-be18-9932-6d633fac785a">
      <Execution id="f30ead04-c6d2-44ad-8a6b-ba9837c786ab" />
      <TestMethod codeBase="C:/Users/Willem/Documents/My Dropbox/S22 Groep C/Software Engineering/Project/MateriaalVerhuurApplicatie/MateriaalVerhuurTests/bin/Debug/MateriaalVerhuurTests.DLL" adapterTypeName="Microsoft.VisualStudio.TestTools.TestTypes.Unit.UnitTestAdapter, Microsoft.VisualStudio.QualityTools.Tips.UnitTest.Adapter, Version=10.0.0.0, Culture=neutral, PublicKeyToken=b03f5f7f11d50a3a" className="MateriaalVerhuurTests.DatabaseKoppelingTest, MateriaalVerhuurTests, Version=1.0.0.0, Culture=neutral, PublicKeyToken=null" name="GetPersoonByReserveringsnrTest" />
    </UnitTest>
  </TestDefinitions>
  <TestLists>
    <TestList name="Results Not in a List" id="8c84fa94-04c1-424b-9868-57a2d4851a1d" />
    <TestList name="All Loaded Results" id="19431567-8539-422a-85d7-44ee4e166bda" />
  </TestLists>
  <TestEntries>
    <TestEntry testId="096730a9-c92e-56b7-9c9a-03edfe8fcdb3" executionId="7c3d49f0-5101-4fd5-b827-f2e77024b9dd" testListId="8c84fa94-04c1-424b-9868-57a2d4851a1d" />
    <TestEntry testId="131234a7-1171-1ceb-6b40-0e1d5ffd8388" executionId="bb64ed60-bc78-4dea-916e-b6aa7344519b" testListId="8c84fa94-04c1-424b-9868-57a2d4851a1d" />
    <TestEntry testId="1a2829b3-2878-37d8-31e0-4511c24c1e2f" executionId="7469e2d6-60ac-490d-88de-5c0d7ab3eb62" testListId="8c84fa94-04c1-424b-9868-57a2d4851a1d" />
    <TestEntry testId="7da62ddc-38aa-be18-9932-6d633fac785a" executionId="f30ead04-c6d2-44ad-8a6b-ba9837c786ab" testListId="8c84fa94-04c1-424b-9868-57a2d4851a1d" />
    <TestEntry testId="a9d3c588-422d-0927-a5a3-0da0b0796ea3" executionId="7d225b7f-5275-4f11-ad5d-e507323a0206" testListId="8c84fa94-04c1-424b-9868-57a2d4851a1d" />
    <TestEntry testId="b1080f66-cc04-aa27-7aa3-4cb9ac1c3dee" executionId="f6d93b8a-7b03-4530-8948-59d8afffcbb8" testListId="8c84fa94-04c1-424b-9868-57a2d4851a1d" />
    <TestEntry testId="c92a630c-5d45-cd0b-10c4-7cce8ac42e67" executionId="c3dad788-c43e-4ebf-a88f-38bab4472d36" testListId="8c84fa94-04c1-424b-9868-57a2d4851a1d" />
    <TestEntry testId="e8d4f1ac-c46d-0cb2-2da0-c794c4367a8c" executionId="bd6654a4-c303-4a08-ba57-8f27fbe5c459" testListId="8c84fa94-04c1-424b-9868-57a2d4851a1d" />
  </TestEntries>
  <Results>
    <UnitTestResult executionId="7c3d49f0-5101-4fd5-b827-f2e77024b9dd" testId="096730a9-c92e-56b7-9c9a-03edfe8fcdb3" testName="getMateriaalTest" computerName="WILLEM-LAPTOP" duration="00:00:00.1532318" startTime="2011-04-04T12:32:40.7412973+02:00" endTime="2011-04-04T12:32:41.2313253+02:00" testType="13cdc9d9-ddb5-4fa4-a97d-d965ccfc6d4b" outcome="Passed" testListId="8c84fa94-04c1-424b-9868-57a2d4851a1d" relativeResultsDirectory="7c3d49f0-5101-4fd5-b827-f2e77024b9dd">
    </UnitTestResult>
    <UnitTestResult executionId="bb64ed60-bc78-4dea-916e-b6aa7344519b" testId="131234a7-1171-1ceb-6b40-0e1d5ffd8388" testName="getAantalUitgeleendTest" computerName="WILLEM-LAPTOP" duration="00:00:00.0230296" startTime="2011-04-04T12:32:41.2443260+02:00" endTime="2011-04-04T12:32:41.2723276+02:00" testType="13cdc9d9-ddb5-4fa4-a97d-d965ccfc6d4b" outcome="Passed" testListId="8c84fa94-04c1-424b-9868-57a2d4851a1d" relativeResultsDirectory="bb64ed60-bc78-4dea-916e-b6aa7344519b">
    </UnitTestResult>
    <UnitTestResult executionId="7469e2d6-60ac-490d-88de-5c0d7ab3eb62" testId="1a2829b3-2878-37d8-31e0-4511c24c1e2f" testName="getPersonenBijUitleningTest" computerName="WILLEM-LAPTOP" duration="00:00:00.0309560" startTime="2011-04-04T12:32:41.3003292+02:00" endTime="2011-04-04T12:32:41.3383314+02:00" testType="13cdc9d9-ddb5-4fa4-a97d-d965ccfc6d4b" outcome="Passed" testListId="8c84fa94-04c1-424b-9868-57a2d4851a1d" relativeResultsDirectory="7469e2d6-60ac-490d-88de-5c0d7ab3eb62">
    </UnitTestResult>
    <UnitTestResult executionId="f30ead04-c6d2-44ad-8a6b-ba9837c786ab" testId="7da62ddc-38aa-be18-9932-6d633fac785a" testName="GetPersoonByReserveringsnrTest" computerName="WILLEM-LAPTOP" duration="00:00:00.0220017" startTime="2011-04-04T12:32:41.3453318+02:00" endTime="2011-04-04T12:32:41.3763336+02:00" testType="13cdc9d9-ddb5-4fa4-a97d-d965ccfc6d4b" outcome="Passed" testListId="8c84fa94-04c1-424b-9868-57a2d4851a1d" relativeResultsDirectory="f30ead04-c6d2-44ad-8a6b-ba9837c786ab">
    </UnitTestResult>
    <UnitTestResult executionId="7d225b7f-5275-4f11-ad5d-e507323a0206" testId="a9d3c588-422d-0927-a5a3-0da0b0796ea3" testName="GetHoeveelheidMateriaalTest" computerName="WILLEM-LAPTOP" duration="00:00:00.0290125" startTime="2011-04-04T12:32:41.3793338+02:00" endTime="2011-04-04T12:32:41.4213362+02:00" testType="13cdc9d9-ddb5-4fa4-a97d-d965ccfc6d4b" outcome="Failed" testListId="8c84fa94-04c1-424b-9868-57a2d4851a1d" relativeResultsDirectory="7d225b7f-5275-4f11-ad5d-e507323a0206">
      <Output>
        <ErrorInfo>
          <Message>Test method MateriaalVerhuurTests.DatabaseKoppelingTest.GetHoeveelheidMateriaalTest threw exception: 
System.NullReferenceException: De objectverwijzing is niet op een exemplaar van een object ingesteld.</Message>
          <StackTrace>    bij MateriaalVerhuurApplicatie.DatabaseKoppeling.GetHoeveelheidMateriaal(Materiaal mat) in C:\Users\Willem\Documents\My Dropbox\S22 Groep C\Software Engineering\Project\MateriaalVerhuurApplicatie\MateriaalVerhuurApplicatie\DatabaseKoppeling.cs:regel 305
   bij MateriaalVerhuurTests.DatabaseKoppelingTest.GetHoeveelheidMateriaalTest() in C:\Users\Willem\Documents\My Dropbox\S22 Groep C\Software Engineering\Project\MateriaalVerhuurApplicatie\MateriaalVerhuurTests\DatabaseKoppelingTest.cs:regel 202
</StackTrace>
        </ErrorInfo>
      </Output>
    </UnitTestResult>
    <UnitTestResult executionId="f6d93b8a-7b03-4530-8948-59d8afffcbb8" testId="b1080f66-cc04-aa27-7aa3-4cb9ac1c3dee" testName="RemoveGeheleUitleningTest" computerName="WILLEM-LAPTOP" duration="00:00:00.0906278" startTime="2011-04-04T12:32:41.4373371+02:00" endTime="2011-04-04T12:32:41.5413430+02:00" testType="13cdc9d9-ddb5-4fa4-a97d-d965ccfc6d4b" outcome="Inconclusive" testListId="8c84fa94-04c1-424b-9868-57a2d4851a1d" relativeResultsDirectory="f6d93b8a-7b03-4530-8948-59d8afffcbb8">
      <Output>
        <ErrorInfo>
          <Message>Assert.Inconclusive failed. A method that does not return a value cannot be verified.</Message>
          <StackTrace>   bij MateriaalVerhuurTests.DatabaseKoppelingTest.RemoveGeheleUitleningTest() in C:\Users\Willem\Documents\My Dropbox\S22 Groep C\Software Engineering\Project\MateriaalVerhuurApplicatie\MateriaalVerhuurTests\DatabaseKoppelingTest.cs:regel 177
</StackTrace>
        </ErrorInfo>
      </Output>
    </UnitTestResult>
    <UnitTestResult executionId="c3dad788-c43e-4ebf-a88f-38bab4472d36" testId="c92a630c-5d45-cd0b-10c4-7cce8ac42e67" testName="getUitleningTest" computerName="WILLEM-LAPTOP" duration="00:00:00.0430202" startTime="2011-04-04T12:32:41.5543438+02:00" endTime="2011-04-04T12:32:41.6143472+02:00" testType="13cdc9d9-ddb5-4fa4-a97d-d965ccfc6d4b" outcome="Failed" testListId="8c84fa94-04c1-424b-9868-57a2d4851a1d" relativeResultsDirectory="c3dad788-c43e-4ebf-a88f-38bab4472d36">
      <Output>
        <ErrorInfo>
          <Message>Test method MateriaalVerhuurTests.DatabaseKoppelingTest.getUitleningTest threw exception: 
System.ArgumentOutOfRangeException: De index valt buiten het bereik. Deze mag niet negatief zijn en moet kleiner zijn dan de grootte van de verzameling.
Parameternaam: index</Message>
          <StackTrace>    bij System.ThrowHelper.ThrowArgumentOutOfRangeException()
   bij System.Collections.Generic.List`1.get_Item(Int32 index)
   bij MateriaalVerhuurTests.DatabaseKoppelingTest.getUitleningTest() in C:\Users\Willem\Documents\My Dropbox\S22 Groep C\Software Engineering\Project\MateriaalVerhuurApplicatie\MateriaalVerhuurTests\DatabaseKoppelingTest.cs:regel 82
</StackTrace>
        </ErrorInfo>
      </Output>
    </UnitTestResult>
    <UnitTestResult executionId="bd6654a4-c303-4a08-ba57-8f27fbe5c459" testId="e8d4f1ac-c46d-0cb2-2da0-c794c4367a8c" testName="removeUitleningTest" computerName="WILLEM-LAPTOP" duration="00:00:00.0060384" startTime="2011-04-04T12:32:41.6223477+02:00" endTime="2011-04-04T12:32:41.6423488+02:00" testType="13cdc9d9-ddb5-4fa4-a97d-d965ccfc6d4b" outcome="Failed" testListId="8c84fa94-04c1-424b-9868-57a2d4851a1d" relativeResultsDirectory="bd6654a4-c303-4a08-ba57-8f27fbe5c459">
      <Output>
        <ErrorInfo>
          <Message>Test method MateriaalVerhuurTests.DatabaseKoppelingTest.removeUitleningTest threw exception: 
System.NullReferenceException: De objectverwijzing is niet op een exemplaar van een object ingesteld.</Message>
          <StackTrace>    bij MateriaalVerhuurApplicatie.DatabaseKoppeling.removeUitlening(Uitlening uitlening, Int32 Reserveringsnummer) in C:\Users\Willem\Documents\My Dropbox\S22 Groep C\Software Engineering\Project\MateriaalVerhuurApplicatie\MateriaalVerhuurApplicatie\DatabaseKoppeling.cs:regel 159
   bij MateriaalVerhuurTests.DatabaseKoppelingTest.removeUitleningTest() in C:\Users\Willem\Documents\My Dropbox\S22 Groep C\Software Engineering\Project\MateriaalVerhuurApplicatie\MateriaalVerhuurTests\DatabaseKoppelingTest.cs:regel 140
</StackTrace>
        </ErrorInfo>
      </Output>
    </UnitTestResult>
  </Results>
</TestRun>