<?xml version="1.0" encoding="UTF-8"?>
<TestRun id="70373fff-a670-4c7d-b741-c8d87c2bcd67" name="Willem@WILLEM-LAPTOP 2011-04-04 12:34:33" runUser="Willem-laptop\Willem" xmlns="http://microsoft.com/schemas/VisualStudio/TeamTest/2010">
  <TestSettings name="Local" id="246b12c3-9259-4b94-bc30-027311afd960">
    <Description>These are default test settings for a local test run.</Description>
    <Deployment enabled="false" runDeploymentRoot="Willem_WILLEM-LAPTOP 2011-04-04 12_34_33">
      <DeploymentItem filename="C:\Users\Willem\Documents\My Dropbox\S22 Groep C\Software Engineering\Project\MateriaalVerhuurApplicatie\MateriaalVerhuurApplicatie\bin\Debug\MateriaalVerhuurApplicatie.exe" />
    </Deployment>
    <Execution>
      <TestTypeSpecific />
      <AgentRule name="Execution Agents">
      </AgentRule>
    </Execution>
  </TestSettings>
  <Times creation="2011-04-04T12:34:33.5837515+02:00" queuing="2011-04-04T12:34:33.6157533+02:00" start="2011-04-04T12:34:33.6867574+02:00" finish="2011-04-04T12:34:34.1797856+02:00" />
  <ResultSummary outcome="Failed">
    <Counters total="1" executed="1" error="0" failed="1" timeout="0" aborted="0" inconclusive="0" passedButRunAborted="0" notRunnable="0" notExecuted="0" disconnected="0" warning="0" passed="0" completed="0" inProgress="0" pending="0" />
  </ResultSummary>
  <TestDefinitions>
    <UnitTest name="removeUitleningTest" storage="c:\users\willem\documents\my dropbox\s22 groep c\software engineering\project\materiaalverhuurapplicatie\materiaalverhuurtests\bin\debug\materiaalverhuurtests.dll" id="e8d4f1ac-c46d-0cb2-2da0-c794c4367a8c">
      <Execution id="e1897fca-0704-4608-9af5-b4cf790f4143" />
      <TestMethod codeBase="C:/Users/Willem/Documents/My Dropbox/S22 Groep C/Software Engineering/Project/MateriaalVerhuurApplicatie/MateriaalVerhuurTests/bin/Debug/MateriaalVerhuurTests.DLL" adapterTypeName="Microsoft.VisualStudio.TestTools.TestTypes.Unit.UnitTestAdapter, Microsoft.VisualStudio.QualityTools.Tips.UnitTest.Adapter, Version=10.0.0.0, Culture=neutral, PublicKeyToken=b03f5f7f11d50a3a" className="MateriaalVerhuurTests.DatabaseKoppelingTest, MateriaalVerhuurTests, Version=1.0.0.0, Culture=neutral, PublicKeyToken=null" name="removeUitleningTest" />
    </UnitTest>
  </TestDefinitions>
  <TestLists>
    <TestList name="Results Not in a List" id="8c84fa94-04c1-424b-9868-57a2d4851a1d" />
    <TestList name="All Loaded Results" id="19431567-8539-422a-85d7-44ee4e166bda" />
  </TestLists>
  <TestEntries>
    <TestEntry testId="e8d4f1ac-c46d-0cb2-2da0-c794c4367a8c" executionId="e1897fca-0704-4608-9af5-b4cf790f4143" testListId="8c84fa94-04c1-424b-9868-57a2d4851a1d" />
  </TestEntries>
  <Results>
    <UnitTestResult executionId="e1897fca-0704-4608-9af5-b4cf790f4143" testId="e8d4f1ac-c46d-0cb2-2da0-c794c4367a8c" testName="removeUitleningTest" computerName="WILLEM-LAPTOP" duration="00:00:00.0565273" startTime="2011-04-04T12:34:33.7447607+02:00" endTime="2011-04-04T12:34:34.0837801+02:00" testType="13cdc9d9-ddb5-4fa4-a97d-d965ccfc6d4b" outcome="Failed" testListId="8c84fa94-04c1-424b-9868-57a2d4851a1d" relativeResultsDirectory="e1897fca-0704-4608-9af5-b4cf790f4143">
      <Output>
        <ErrorInfo>
          <Message>Test method MateriaalVerhuurTests.DatabaseKoppelingTest.removeUitleningTest threw exception: 
System.NullReferenceException: De objectverwijzing is niet op een exemplaar van een object ingesteld.</Message>
          <StackTrace>    bij MateriaalVerhuurApplicatie.DatabaseKoppeling.removeUitlening(Uitlening uitlening, Int32 Reserveringsnummer) in C:\Users\Willem\Documents\My Dropbox\S22 Groep C\Software Engineering\Project\MateriaalVerhuurApplicatie\MateriaalVerhuurApplicatie\DatabaseKoppeling.cs:regel 159
   bij MateriaalVerhuurTests.DatabaseKoppelingTest.removeUitleningTest() in C:\Users\Willem\Documents\My Dropbox\S22 Groep C\Software Engineering\Project\MateriaalVerhuurApplicatie\MateriaalVerhuurTests\DatabaseKoppelingTest.cs:regel 140
</StackTrace>
        </ErrorInfo>
      </Output>
    </UnitTestResult>
  </Results>
</TestRun>