<?xml version="1.0" encoding="UTF-8"?>
<TestRun id="d98d4d94-38e1-4cfe-9fc4-d1126b1edbe9" name="Willem@WILLEM-LAPTOP 2011-04-04 12:37:52" runUser="Willem-laptop\Willem" xmlns="http://microsoft.com/schemas/VisualStudio/TeamTest/2010">
  <TestSettings name="Local" id="246b12c3-9259-4b94-bc30-027311afd960">
    <Description>These are default test settings for a local test run.</Description>
    <Deployment enabled="false" runDeploymentRoot="Willem_WILLEM-LAPTOP 2011-04-04 12_37_52">
      <DeploymentItem filename="C:\Users\Willem\Documents\My Dropbox\S22 Groep C\Software Engineering\Project\MateriaalVerhuurApplicatie\MateriaalVerhuurApplicatie\bin\Debug\MateriaalVerhuurApplicatie.exe" />
    </Deployment>
    <Execution>
      <TestTypeSpecific />
      <AgentRule name="Execution Agents">
      </AgentRule>
    </Execution>
  </TestSettings>
  <Times creation="2011-04-04T12:37:52.4121238+02:00" queuing="2011-04-04T12:37:52.4211243+02:00" start="2011-04-04T12:37:52.4351251+02:00" finish="2011-04-04T12:37:53.3741788+02:00" />
  <ResultSummary outcome="Completed">
    <Counters total="6" executed="6" passed="6" error="0" failed="0" timeout="0" aborted="0" inconclusive="0" passedButRunAborted="0" notRunnable="0" notExecuted="0" disconnected="0" warning="0" completed="0" inProgress="0" pending="0" />
  </ResultSummary>
  <TestDefinitions>
    <UnitTest name="getAantalUitgeleendTest" storage="c:\users\willem\documents\my dropbox\s22 groep c\software engineering\project\materiaalverhuurapplicatie\materiaalverhuurtests\bin\debug\materiaalverhuurtests.dll" id="131234a7-1171-1ceb-6b40-0e1d5ffd8388">
      <Execution id="46603864-f33b-4ecd-844a-e25860c15adc" />
      <TestMethod codeBase="C:/Users/Willem/Documents/My Dropbox/S22 Groep C/Software Engineering/Project/MateriaalVerhuurApplicatie/MateriaalVerhuurTests/bin/Debug/MateriaalVerhuurTests.DLL" adapterTypeName="Microsoft.VisualStudio.TestTools.TestTypes.Unit.UnitTestAdapter, Microsoft.VisualStudio.QualityTools.Tips.UnitTest.Adapter, Version=10.0.0.0, Culture=neutral, PublicKeyToken=b03f5f7f11d50a3a" className="MateriaalVerhuurTests.DatabaseKoppelingTest, MateriaalVerhuurTests, Version=1.0.0.0, Culture=neutral, PublicKeyToken=null" name="getAantalUitgeleendTest" />
    </UnitTest>
    <UnitTest name="GetHoeveelheidMateriaalTest" storage="c:\users\willem\documents\my dropbox\s22 groep c\software engineering\project\materiaalverhuurapplicatie\materiaalverhuurtests\bin\debug\materiaalverhuurtests.dll" id="a9d3c588-422d-0927-a5a3-0da0b0796ea3">
      <Execution id="891fd41a-3c8a-4562-88f7-6187201525c0" />
      <TestMethod codeBase="C:/Users/Willem/Documents/My Dropbox/S22 Groep C/Software Engineering/Project/MateriaalVerhuurApplicatie/MateriaalVerhuurTests/bin/Debug/MateriaalVerhuurTests.DLL" adapterTypeName="Microsoft.VisualStudio.TestTools.TestTypes.Unit.UnitTestAdapter, Microsoft.VisualStudio.QualityTools.Tips.UnitTest.Adapter, Version=10.0.0.0, Culture=neutral, PublicKeyToken=b03f5f7f11d50a3a" className="MateriaalVerhuurTests.DatabaseKoppelingTest, MateriaalVerhuurTests, Version=1.0.0.0, Culture=neutral, PublicKeyToken=null" name="GetHoeveelheidMateriaalTest" />
    </UnitTest>
    <UnitTest name="getUitleningTest" storage="c:\users\willem\documents\my dropbox\s22 groep c\software engineering\project\materiaalverhuurapplicatie\materiaalverhuurtests\bin\debug\materiaalverhuurtests.dll" id="c92a630c-5d45-cd0b-10c4-7cce8ac42e67">
      <Execution id="621dec40-a5af-4d5d-b40e-0118cecddb53" />
      <TestMethod codeBase="C:/Users/Willem/Documents/My Dropbox/S22 Groep C/Software Engineering/Project/MateriaalVerhuurApplicatie/MateriaalVerhuurTests/bin/Debug/MateriaalVerhuurTests.DLL" adapterTypeName="Microsoft.VisualStudio.TestTools.TestTypes.Unit.UnitTestAdapter, Microsoft.VisualStudio.QualityTools.Tips.UnitTest.Adapter, Version=10.0.0.0, Culture=neutral, PublicKeyToken=b03f5f7f11d50a3a" className="MateriaalVerhuurTests.DatabaseKoppelingTest, MateriaalVerhuurTests, Version=1.0.0.0, Culture=neutral, PublicKeyToken=null" name="getUitleningTest" />
    </UnitTest>
    <UnitTest name="getPersonenBijUitleningTest" storage="c:\users\willem\documents\my dropbox\s22 groep c\software engineering\project\materiaalverhuurapplicatie\materiaalverhuurtests\bin\debug\materiaalverhuurtests.dll" id="1a2829b3-2878-37d8-31e0-4511c24c1e2f">
      <Execution id="3536861c-e229-4353-96cb-59516180c407" />
      <TestMethod codeBase="C:/Users/Willem/Documents/My Dropbox/S22 Groep C/Software Engineering/Project/MateriaalVerhuurApplicatie/MateriaalVerhuurTests/bin/Debug/MateriaalVerhuurTests.DLL" adapterTypeName="Microsoft.VisualStudio.TestTools.TestTypes.Unit.UnitTestAdapter, Microsoft.VisualStudio.QualityTools.Tips.UnitTest.Adapter, Version=10.0.0.0, Culture=neutral, PublicKeyToken=b03f5f7f11d50a3a" className="MateriaalVerhuurTests.DatabaseKoppelingTest, MateriaalVerhuurTests, Version=1.0.0.0, Culture=neutral, PublicKeyToken=null" name="getPersonenBijUitleningTest" />
    </UnitTest>
    <UnitTest name="getMateriaalTest" storage="c:\users\willem\documents\my dropbox\s22 groep c\software engineering\project\materiaalverhuurapplicatie\materiaalverhuurtests\bin\debug\materiaalverhuurtests.dll" id="096730a9-c92e-56b7-9c9a-03edfe8fcdb3">
      <Execution id="779a1885-9dbd-4fde-a55a-a3e1505823c7" />
      <TestMethod codeBase="C:/Users/Willem/Documents/My Dropbox/S22 Groep C/Software Engineering/Project/MateriaalVerhuurApplicatie/MateriaalVerhuurTests/bin/Debug/MateriaalVerhuurTests.DLL" adapterTypeName="Microsoft.VisualStudio.TestTools.TestTypes.Unit.UnitTestAdapter, Microsoft.VisualStudio.QualityTools.Tips.UnitTest.Adapter, Version=10.0.0.0, Culture=neutral, PublicKeyToken=b03f5f7f11d50a3a" className="MateriaalVerhuurTests.DatabaseKoppelingTest, MateriaalVerhuurTests, Version=1.0.0.0, Culture=neutral, PublicKeyToken=null" name="getMateriaalTest" />
    </UnitTest>
    <UnitTest name="GetPersoonByReserveringsnrTest" storage="c:\users\willem\documents\my dropbox\s22 groep c\software engineering\project\materiaalverhuurapplicatie\materiaalverhuurtests\bin\debug\materiaalverhuurtests.dll" id="7da62ddc-38aa-be18-9932-6d633fac785a">
      <Execution id="2c5cb231-f493-4b70-a028-8958569e50a6" />
      <TestMethod codeBase="C:/Users/Willem/Documents/My Dropbox/S22 Groep C/Software Engineering/Project/MateriaalVerhuurApplicatie/MateriaalVerhuurTests/bin/Debug/MateriaalVerhuurTests.DLL" adapterTypeName="Microsoft.VisualStudio.TestTools.TestTypes.Unit.UnitTestAdapter, Microsoft.VisualStudio.QualityTools.Tips.UnitTest.Adapter, Version=10.0.0.0, Culture=neutral, PublicKeyToken=b03f5f7f11d50a3a" className="MateriaalVerhuurTests.DatabaseKoppelingTest, MateriaalVerhuurTests, Version=1.0.0.0, Culture=neutral, PublicKeyToken=null" name="GetPersoonByReserveringsnrTest" />
    </UnitTest>
  </TestDefinitions>
  <TestLists>
    <TestList name="Results Not in a List" id="8c84fa94-04c1-424b-9868-57a2d4851a1d" />
    <TestList name="All Loaded Results" id="19431567-8539-422a-85d7-44ee4e166bda" />
  </TestLists>
  <TestEntries>
    <TestEntry testId="096730a9-c92e-56b7-9c9a-03edfe8fcdb3" executionId="779a1885-9dbd-4fde-a55a-a3e1505823c7" testListId="8c84fa94-04c1-424b-9868-57a2d4851a1d" />
    <TestEntry testId="131234a7-1171-1ceb-6b40-0e1d5ffd8388" executionId="46603864-f33b-4ecd-844a-e25860c15adc" testListId="8c84fa94-04c1-424b-9868-57a2d4851a1d" />
    <TestEntry testId="1a2829b3-2878-37d8-31e0-4511c24c1e2f" executionId="3536861c-e229-4353-96cb-59516180c407" testListId="8c84fa94-04c1-424b-9868-57a2d4851a1d" />
    <TestEntry testId="7da62ddc-38aa-be18-9932-6d633fac785a" executionId="2c5cb231-f493-4b70-a028-8958569e50a6" testListId="8c84fa94-04c1-424b-9868-57a2d4851a1d" />
    <TestEntry testId="a9d3c588-422d-0927-a5a3-0da0b0796ea3" executionId="891fd41a-3c8a-4562-88f7-6187201525c0" testListId="8c84fa94-04c1-424b-9868-57a2d4851a1d" />
    <TestEntry testId="c92a630c-5d45-cd0b-10c4-7cce8ac42e67" executionId="621dec40-a5af-4d5d-b40e-0118cecddb53" testListId="8c84fa94-04c1-424b-9868-57a2d4851a1d" />
  </TestEntries>
  <Results>
    <UnitTestResult executionId="779a1885-9dbd-4fde-a55a-a3e1505823c7" testId="096730a9-c92e-56b7-9c9a-03edfe8fcdb3" testName="getMateriaalTest" computerName="WILLEM-LAPTOP" duration="00:00:00.1310477" startTime="2011-04-04T12:37:52.4771275+02:00" endTime="2011-04-04T12:37:52.9131525+02:00" testType="13cdc9d9-ddb5-4fa4-a97d-d965ccfc6d4b" outcome="Passed" testListId="8c84fa94-04c1-424b-9868-57a2d4851a1d" relativeResultsDirectory="779a1885-9dbd-4fde-a55a-a3e1505823c7">
    </UnitTestResult>
    <UnitTestResult executionId="46603864-f33b-4ecd-844a-e25860c15adc" testId="131234a7-1171-1ceb-6b40-0e1d5ffd8388" testName="getAantalUitgeleendTest" computerName="WILLEM-LAPTOP" duration="00:00:00.0151593" startTime="2011-04-04T12:37:52.9151526+02:00" endTime="2011-04-04T12:37:52.9361538+02:00" testType="13cdc9d9-ddb5-4fa4-a97d-d965ccfc6d4b" outcome="Passed" testListId="8c84fa94-04c1-424b-9868-57a2d4851a1d" relativeResultsDirectory="46603864-f33b-4ecd-844a-e25860c15adc">
    </UnitTestResult>
    <UnitTestResult executionId="3536861c-e229-4353-96cb-59516180c407" testId="1a2829b3-2878-37d8-31e0-4511c24c1e2f" testName="getPersonenBijUitleningTest" computerName="WILLEM-LAPTOP" duration="00:00:00.0094409" startTime="2011-04-04T12:37:52.9381539+02:00" endTime="2011-04-04T12:37:52.9531548+02:00" testType="13cdc9d9-ddb5-4fa4-a97d-d965ccfc6d4b" outcome="Passed" testListId="8c84fa94-04c1-424b-9868-57a2d4851a1d" relativeResultsDirectory="3536861c-e229-4353-96cb-59516180c407">
    </UnitTestResult>
    <UnitTestResult executionId="2c5cb231-f493-4b70-a028-8958569e50a6" testId="7da62ddc-38aa-be18-9932-6d633fac785a" testName="GetPersoonByReserveringsnrTest" computerName="WILLEM-LAPTOP" duration="00:00:00.0339143" startTime="2011-04-04T12:37:52.9561549+02:00" endTime="2011-04-04T12:37:53.0021576+02:00" testType="13cdc9d9-ddb5-4fa4-a97d-d965ccfc6d4b" outcome="Passed" testListId="8c84fa94-04c1-424b-9868-57a2d4851a1d" relativeResultsDirectory="2c5cb231-f493-4b70-a028-8958569e50a6">
    </UnitTestResult>
    <UnitTestResult executionId="891fd41a-3c8a-4562-88f7-6187201525c0" testId="a9d3c588-422d-0927-a5a3-0da0b0796ea3" testName="GetHoeveelheidMateriaalTest" computerName="WILLEM-LAPTOP" duration="00:00:00.0492332" startTime="2011-04-04T12:37:53.0411598+02:00" endTime="2011-04-04T12:37:53.1461658+02:00" testType="13cdc9d9-ddb5-4fa4-a97d-d965ccfc6d4b" outcome="Passed" testListId="8c84fa94-04c1-424b-9868-57a2d4851a1d" relativeResultsDirectory="891fd41a-3c8a-4562-88f7-6187201525c0">
    </UnitTestResult>
    <UnitTestResult executionId="621dec40-a5af-4d5d-b40e-0118cecddb53" testId="c92a630c-5d45-cd0b-10c4-7cce8ac42e67" testName="getUitleningTest" computerName="WILLEM-LAPTOP" duration="00:00:00.0262124" startTime="2011-04-04T12:37:53.1541663+02:00" endTime="2011-04-04T12:37:53.1911684+02:00" testType="13cdc9d9-ddb5-4fa4-a97d-d965ccfc6d4b" outcome="Passed" testListId="8c84fa94-04c1-424b-9868-57a2d4851a1d" relativeResultsDirectory="621dec40-a5af-4d5d-b40e-0118cecddb53">
    </UnitTestResult>
  </Results>
</TestRun>