<?xml version="1.0" encoding="UTF-8"?>
<TestRun id="55382612-6f90-49c1-bfbc-8c6598666cc5" name="Willem@WILLEM-LAPTOP 2011-04-04 12:16:45" runUser="Willem-laptop\Willem" xmlns="http://microsoft.com/schemas/VisualStudio/TeamTest/2010">
  <TestSettings name="Local" id="246b12c3-9259-4b94-bc30-027311afd960">
    <Description>These are default test settings for a local test run.</Description>
    <Deployment enabled="false" runDeploymentRoot="Willem_WILLEM-LAPTOP 2011-04-04 12_16_45">
      <DeploymentItem filename="C:\Users\Willem\Documents\My Dropbox\S22 Groep C\Software Engineering\Project\MateriaalVerhuurApplicatie\MateriaalVerhuurApplicatie\bin\Debug\MateriaalVerhuurApplicatie.exe" />
    </Deployment>
    <Execution>
      <TestTypeSpecific />
      <AgentRule name="Execution Agents">
      </AgentRule>
    </Execution>
  </TestSettings>
  <Times creation="2011-04-04T12:16:45.5996663+02:00" queuing="2011-04-04T12:16:46.8797395+02:00" start="2011-04-04T12:16:46.9227420+02:00" finish="2011-04-04T12:16:47.6137815+02:00" />
  <ResultSummary outcome="Failed">
    <Counters total="1" executed="1" error="0" failed="1" timeout="0" aborted="0" inconclusive="0" passedButRunAborted="0" notRunnable="0" notExecuted="0" disconnected="0" warning="0" passed="0" completed="0" inProgress="0" pending="0" />
  </ResultSummary>
  <TestDefinitions>
    <UnitTest name="getPersonenBijUitleningTest" storage="c:\users\willem\documents\my dropbox\s22 groep c\software engineering\project\materiaalverhuurapplicatie\materiaalverhuurtests\bin\debug\materiaalverhuurtests.dll" id="1a2829b3-2878-37d8-31e0-4511c24c1e2f">
      <Execution id="850c2a36-c1b0-4a16-a4c2-454e6bcb710d" />
      <TestMethod codeBase="C:/Users/Willem/Documents/My Dropbox/S22 Groep C/Software Engineering/Project/MateriaalVerhuurApplicatie/MateriaalVerhuurTests/bin/Debug/MateriaalVerhuurTests.DLL" adapterTypeName="Microsoft.VisualStudio.TestTools.TestTypes.Unit.UnitTestAdapter, Microsoft.VisualStudio.QualityTools.Tips.UnitTest.Adapter, Version=10.0.0.0, Culture=neutral, PublicKeyToken=b03f5f7f11d50a3a" className="MateriaalVerhuurTests.DatabaseKoppelingTest, MateriaalVerhuurTests, Version=1.0.0.0, Culture=neutral, PublicKeyToken=null" name="getPersonenBijUitleningTest" />
    </UnitTest>
  </TestDefinitions>
  <TestLists>
    <TestList name="Results Not in a List" id="8c84fa94-04c1-424b-9868-57a2d4851a1d" />
    <TestList name="All Loaded Results" id="19431567-8539-422a-85d7-44ee4e166bda" />
  </TestLists>
  <TestEntries>
    <TestEntry testId="1a2829b3-2878-37d8-31e0-4511c24c1e2f" executionId="850c2a36-c1b0-4a16-a4c2-454e6bcb710d" testListId="8c84fa94-04c1-424b-9868-57a2d4851a1d" />
  </TestEntries>
  <Results>
    <UnitTestResult executionId="850c2a36-c1b0-4a16-a4c2-454e6bcb710d" testId="1a2829b3-2878-37d8-31e0-4511c24c1e2f" testName="getPersonenBijUitleningTest" computerName="WILLEM-LAPTOP" duration="00:00:00.1655980" startTime="2011-04-04T12:16:46.9817453+02:00" endTime="2011-04-04T12:16:47.4367714+02:00" testType="13cdc9d9-ddb5-4fa4-a97d-d965ccfc6d4b" outcome="Failed" testListId="8c84fa94-04c1-424b-9868-57a2d4851a1d" relativeResultsDirectory="850c2a36-c1b0-4a16-a4c2-454e6bcb710d">
      <Output>
        <ErrorInfo>
          <Message>Test method MateriaalVerhuurTests.DatabaseKoppelingTest.getPersonenBijUitleningTest threw exception: 
System.NullReferenceException: De objectverwijzing is niet op een exemplaar van een object ingesteld.</Message>
          <StackTrace>    bij MateriaalVerhuurTests.DatabaseKoppelingTest.getPersonenBijUitleningTest() in C:\Users\Willem\Documents\My Dropbox\S22 Groep C\Software Engineering\Project\MateriaalVerhuurApplicatie\MateriaalVerhuurTests\DatabaseKoppelingTest.cs:regel 124
</StackTrace>
        </ErrorInfo>
      </Output>
    </UnitTestResult>
  </Results>
</TestRun>