<?xml version="1.0" encoding="UTF-8"?>
<TestRun id="402c5658-9175-469b-9e06-fec637ea32a3" name="Willem@WILLEM-LAPTOP 2011-04-04 12:32:03" runUser="Willem-laptop\Willem" xmlns="http://microsoft.com/schemas/VisualStudio/TeamTest/2010">
  <TestSettings name="Local" id="246b12c3-9259-4b94-bc30-027311afd960">
    <Description>These are default test settings for a local test run.</Description>
    <Deployment enabled="false" runDeploymentRoot="Willem_WILLEM-LAPTOP 2011-04-04 12_32_03">
      <DeploymentItem filename="C:\Users\Willem\Documents\My Dropbox\S22 Groep C\Software Engineering\Project\MateriaalVerhuurApplicatie\MateriaalVerhuurApplicatie\bin\Debug\MateriaalVerhuurApplicatie.exe" />
    </Deployment>
    <Execution>
      <TestTypeSpecific />
      <AgentRule name="Execution Agents">
      </AgentRule>
    </Execution>
  </TestSettings>
  <Times creation="2011-04-04T12:32:03.4731657+02:00" queuing="2011-04-04T12:32:03.5171682+02:00" start="2011-04-04T12:32:03.5521702+02:00" finish="2011-04-04T12:32:04.4512216+02:00" />
  <ResultSummary outcome="Completed">
    <Counters total="1" executed="1" passed="1" error="0" failed="0" timeout="0" aborted="0" inconclusive="0" passedButRunAborted="0" notRunnable="0" notExecuted="0" disconnected="0" warning="0" completed="0" inProgress="0" pending="0" />
  </ResultSummary>
  <TestDefinitions>
    <UnitTest name="GetPersoonByReserveringsnrTest" storage="c:\users\willem\documents\my dropbox\s22 groep c\software engineering\project\materiaalverhuurapplicatie\materiaalverhuurtests\bin\debug\materiaalverhuurtests.dll" id="7da62ddc-38aa-be18-9932-6d633fac785a">
      <Execution id="904059ef-6469-49a6-8df8-57ca21e7c921" />
      <TestMethod codeBase="C:/Users/Willem/Documents/My Dropbox/S22 Groep C/Software Engineering/Project/MateriaalVerhuurApplicatie/MateriaalVerhuurTests/bin/Debug/MateriaalVerhuurTests.DLL" adapterTypeName="Microsoft.VisualStudio.TestTools.TestTypes.Unit.UnitTestAdapter, Microsoft.VisualStudio.QualityTools.Tips.UnitTest.Adapter, Version=10.0.0.0, Culture=neutral, PublicKeyToken=b03f5f7f11d50a3a" className="MateriaalVerhuurTests.DatabaseKoppelingTest, MateriaalVerhuurTests, Version=1.0.0.0, Culture=neutral, PublicKeyToken=null" name="GetPersoonByReserveringsnrTest" />
    </UnitTest>
  </TestDefinitions>
  <TestLists>
    <TestList name="Results Not in a List" id="8c84fa94-04c1-424b-9868-57a2d4851a1d" />
    <TestList name="All Loaded Results" id="19431567-8539-422a-85d7-44ee4e166bda" />
  </TestLists>
  <TestEntries>
    <TestEntry testId="7da62ddc-38aa-be18-9932-6d633fac785a" executionId="904059ef-6469-49a6-8df8-57ca21e7c921" testListId="8c84fa94-04c1-424b-9868-57a2d4851a1d" />
  </TestEntries>
  <Results>
    <UnitTestResult executionId="904059ef-6469-49a6-8df8-57ca21e7c921" testId="7da62ddc-38aa-be18-9932-6d633fac785a" testName="GetPersoonByReserveringsnrTest" computerName="WILLEM-LAPTOP" duration="00:00:00.1836382" startTime="2011-04-04T12:32:03.5521702+02:00" endTime="2011-04-04T12:32:04.3622165+02:00" testType="13cdc9d9-ddb5-4fa4-a97d-d965ccfc6d4b" outcome="Passed" testListId="8c84fa94-04c1-424b-9868-57a2d4851a1d" relativeResultsDirectory="904059ef-6469-49a6-8df8-57ca21e7c921">
    </UnitTestResult>
  </Results>
</TestRun>