<?xml version="1.0" encoding="UTF-8" ?>
<testsuite tests="1" failures="0" name="auction.service.FurnitureAndPaintingTest" time="3.726" errors="1" skipped="0">
  <properties>
    <property name="java.runtime.name" value="Java(TM) SE Runtime Environment"/>
    <property name="sun.boot.library.path" value="C:\Program Files\Java\jdk1.8.0_31\jre\bin"/>
    <property name="java.vm.version" value="25.31-b07"/>
    <property name="java.vm.vendor" value="Oracle Corporation"/>
    <property name="java.vendor.url" value="http://java.oracle.com/"/>
    <property name="path.separator" value=";"/>
    <property name="guice.disable.misplaced.annotation.check" value="true"/>
    <property name="java.vm.name" value="Java HotSpot(TM) 64-Bit Server VM"/>
    <property name="file.encoding.pkg" value="sun.io"/>
    <property name="user.script" value=""/>
    <property name="user.country" value="NL"/>
    <property name="sun.java.launcher" value="SUN_STANDARD"/>
    <property name="sun.os.patch.level" value="Service Pack 1"/>
    <property name="java.vm.specification.name" value="Java Virtual Machine Specification"/>
    <property name="user.dir" value="C:\Users\Remi_Arts\Desktop\Maatwerk\SE42\Opdrachten\SE42\SE42-master\auction_4"/>
    <property name="java.runtime.version" value="1.8.0_31-b13"/>
    <property name="java.awt.graphicsenv" value="sun.awt.Win32GraphicsEnvironment"/>
    <property name="java.endorsed.dirs" value="C:\Program Files\Java\jdk1.8.0_31\jre\lib\endorsed"/>
    <property name="os.arch" value="amd64"/>
    <property name="java.io.tmpdir" value="C:\Users\REMI_A~1\AppData\Local\Temp\"/>
    <property name="line.separator" value="
"/>
    <property name="java.vm.specification.vendor" value="Oracle Corporation"/>
    <property name="user.variant" value=""/>
    <property name="os.name" value="Windows 7"/>
    <property name="maven.ext.class.path" value="C:\Users\Remi_Arts\AppData\Roaming\NetBeans\8.0.2\maven-nblib\netbeans-eventspy.jar"/>
    <property name="classworlds.conf" value="C:\Program Files (x86)\NetBeans 8.0.2\java\maven\bin\m2.conf"/>
    <property name="sun.jnu.encoding" value="Cp1252"/>
    <property name="java.library.path" value="C:\Program Files\Java\jdk1.8.0_31\bin;C:\Windows\Sun\Java\bin;C:\Windows\system32;C:\Windows;C:\ProgramData\Oracle\Java\javapath;C:\Program Files (x86)\NVIDIA Corporation\PhysX\Common;D:\app\Remi_Arts\product\11.2.0\client_1;D:\app\Remi_Arts\product\11.2.0\client_1\bin;C:\Windows\system32;C:\Windows;C:\Windows\System32\Wbem;C:\Windows\System32\WindowsPowerShell\v1.0\;C:\Program Files (x86)\Microsoft SQL Server\100\Tools\Binn\;C:\Program Files\Microsoft SQL Server\100\Tools\Binn\;C:\Program Files\Microsoft SQL Server\100\DTS\Binn\;C:\Program Files\Microsoft\Web Platform Installer\;C:\Program Files (x86)\Microsoft ASP.NET\ASP.NET Web Pages\v1.0\;C:\Program Files\Microsoft SQL Server\110\Tools\Binn\;C:\Program Files\TortoiseSVN\bin;C:\Program Files\Java\jdk1.7.0_17\bin;C:\Program Files (x86)\Windows Kits\8.1\Windows Performance Toolkit\;C:\Program Files\Java\jdk1.8.0_31/bin;C:\Program Files\Apache Maven\bin;C:\Program Files\NetBeans 7.4\java\maven\bin;C:\Program Files (x86)\GtkSharp\2.12\bin;C:\Program Files (x86)\Skype\Phone\;C:\Program Files (x86)\NVIDIA Corporation\PhysX\Common;D:\app\Remi_Arts\product\11.2.0\client_1;D:\app\Remi_Arts\product\11.2.0\client_1\bin;C:\Windows\system32;C:\Windows;C:\Windows\System32\Wbem;C:\Windows\System32\WindowsPowerShell\v1.0\;C:\Program Files (x86)\Microsoft SQL Server\100\Tools\Binn\;C:\Program Files\Microsoft SQL Server\100\Tools\Binn\;C:\Program Files\Microsoft SQL Server\100\DTS\Binn\;C:\Program Files\Microsoft\Web Platform Installer\;C:\Program Files (x86)\Microsoft ASP.NET\ASP.NET Web Pages\v1.0\;C:\Program Files\Microsoft SQL Server\110\Tools\Binn\;C:\Program Files\TortoiseSVN\bin;C:\Program Files\Java\jdk1.7.0_17\bin;C:\Program Files (x86)\Windows Kits\8.1\Windows Performance Toolkit\;C:\Program Files (x86)\Java\jdk1.7.0_25/bin;C:\Program Files\Apache Maven\bin;C:\Program Files\NetBeans 7.4\java\maven\bin;c:\python27;."/>
    <property name="java.specification.name" value="Java Platform API Specification"/>
    <property name="java.class.version" value="52.0"/>
    <property name="sun.management.compiler" value="HotSpot 64-Bit Tiered Compilers"/>
    <property name="os.version" value="6.1"/>
    <property name="user.home" value="C:\Users\Remi_Arts"/>
    <property name="user.timezone" value="Europe/Berlin"/>
    <property name="java.awt.printerjob" value="sun.awt.windows.WPrinterJob"/>
    <property name="java.specification.version" value="1.8"/>
    <property name="file.encoding" value="UTF-8"/>
    <property name="user.name" value="Remi_Arts"/>
    <property name="java.class.path" value="C:\Program Files (x86)\NetBeans 8.0.2\java\maven\boot\plexus-classworlds-2.4.jar"/>
    <property name="java.vm.specification.version" value="1.8"/>
    <property name="sun.arch.data.model" value="64"/>
    <property name="java.home" value="C:\Program Files\Java\jdk1.8.0_31\jre"/>
    <property name="sun.java.command" value="org.codehaus.plexus.classworlds.launcher.Launcher -Dmaven.ext.class.path=C:\Users\Remi_Arts\AppData\Roaming\NetBeans\8.0.2\maven-nblib\netbeans-eventspy.jar -Dfile.encoding=UTF-8 test"/>
    <property name="java.specification.vendor" value="Oracle Corporation"/>
    <property name="user.language" value="nl"/>
    <property name="awt.toolkit" value="sun.awt.windows.WToolkit"/>
    <property name="java.vm.info" value="mixed mode"/>
    <property name="java.version" value="1.8.0_31"/>
    <property name="java.ext.dirs" value="C:\Program Files\Java\jdk1.8.0_31\jre\lib\ext;C:\Windows\Sun\Java\lib\ext"/>
    <property name="sun.boot.class.path" value="C:\Program Files\Java\jdk1.8.0_31\jre\lib\resources.jar;C:\Program Files\Java\jdk1.8.0_31\jre\lib\rt.jar;C:\Program Files\Java\jdk1.8.0_31\jre\lib\sunrsasign.jar;C:\Program Files\Java\jdk1.8.0_31\jre\lib\jsse.jar;C:\Program Files\Java\jdk1.8.0_31\jre\lib\jce.jar;C:\Program Files\Java\jdk1.8.0_31\jre\lib\charsets.jar;C:\Program Files\Java\jdk1.8.0_31\jre\lib\jfr.jar;C:\Program Files\Java\jdk1.8.0_31\jre\classes"/>
    <property name="java.vendor" value="Oracle Corporation"/>
    <property name="maven.home" value="C:\Program Files (x86)\NetBeans 8.0.2\java\maven"/>
    <property name="file.separator" value="\"/>
    <property name="java.vendor.url.bug" value="http://bugreport.sun.com/bugreport/"/>
    <property name="sun.cpu.endian" value="little"/>
    <property name="sun.io.unicode.encoding" value="UnicodeLittle"/>
    <property name="sun.desktop" value="windows"/>
    <property name="sun.cpu.isalist" value="amd64"/>
  </properties>
  <testcase classname="auction.service.FurnitureAndPaintingTest" name="newFurniture" time="0.353">
    <error message="Exception [EclipseLink-4002] (Eclipse Persistence Services - 2.6.0.v20150210-f44015d): org.eclipse.persistence.exceptions.DatabaseException
Internal Exception: com.mysql.jdbc.exceptions.jdbc4.MySQLSyntaxErrorException: Table &apos;se42.user&apos; doesn&apos;t exist
Error Code: 1146
Call: DELETE FROM USER
Query: DeleteAllQuery(referenceClass=User sql=&quot;DELETE FROM USER&quot;)" type="javax.persistence.PersistenceException">javax.persistence.PersistenceException: Exception [EclipseLink-4002] (Eclipse Persistence Services - 2.6.0.v20150210-f44015d): org.eclipse.persistence.exceptions.DatabaseException
Internal Exception: com.mysql.jdbc.exceptions.jdbc4.MySQLSyntaxErrorException: Table &apos;se42.user&apos; doesn&apos;t exist
Error Code: 1146
Call: DELETE FROM USER
Query: DeleteAllQuery(referenceClass=User sql=&quot;DELETE FROM USER&quot;)
	at org.eclipse.persistence.internal.jpa.QueryImpl.executeUpdate(QueryImpl.java:308)
	at util.DatabaseCleaner.deleteEntities(DatabaseCleaner.java:42)
	at util.DatabaseCleaner.clean(DatabaseCleaner.java:33)
	at auction.service.FurnitureAndPaintingTest.setUp(FurnitureAndPaintingTest.java:31)
	at sun.reflect.NativeMethodAccessorImpl.invoke0(Native Method)
	at sun.reflect.NativeMethodAccessorImpl.invoke(NativeMethodAccessorImpl.java:62)
	at sun.reflect.DelegatingMethodAccessorImpl.invoke(DelegatingMethodAccessorImpl.java:43)
	at java.lang.reflect.Method.invoke(Method.java:483)
	at org.junit.runners.model.FrameworkMethod$1.runReflectiveCall(FrameworkMethod.java:47)
	at org.junit.internal.runners.model.ReflectiveCallable.run(ReflectiveCallable.java:12)
	at org.junit.runners.model.FrameworkMethod.invokeExplosively(FrameworkMethod.java:44)
	at org.junit.internal.runners.statements.RunBefores.evaluate(RunBefores.java:24)
	at org.junit.runners.ParentRunner.runLeaf(ParentRunner.java:271)
	at org.junit.runners.BlockJUnit4ClassRunner.runChild(BlockJUnit4ClassRunner.java:70)
	at org.junit.runners.BlockJUnit4ClassRunner.runChild(BlockJUnit4ClassRunner.java:50)
	at org.junit.runners.ParentRunner$3.run(ParentRunner.java:238)
	at org.junit.runners.ParentRunner$1.schedule(ParentRunner.java:63)
	at org.junit.runners.ParentRunner.runChildren(ParentRunner.java:236)
	at org.junit.runners.ParentRunner.access$000(ParentRunner.java:53)
	at org.junit.runners.ParentRunner$2.evaluate(ParentRunner.java:229)
	at org.junit.runners.ParentRunner.run(ParentRunner.java:309)
	at org.apache.maven.surefire.junit4.JUnit4TestSet.execute(JUnit4TestSet.java:53)
	at org.apache.maven.surefire.junit4.JUnit4Provider.executeTestSet(JUnit4Provider.java:123)
	at org.apache.maven.surefire.junit4.JUnit4Provider.invoke(JUnit4Provider.java:104)
	at sun.reflect.NativeMethodAccessorImpl.invoke0(Native Method)
	at sun.reflect.NativeMethodAccessorImpl.invoke(NativeMethodAccessorImpl.java:62)
	at sun.reflect.DelegatingMethodAccessorImpl.invoke(DelegatingMethodAccessorImpl.java:43)
	at java.lang.reflect.Method.invoke(Method.java:483)
	at org.apache.maven.surefire.util.ReflectionUtils.invokeMethodWithArray(ReflectionUtils.java:164)
	at org.apache.maven.surefire.booter.ProviderFactory$ProviderProxy.invoke(ProviderFactory.java:110)
	at org.apache.maven.surefire.booter.SurefireStarter.invokeProvider(SurefireStarter.java:175)
	at org.apache.maven.surefire.booter.SurefireStarter.runSuitesInProcessWhenForked(SurefireStarter.java:107)
	at org.apache.maven.surefire.booter.ForkedBooter.main(ForkedBooter.java:68)
Caused by: Exception [EclipseLink-4002] (Eclipse Persistence Services - 2.6.0.v20150210-f44015d): org.eclipse.persistence.exceptions.DatabaseException
Internal Exception: com.mysql.jdbc.exceptions.jdbc4.MySQLSyntaxErrorException: Table &apos;se42.user&apos; doesn&apos;t exist
Error Code: 1146
Call: DELETE FROM USER
Query: DeleteAllQuery(referenceClass=User sql=&quot;DELETE FROM USER&quot;)
	at org.eclipse.persistence.exceptions.DatabaseException.sqlException(DatabaseException.java:331)
	at org.eclipse.persistence.internal.databaseaccess.DatabaseAccessor.executeDirectNoSelect(DatabaseAccessor.java:900)
	at org.eclipse.persistence.internal.databaseaccess.DatabaseAccessor.executeNoSelect(DatabaseAccessor.java:962)
	at org.eclipse.persistence.internal.databaseaccess.DatabaseAccessor.basicExecuteCall(DatabaseAccessor.java:631)
	at org.eclipse.persistence.internal.databaseaccess.DatabaseAccessor.executeCall(DatabaseAccessor.java:558)
	at org.eclipse.persistence.internal.sessions.AbstractSession.basicExecuteCall(AbstractSession.java:2055)
	at org.eclipse.persistence.sessions.server.ClientSession.executeCall(ClientSession.java:306)
	at org.eclipse.persistence.internal.queries.DatasourceCallQueryMechanism.executeCall(DatasourceCallQueryMechanism.java:242)
	at org.eclipse.persistence.internal.queries.DatasourceCallQueryMechanism.executeCall(DatasourceCallQueryMechanism.java:228)
	at org.eclipse.persistence.internal.queries.DatasourceCallQueryMechanism.deleteAll(DatasourceCallQueryMechanism.java:127)
	at org.eclipse.persistence.queries.DeleteAllQuery.executeDatabaseQuery(DeleteAllQuery.java:201)
	at org.eclipse.persistence.queries.DatabaseQuery.execute(DatabaseQuery.java:904)
	at org.eclipse.persistence.queries.DatabaseQuery.executeInUnitOfWork(DatabaseQuery.java:803)
	at org.eclipse.persistence.queries.ModifyAllQuery.executeInUnitOfWork(ModifyAllQuery.java:148)
	at org.eclipse.persistence.queries.DeleteAllQuery.executeInUnitOfWork(DeleteAllQuery.java:124)
	at org.eclipse.persistence.internal.sessions.UnitOfWorkImpl.internalExecuteQuery(UnitOfWorkImpl.java:2896)
	at org.eclipse.persistence.internal.sessions.AbstractSession.executeQuery(AbstractSession.java:1857)
	at org.eclipse.persistence.internal.sessions.AbstractSession.executeQuery(AbstractSession.java:1839)
	at org.eclipse.persistence.internal.sessions.AbstractSession.executeQuery(AbstractSession.java:1804)
	at org.eclipse.persistence.internal.jpa.QueryImpl.executeUpdate(QueryImpl.java:298)
	... 32 more
Caused by: com.mysql.jdbc.exceptions.jdbc4.MySQLSyntaxErrorException: Table &apos;se42.user&apos; doesn&apos;t exist
	at sun.reflect.NativeConstructorAccessorImpl.newInstance0(Native Method)
	at sun.reflect.NativeConstructorAccessorImpl.newInstance(NativeConstructorAccessorImpl.java:62)
	at sun.reflect.DelegatingConstructorAccessorImpl.newInstance(DelegatingConstructorAccessorImpl.java:45)
	at java.lang.reflect.Constructor.newInstance(Constructor.java:408)
	at com.mysql.jdbc.Util.handleNewInstance(Util.java:389)
	at com.mysql.jdbc.Util.getInstance(Util.java:372)
	at com.mysql.jdbc.SQLError.createSQLException(SQLError.java:980)
	at com.mysql.jdbc.MysqlIO.checkErrorPacket(MysqlIO.java:3835)
	at com.mysql.jdbc.MysqlIO.checkErrorPacket(MysqlIO.java:3771)
	at com.mysql.jdbc.MysqlIO.sendCommand(MysqlIO.java:2435)
	at com.mysql.jdbc.MysqlIO.sqlQueryDirect(MysqlIO.java:2582)
	at com.mysql.jdbc.ConnectionImpl.execSQL(ConnectionImpl.java:2535)
	at com.mysql.jdbc.PreparedStatement.executeInternal(PreparedStatement.java:1911)
	at com.mysql.jdbc.PreparedStatement.executeUpdate(PreparedStatement.java:2145)
	at com.mysql.jdbc.PreparedStatement.executeUpdate(PreparedStatement.java:2081)
	at com.mysql.jdbc.PreparedStatement.executeUpdate(PreparedStatement.java:2066)
	at org.eclipse.persistence.internal.databaseaccess.DatabaseAccessor.executeDirectNoSelect(DatabaseAccessor.java:890)
	... 50 more
</error>
    <system-out>[EL Info]: server: 2015-05-27 11:40:27.753--ServerSession(1379435698)--Detected server platform: org.eclipse.persistence.platform.server.NoServerPlatform.
[EL Config]: metadata: 2015-05-27 11:40:27.993--ServerSession(1379435698)--Thread(Thread[main,5,main])--The access type for the persistent class [class auction.domain.Bid] is set to [FIELD].
[EL Config]: metadata: 2015-05-27 11:40:28.028--ServerSession(1379435698)--Thread(Thread[main,5,main])--The target entity (reference) class for the many to one mapping element [field item] is being defaulted to: class auction.domain.Item.
[EL Config]: metadata: 2015-05-27 11:40:28.048--ServerSession(1379435698)--Thread(Thread[main,5,main])--The target entity (reference) class for the many to one mapping element [field buyer] is being defaulted to: class auction.domain.User.
[EL Config]: metadata: 2015-05-27 11:40:28.048--ServerSession(1379435698)--Thread(Thread[main,5,main])--The access type for the persistent class [class auction.domain.Item] is set to [FIELD].
[EL Config]: metadata: 2015-05-27 11:40:28.049--ServerSession(1379435698)--Thread(Thread[main,5,main])--The target entity (reference) class for the many to one mapping element [field seller] is being defaulted to: class auction.domain.User.
[EL Config]: metadata: 2015-05-27 11:40:28.049--ServerSession(1379435698)--Thread(Thread[main,5,main])--The target entity (reference) class for the one to one mapping element [field highest] is being defaulted to: class auction.domain.Bid.
[EL Config]: metadata: 2015-05-27 11:40:28.056--ServerSession(1379435698)--Thread(Thread[main,5,main])--The target entity (reference) class for the one to many mapping element [field bids] is being defaulted to: class auction.domain.Bid.
[EL Config]: metadata: 2015-05-27 11:40:28.057--ServerSession(1379435698)--Thread(Thread[main,5,main])--The target entity (reference) class for the many to one mapping element [field category] is being defaulted to: class auction.domain.Category.
[EL Config]: metadata: 2015-05-27 11:40:28.058--ServerSession(1379435698)--Thread(Thread[main,5,main])--The access type for the persistent class [class auction.domain.User] is set to [FIELD].
[EL Config]: metadata: 2015-05-27 11:40:28.058--ServerSession(1379435698)--Thread(Thread[main,5,main])--The target entity (reference) class for the one to many mapping element [field offeredItems] is being defaulted to: class auction.domain.Item.
[EL Config]: metadata: 2015-05-27 11:40:28.059--ServerSession(1379435698)--Thread(Thread[main,5,main])--The target entity (reference) class for the one to many mapping element [field bids] is being defaulted to: class auction.domain.Bid.
[EL Config]: metadata: 2015-05-27 11:40:28.059--ServerSession(1379435698)--Thread(Thread[main,5,main])--The access type for the persistent class [class auction.domain.Category] is set to [FIELD].
[EL Config]: metadata: 2015-05-27 11:40:28.06--ServerSession(1379435698)--Thread(Thread[main,5,main])--The target entity (reference) class for the one to many mapping element [field items] is being defaulted to: class auction.domain.Item.
[EL Config]: metadata: 2015-05-27 11:40:28.06--ServerSession(1379435698)--Thread(Thread[main,5,main])--The access type for the persistent class [class auction.domain.Painting] is set to [FIELD].
[EL Config]: metadata: 2015-05-27 11:40:28.06--ServerSession(1379435698)--Thread(Thread[main,5,main])--The access type for the persistent class [class auction.domain.Furniture] is set to [FIELD].
[EL Config]: metadata: 2015-05-27 11:40:28.061--ServerSession(1379435698)--Thread(Thread[main,5,main])--The access type for the persistent class [class nl.fontys.util.Money] is set to [FIELD].
[EL Config]: metadata: 2015-05-27 11:40:28.062--ServerSession(1379435698)--Thread(Thread[main,5,main])--The alias name for the entity class [class auction.domain.Bid] is being defaulted to: Bid.
[EL Config]: metadata: 2015-05-27 11:40:28.064--ServerSession(1379435698)--Thread(Thread[main,5,main])--The table name for entity [class auction.domain.Bid] is being defaulted to: BID.
[EL Config]: metadata: 2015-05-27 11:40:28.081--ServerSession(1379435698)--Thread(Thread[main,5,main])--The column name for element [cents] is being defaulted to: CENTS.
[EL Config]: metadata: 2015-05-27 11:40:28.082--ServerSession(1379435698)--Thread(Thread[main,5,main])--The column name for element [currency] is being defaulted to: CURRENCY.
[EL Config]: metadata: 2015-05-27 11:40:28.083--ServerSession(1379435698)--Thread(Thread[main,5,main])--The column name for element [id] is being defaulted to: ID.
[EL Config]: metadata: 2015-05-27 11:40:28.084--ServerSession(1379435698)--Thread(Thread[main,5,main])--The column name for element [time] is being defaulted to: TIME.
[EL Config]: metadata: 2015-05-27 11:40:28.088--ServerSession(1379435698)--Thread(Thread[main,5,main])--The alias name for the entity class [class auction.domain.Item] is being defaulted to: Item.
[EL Config]: metadata: 2015-05-27 11:40:28.089--ServerSession(1379435698)--Thread(Thread[main,5,main])--The table name for entity [class auction.domain.Item] is being defaulted to: ITEM.
[EL Config]: metadata: 2015-05-27 11:40:28.092--ServerSession(1379435698)--Thread(Thread[main,5,main])--The discriminator column name for the root inheritance class [auction.domain.Item] is being defaulted to: DTYPE.
[EL Config]: metadata: 2015-05-27 11:40:28.093--ServerSession(1379435698)--Thread(Thread[main,5,main])--The column name for element [description] is being defaulted to: DESCRIPTION.
[EL Config]: metadata: 2015-05-27 11:40:28.093--ServerSession(1379435698)--Thread(Thread[main,5,main])--The column name for element [id] is being defaulted to: ID.
[EL Config]: metadata: 2015-05-27 11:40:28.093--ServerSession(1379435698)--Thread(Thread[main,5,main])--The alias name for the entity class [class auction.domain.User] is being defaulted to: User.
[EL Config]: metadata: 2015-05-27 11:40:28.093--ServerSession(1379435698)--Thread(Thread[main,5,main])--The table name for entity [class auction.domain.User] is being defaulted to: USER.
[EL Config]: metadata: 2015-05-27 11:40:28.094--ServerSession(1379435698)--Thread(Thread[main,5,main])--The column name for element [email] is being defaulted to: EMAIL.
[EL Config]: metadata: 2015-05-27 11:40:28.094--ServerSession(1379435698)--Thread(Thread[main,5,main])--The alias name for the entity class [class auction.domain.Category] is being defaulted to: Category.
[EL Config]: metadata: 2015-05-27 11:40:28.094--ServerSession(1379435698)--Thread(Thread[main,5,main])--The table name for entity [class auction.domain.Category] is being defaulted to: CATEGORY.
[EL Config]: metadata: 2015-05-27 11:40:28.094--ServerSession(1379435698)--Thread(Thread[main,5,main])--The column name for element [description] is being defaulted to: DESCRIPTION.
[EL Config]: metadata: 2015-05-27 11:40:28.095--ServerSession(1379435698)--Thread(Thread[main,5,main])--The alias name for the entity class [class auction.domain.Painting] is being defaulted to: Painting.
[EL Config]: metadata: 2015-05-27 11:40:28.095--ServerSession(1379435698)--Thread(Thread[main,5,main])--The table name for entity [class auction.domain.Painting] is being defaulted to: PAINTING.
[EL Config]: metadata: 2015-05-27 11:40:28.096--ServerSession(1379435698)--Thread(Thread[main,5,main])--The primary key column name for the inheritance class [class auction.domain.Painting] is being defaulted to: ID.
[EL Config]: metadata: 2015-05-27 11:40:28.096--ServerSession(1379435698)--Thread(Thread[main,5,main])--The foreign key column name for the inheritance class [auction.domain.Painting] is being defaulted to: ID.
[EL Config]: metadata: 2015-05-27 11:40:28.096--ServerSession(1379435698)--Thread(Thread[main,5,main])--The column name for element [painter] is being defaulted to: PAINTER.
[EL Config]: metadata: 2015-05-27 11:40:28.097--ServerSession(1379435698)--Thread(Thread[main,5,main])--The column name for element [title] is being defaulted to: TITLE.
[EL Config]: metadata: 2015-05-27 11:40:28.097--ServerSession(1379435698)--Thread(Thread[main,5,main])--The alias name for the entity class [class auction.domain.Furniture] is being defaulted to: Furniture.
[EL Config]: metadata: 2015-05-27 11:40:28.097--ServerSession(1379435698)--Thread(Thread[main,5,main])--The table name for entity [class auction.domain.Furniture] is being defaulted to: FURNITURE.
[EL Config]: metadata: 2015-05-27 11:40:28.097--ServerSession(1379435698)--Thread(Thread[main,5,main])--The primary key column name for the inheritance class [class auction.domain.Furniture] is being defaulted to: ID.
[EL Config]: metadata: 2015-05-27 11:40:28.098--ServerSession(1379435698)--Thread(Thread[main,5,main])--The foreign key column name for the inheritance class [auction.domain.Furniture] is being defaulted to: ID.
[EL Config]: metadata: 2015-05-27 11:40:28.098--ServerSession(1379435698)--Thread(Thread[main,5,main])--The column name for element [material] is being defaulted to: MATERIAL.
[EL Config]: metadata: 2015-05-27 11:40:28.111--ServerSession(1379435698)--Thread(Thread[main,5,main])--The primary key column name for the mapping element [field item] is being defaulted to: ID.
[EL Config]: metadata: 2015-05-27 11:40:28.111--ServerSession(1379435698)--Thread(Thread[main,5,main])--The foreign key column name for the mapping element [item] is being defaulted to: ITEM_ID.
[EL Config]: metadata: 2015-05-27 11:40:28.112--ServerSession(1379435698)--Thread(Thread[main,5,main])--The primary key column name for the mapping element [field buyer] is being defaulted to: EMAIL.
[EL Config]: metadata: 2015-05-27 11:40:28.112--ServerSession(1379435698)--Thread(Thread[main,5,main])--The foreign key column name for the mapping element [buyer] is being defaulted to: BUYER_EMAIL.
[EL Config]: metadata: 2015-05-27 11:40:28.112--ServerSession(1379435698)--Thread(Thread[main,5,main])--The primary key column name for the mapping element [field seller] is being defaulted to: EMAIL.
[EL Config]: metadata: 2015-05-27 11:40:28.112--ServerSession(1379435698)--Thread(Thread[main,5,main])--The foreign key column name for the mapping element [seller] is being defaulted to: SELLER_EMAIL.
[EL Config]: metadata: 2015-05-27 11:40:28.113--ServerSession(1379435698)--Thread(Thread[main,5,main])--The primary key column name for the mapping element [field highest] is being defaulted to: ID.
[EL Config]: metadata: 2015-05-27 11:40:28.113--ServerSession(1379435698)--Thread(Thread[main,5,main])--The foreign key column name for the mapping element [highest] is being defaulted to: HIGHEST_ID.
[EL Config]: metadata: 2015-05-27 11:40:28.113--ServerSession(1379435698)--Thread(Thread[main,5,main])--The primary key column name for the mapping element [field category] is being defaulted to: DESCRIPTION.
[EL Config]: metadata: 2015-05-27 11:40:28.114--ServerSession(1379435698)--Thread(Thread[main,5,main])--The foreign key column name for the mapping element [category] is being defaulted to: CATEGORY_DESCRIPTION.
[EL Info]: server: 2015-05-27 11:40:28.283--ServerSession(1379435698)--Thread(Thread[main,5,main])--Detected server platform: org.eclipse.persistence.platform.server.NoServerPlatform.
[EL Info]: 2015-05-27 11:40:28.866--ServerSession(1379435698)--Thread(Thread[main,5,main])--EclipseLink, version: Eclipse Persistence Services - 2.6.0.v20150210-f44015d
[EL Fine]: connection: 2015-05-27 11:40:29.131--Thread(Thread[main,5,main])--Detected database platform: org.eclipse.persistence.platform.database.MySQLPlatform
[EL Config]: connection: 2015-05-27 11:40:29.143--ServerSession(1379435698)--Connection(1385966234)--Thread(Thread[main,5,main])--connecting(DatabaseLogin(
	platform=&gt;MySQLPlatform
	user name=&gt; &quot;root&quot;
	datasource URL=&gt; &quot;jdbc:mysql://localhost:3306/se42?zeroDateTimeBehavior=convertToNull&quot;
))
[EL Config]: connection: 2015-05-27 11:40:29.15--ServerSession(1379435698)--Connection(1403780103)--Thread(Thread[main,5,main])--Connected: jdbc:mysql://localhost:3306/se42?zeroDateTimeBehavior=convertToNull
	User: root@localhost
	Database: MySQL  Version: 5.6.17
	Driver: MySQL Connector Java  Version: mysql-connector-java-5.1.35 ( Revision: 5fb9c5849535c13917c2cf9baaece6ef9693ef27 )
[EL Info]: connection: 2015-05-27 11:40:29.197--ServerSession(1379435698)--Thread(Thread[main,5,main])--/file:/C:/Users/Remi_Arts/Desktop/Maatwerk/SE42/Opdrachten/SE42/SE42-master/auction_4/target/classes/_db login successful
[EL Fine]: sql: 2015-05-27 11:40:29.214--ServerSession(1379435698)--Connection(1403780103)--Thread(Thread[main,5,main])--ALTER TABLE ITEM DROP FOREIGN KEY FK_ITEM_CATEGORY_DESCRIPTION
[EL Fine]: sql: 2015-05-27 11:40:29.25--ServerSession(1379435698)--Connection(1403780103)--Thread(Thread[main,5,main])--ALTER TABLE ITEM DROP FOREIGN KEY FK_ITEM_SELLER_EMAIL
[EL Fine]: sql: 2015-05-27 11:40:29.264--ServerSession(1379435698)--Thread(Thread[main,5,main])--SELECT 1
[EL Warning]: 2015-05-27 11:40:29.267--ServerSession(1379435698)--Thread(Thread[main,5,main])--Exception [EclipseLink-4002] (Eclipse Persistence Services - 2.6.0.v20150210-f44015d): org.eclipse.persistence.exceptions.DatabaseException
Internal Exception: com.mysql.jdbc.exceptions.jdbc4.MySQLSyntaxErrorException: Can&apos;t DROP &apos;FK_ITEM_SELLER_EMAIL&apos;; check that column/key exists
Error Code: 1091
Call: ALTER TABLE ITEM DROP FOREIGN KEY FK_ITEM_SELLER_EMAIL
Query: DataModifyQuery(sql=&quot;ALTER TABLE ITEM DROP FOREIGN KEY FK_ITEM_SELLER_EMAIL&quot;)
[EL Fine]: sql: 2015-05-27 11:40:29.269--ServerSession(1379435698)--Connection(1403780103)--Thread(Thread[main,5,main])--ALTER TABLE ITEM DROP FOREIGN KEY FK_ITEM_HIGHEST_ID
[EL Fine]: sql: 2015-05-27 11:40:29.274--ServerSession(1379435698)--Thread(Thread[main,5,main])--SELECT 1
[EL Warning]: 2015-05-27 11:40:29.275--ServerSession(1379435698)--Thread(Thread[main,5,main])--Exception [EclipseLink-4002] (Eclipse Persistence Services - 2.6.0.v20150210-f44015d): org.eclipse.persistence.exceptions.DatabaseException
Internal Exception: com.mysql.jdbc.exceptions.jdbc4.MySQLSyntaxErrorException: Can&apos;t DROP &apos;FK_ITEM_HIGHEST_ID&apos;; check that column/key exists
Error Code: 1091
Call: ALTER TABLE ITEM DROP FOREIGN KEY FK_ITEM_HIGHEST_ID
Query: DataModifyQuery(sql=&quot;ALTER TABLE ITEM DROP FOREIGN KEY FK_ITEM_HIGHEST_ID&quot;)
[EL Fine]: sql: 2015-05-27 11:40:29.275--ServerSession(1379435698)--Connection(1403780103)--Thread(Thread[main,5,main])--ALTER TABLE BID DROP FOREIGN KEY FK_BID_BUYER_EMAIL
[EL Fine]: sql: 2015-05-27 11:40:29.296--ServerSession(1379435698)--Thread(Thread[main,5,main])--SELECT 1
[EL Warning]: 2015-05-27 11:40:29.296--ServerSession(1379435698)--Thread(Thread[main,5,main])--Exception [EclipseLink-4002] (Eclipse Persistence Services - 2.6.0.v20150210-f44015d): org.eclipse.persistence.exceptions.DatabaseException
Internal Exception: com.mysql.jdbc.exceptions.jdbc4.MySQLSyntaxErrorException: Can&apos;t DROP &apos;FK_BID_BUYER_EMAIL&apos;; check that column/key exists
Error Code: 1091
Call: ALTER TABLE BID DROP FOREIGN KEY FK_BID_BUYER_EMAIL
Query: DataModifyQuery(sql=&quot;ALTER TABLE BID DROP FOREIGN KEY FK_BID_BUYER_EMAIL&quot;)
[EL Fine]: sql: 2015-05-27 11:40:29.297--ServerSession(1379435698)--Connection(1403780103)--Thread(Thread[main,5,main])--ALTER TABLE BID DROP FOREIGN KEY FK_BID_ITEM_ID
[EL Fine]: sql: 2015-05-27 11:40:29.31--ServerSession(1379435698)--Thread(Thread[main,5,main])--SELECT 1
[EL Warning]: 2015-05-27 11:40:29.312--ServerSession(1379435698)--Thread(Thread[main,5,main])--Exception [EclipseLink-4002] (Eclipse Persistence Services - 2.6.0.v20150210-f44015d): org.eclipse.persistence.exceptions.DatabaseException
Internal Exception: com.mysql.jdbc.exceptions.jdbc4.MySQLSyntaxErrorException: Can&apos;t DROP &apos;FK_BID_ITEM_ID&apos;; check that column/key exists
Error Code: 1091
Call: ALTER TABLE BID DROP FOREIGN KEY FK_BID_ITEM_ID
Query: DataModifyQuery(sql=&quot;ALTER TABLE BID DROP FOREIGN KEY FK_BID_ITEM_ID&quot;)
[EL Fine]: sql: 2015-05-27 11:40:29.312--ServerSession(1379435698)--Connection(1403780103)--Thread(Thread[main,5,main])--ALTER TABLE PAINTING DROP FOREIGN KEY FK_PAINTING_ID
[EL Fine]: sql: 2015-05-27 11:40:29.34--ServerSession(1379435698)--Connection(1403780103)--Thread(Thread[main,5,main])--ALTER TABLE FURNITURE DROP FOREIGN KEY FK_FURNITURE_ID
[EL Fine]: sql: 2015-05-27 11:40:29.347--ServerSession(1379435698)--Connection(1403780103)--Thread(Thread[main,5,main])--DROP TABLE USER
[EL Fine]: sql: 2015-05-27 11:40:29.348--ServerSession(1379435698)--Thread(Thread[main,5,main])--SELECT 1
[EL Warning]: 2015-05-27 11:40:29.348--ServerSession(1379435698)--Thread(Thread[main,5,main])--Exception [EclipseLink-4002] (Eclipse Persistence Services - 2.6.0.v20150210-f44015d): org.eclipse.persistence.exceptions.DatabaseException
Internal Exception: com.mysql.jdbc.exceptions.jdbc4.MySQLSyntaxErrorException: Unknown table &apos;se42.user&apos;
Error Code: 1051
Call: DROP TABLE USER
Query: DataModifyQuery(sql=&quot;DROP TABLE USER&quot;)
[EL Fine]: sql: 2015-05-27 11:40:29.348--ServerSession(1379435698)--Connection(1403780103)--Thread(Thread[main,5,main])--DROP TABLE ITEM
[EL Fine]: sql: 2015-05-27 11:40:29.355--ServerSession(1379435698)--Connection(1403780103)--Thread(Thread[main,5,main])--DROP TABLE BID
[EL Fine]: sql: 2015-05-27 11:40:29.361--ServerSession(1379435698)--Connection(1403780103)--Thread(Thread[main,5,main])--DROP TABLE CATEGORY
[EL Fine]: sql: 2015-05-27 11:40:29.368--ServerSession(1379435698)--Connection(1403780103)--Thread(Thread[main,5,main])--DROP TABLE PAINTING
[EL Fine]: sql: 2015-05-27 11:40:29.374--ServerSession(1379435698)--Connection(1403780103)--Thread(Thread[main,5,main])--DROP TABLE FURNITURE
[EL Fine]: sql: 2015-05-27 11:40:29.382--ServerSession(1379435698)--Connection(1403780103)--Thread(Thread[main,5,main])--DROP TABLE USER
[EL Fine]: sql: 2015-05-27 11:40:29.382--ServerSession(1379435698)--Thread(Thread[main,5,main])--SELECT 1
[EL Warning]: 2015-05-27 11:40:29.383--ServerSession(1379435698)--Thread(Thread[main,5,main])--Exception [EclipseLink-4002] (Eclipse Persistence Services - 2.6.0.v20150210-f44015d): org.eclipse.persistence.exceptions.DatabaseException
Internal Exception: com.mysql.jdbc.exceptions.jdbc4.MySQLSyntaxErrorException: Unknown table &apos;se42.user&apos;
Error Code: 1051
Call: DROP TABLE USER
Query: DataModifyQuery(sql=&quot;DROP TABLE USER&quot;)
[EL Fine]: sql: 2015-05-27 11:40:29.383--ServerSession(1379435698)--Connection(1403780103)--Thread(Thread[main,5,main])--DROP TABLE USER
[EL Fine]: sql: 2015-05-27 11:40:29.384--ServerSession(1379435698)--Thread(Thread[main,5,main])--SELECT 1
[EL Warning]: 2015-05-27 11:40:29.384--ServerSession(1379435698)--Thread(Thread[main,5,main])--Exception [EclipseLink-4002] (Eclipse Persistence Services - 2.6.0.v20150210-f44015d): org.eclipse.persistence.exceptions.DatabaseException
Internal Exception: com.mysql.jdbc.exceptions.jdbc4.MySQLSyntaxErrorException: Unknown table &apos;se42.user&apos;
Error Code: 1051
Call: DROP TABLE USER
Query: DataModifyQuery(sql=&quot;DROP TABLE USER&quot;)
[EL Fine]: sql: 2015-05-27 11:40:29.385--ServerSession(1379435698)--Connection(1403780103)--Thread(Thread[main,5,main])--DROP TABLE USER
[EL Fine]: sql: 2015-05-27 11:40:29.385--ServerSession(1379435698)--Thread(Thread[main,5,main])--SELECT 1
[EL Warning]: 2015-05-27 11:40:29.386--ServerSession(1379435698)--Thread(Thread[main,5,main])--Exception [EclipseLink-4002] (Eclipse Persistence Services - 2.6.0.v20150210-f44015d): org.eclipse.persistence.exceptions.DatabaseException
Internal Exception: com.mysql.jdbc.exceptions.jdbc4.MySQLSyntaxErrorException: Unknown table &apos;se42.user&apos;
Error Code: 1051
Call: DROP TABLE USER
Query: DataModifyQuery(sql=&quot;DROP TABLE USER&quot;)
[EL Fine]: sql: 2015-05-27 11:40:29.386--ServerSession(1379435698)--Connection(1403780103)--Thread(Thread[main,5,main])--DROP TABLE USER
[EL Fine]: sql: 2015-05-27 11:40:29.387--ServerSession(1379435698)--Thread(Thread[main,5,main])--SELECT 1
[EL Warning]: 2015-05-27 11:40:29.387--ServerSession(1379435698)--Thread(Thread[main,5,main])--Exception [EclipseLink-4002] (Eclipse Persistence Services - 2.6.0.v20150210-f44015d): org.eclipse.persistence.exceptions.DatabaseException
Internal Exception: com.mysql.jdbc.exceptions.jdbc4.MySQLSyntaxErrorException: Unknown table &apos;se42.user&apos;
Error Code: 1051
Call: DROP TABLE USER
Query: DataModifyQuery(sql=&quot;DROP TABLE USER&quot;)
[EL Fine]: sql: 2015-05-27 11:40:29.387--ServerSession(1379435698)--Connection(1403780103)--Thread(Thread[main,5,main])--CREATE TABLE USER (EMAIL VARCHAR(255) NOT NULL, PRIMARY KEY (EMAIL))
[EL Fine]: sql: 2015-05-27 11:40:29.395--ServerSession(1379435698)--Thread(Thread[main,5,main])--SELECT 1
[EL Warning]: 2015-05-27 11:40:29.395--ServerSession(1379435698)--Thread(Thread[main,5,main])--Exception [EclipseLink-4002] (Eclipse Persistence Services - 2.6.0.v20150210-f44015d): org.eclipse.persistence.exceptions.DatabaseException
Internal Exception: java.sql.SQLException: Tablespace for table &apos;`se42`.`user`&apos; exists. Please DISCARD the tablespace before IMPORT.
Error Code: 1813
Call: CREATE TABLE USER (EMAIL VARCHAR(255) NOT NULL, PRIMARY KEY (EMAIL))
Query: DataModifyQuery(sql=&quot;CREATE TABLE USER (EMAIL VARCHAR(255) NOT NULL, PRIMARY KEY (EMAIL))&quot;)
[EL Fine]: sql: 2015-05-27 11:40:29.396--ServerSession(1379435698)--Connection(1403780103)--Thread(Thread[main,5,main])--CREATE TABLE ITEM (ID BIGINT NOT NULL, DTYPE VARCHAR(31), DESCRIPTION VARCHAR(255), CATEGORY_DESCRIPTION VARCHAR(255), SELLER_EMAIL VARCHAR(255), HIGHEST_ID BIGINT, PRIMARY KEY (ID))
[EL Fine]: sql: 2015-05-27 11:40:29.409--ServerSession(1379435698)--Connection(1403780103)--Thread(Thread[main,5,main])--CREATE TABLE BID (ID BIGINT NOT NULL, TIME LONGBLOB, CENTS BIGINT, CURRENCY VARCHAR(255), BUYER_EMAIL VARCHAR(255), ITEM_ID BIGINT NOT NULL, PRIMARY KEY (ID))
[EL Fine]: sql: 2015-05-27 11:40:29.457--ServerSession(1379435698)--Connection(1403780103)--Thread(Thread[main,5,main])--CREATE TABLE CATEGORY (DESCRIPTION VARCHAR(255) NOT NULL, PRIMARY KEY (DESCRIPTION))
[EL Fine]: sql: 2015-05-27 11:40:29.491--ServerSession(1379435698)--Connection(1403780103)--Thread(Thread[main,5,main])--CREATE TABLE PAINTING (ID BIGINT NOT NULL, PAINTER VARCHAR(255), TITLE VARCHAR(255), PRIMARY KEY (ID))
[EL Fine]: sql: 2015-05-27 11:40:29.504--ServerSession(1379435698)--Connection(1403780103)--Thread(Thread[main,5,main])--CREATE TABLE FURNITURE (ID BIGINT NOT NULL, MATERIAL VARCHAR(255), PRIMARY KEY (ID))
[EL Fine]: sql: 2015-05-27 11:40:29.595--ServerSession(1379435698)--Connection(1403780103)--Thread(Thread[main,5,main])--ALTER TABLE ITEM ADD CONSTRAINT FK_ITEM_CATEGORY_DESCRIPTION FOREIGN KEY (CATEGORY_DESCRIPTION) REFERENCES CATEGORY (DESCRIPTION)
[EL Fine]: sql: 2015-05-27 11:40:29.627--ServerSession(1379435698)--Connection(1403780103)--Thread(Thread[main,5,main])--ALTER TABLE ITEM ADD CONSTRAINT FK_ITEM_SELLER_EMAIL FOREIGN KEY (SELLER_EMAIL) REFERENCES USER (EMAIL)
[EL Fine]: sql: 2015-05-27 11:40:29.677--ServerSession(1379435698)--Thread(Thread[main,5,main])--SELECT 1
[EL Warning]: 2015-05-27 11:40:29.678--ServerSession(1379435698)--Thread(Thread[main,5,main])--Exception [EclipseLink-4002] (Eclipse Persistence Services - 2.6.0.v20150210-f44015d): org.eclipse.persistence.exceptions.DatabaseException
Internal Exception: java.sql.SQLException: Cannot add foreign key constraint
Error Code: 1215
Call: ALTER TABLE ITEM ADD CONSTRAINT FK_ITEM_SELLER_EMAIL FOREIGN KEY (SELLER_EMAIL) REFERENCES USER (EMAIL)
Query: DataModifyQuery(sql=&quot;ALTER TABLE ITEM ADD CONSTRAINT FK_ITEM_SELLER_EMAIL FOREIGN KEY (SELLER_EMAIL) REFERENCES USER (EMAIL)&quot;)
[EL Fine]: sql: 2015-05-27 11:40:29.678--ServerSession(1379435698)--Connection(1403780103)--Thread(Thread[main,5,main])--ALTER TABLE BID ADD CONSTRAINT FK_BID_BUYER_EMAIL FOREIGN KEY (BUYER_EMAIL) REFERENCES USER (EMAIL)
[EL Fine]: sql: 2015-05-27 11:40:29.944--ServerSession(1379435698)--Thread(Thread[main,5,main])--SELECT 1
[EL Warning]: 2015-05-27 11:40:29.945--ServerSession(1379435698)--Thread(Thread[main,5,main])--Exception [EclipseLink-4002] (Eclipse Persistence Services - 2.6.0.v20150210-f44015d): org.eclipse.persistence.exceptions.DatabaseException
Internal Exception: java.sql.SQLException: Cannot add foreign key constraint
Error Code: 1215
Call: ALTER TABLE BID ADD CONSTRAINT FK_BID_BUYER_EMAIL FOREIGN KEY (BUYER_EMAIL) REFERENCES USER (EMAIL)
Query: DataModifyQuery(sql=&quot;ALTER TABLE BID ADD CONSTRAINT FK_BID_BUYER_EMAIL FOREIGN KEY (BUYER_EMAIL) REFERENCES USER (EMAIL)&quot;)
[EL Fine]: sql: 2015-05-27 11:40:29.945--ServerSession(1379435698)--Connection(1403780103)--Thread(Thread[main,5,main])--ALTER TABLE PAINTING ADD CONSTRAINT FK_PAINTING_ID FOREIGN KEY (ID) REFERENCES ITEM (ID)
[EL Fine]: sql: 2015-05-27 11:40:30.638--ServerSession(1379435698)--Connection(1403780103)--Thread(Thread[main,5,main])--ALTER TABLE FURNITURE ADD CONSTRAINT FK_FURNITURE_ID FOREIGN KEY (ID) REFERENCES ITEM (ID)
[EL Fine]: sql: 2015-05-27 11:40:30.687--ServerSession(1379435698)--Connection(1403780103)--Thread(Thread[main,5,main])--CREATE TABLE SEQUENCE (SEQ_NAME VARCHAR(50) NOT NULL, SEQ_COUNT DECIMAL(38), PRIMARY KEY (SEQ_NAME))
[EL Fine]: sql: 2015-05-27 11:40:30.747--ServerSession(1379435698)--Connection(1403780103)--Thread(Thread[main,5,main])--DELETE FROM SEQUENCE WHERE SEQ_NAME = &apos;SEQ_GEN&apos;
[EL Fine]: sql: 2015-05-27 11:40:30.748--ServerSession(1379435698)--Connection(1403780103)--Thread(Thread[main,5,main])--SELECT * FROM SEQUENCE WHERE SEQ_NAME = &apos;SEQ_GEN&apos;
[EL Fine]: sql: 2015-05-27 11:40:30.75--ServerSession(1379435698)--Connection(1403780103)--Thread(Thread[main,5,main])--INSERT INTO SEQUENCE(SEQ_NAME, SEQ_COUNT) values (&apos;SEQ_GEN&apos;, 0)
[EL Fine]: sql: 2015-05-27 11:40:30.753--ServerSession(1379435698)--Connection(1403780103)--Thread(Thread[main,5,main])--DELETE FROM SEQUENCE WHERE SEQ_NAME = &apos;SEQ_GEN_TABLE&apos;
[EL Fine]: sql: 2015-05-27 11:40:30.753--ServerSession(1379435698)--Connection(1403780103)--Thread(Thread[main,5,main])--SELECT * FROM SEQUENCE WHERE SEQ_NAME = &apos;SEQ_GEN_TABLE&apos;
[EL Fine]: sql: 2015-05-27 11:40:30.755--ServerSession(1379435698)--Connection(1403780103)--Thread(Thread[main,5,main])--INSERT INTO SEQUENCE(SEQ_NAME, SEQ_COUNT) values (&apos;SEQ_GEN_TABLE&apos;, 0)
[EL Fine]: sql: 2015-05-27 11:40:30.9--ClientSession(1329572464)--Connection(1403780103)--Thread(Thread[main,5,main])--SET FOREIGN_KEY_CHECKS=0;
[EL Fine]: sql: 2015-05-27 11:40:31.112--ClientSession(1329572464)--Connection(1403780103)--Thread(Thread[main,5,main])--DELETE FROM USER
[EL Fine]: sql: 2015-05-27 11:40:31.113--ClientSession(1329572464)--Thread(Thread[main,5,main])--SELECT 1
[EL Warning]: 2015-05-27 11:40:31.114--UnitOfWork(1919497442)--Thread(Thread[main,5,main])--Exception [EclipseLink-4002] (Eclipse Persistence Services - 2.6.0.v20150210-f44015d): org.eclipse.persistence.exceptions.DatabaseException
Internal Exception: com.mysql.jdbc.exceptions.jdbc4.MySQLSyntaxErrorException: Table &apos;se42.user&apos; doesn&apos;t exist
Error Code: 1146
Call: DELETE FROM USER
Query: DeleteAllQuery(referenceClass=User sql=&quot;DELETE FROM USER&quot;)
</system-out>
  </testcase>
</testsuite>